[ 2018-04-02T23:01:36+08:00 ] 121.69.5.22 /heartwaves/index.php
INFO: [ app_init ] --START--
INFO: Run Behavior\BuildLiteBehavior [ RunTime:0.000012s ]
INFO: [ app_init ] --END-- [ RunTime:0.000206s ]
INFO: [ app_begin ] --START--
INFO: Run Behavior\ReadHtmlCacheBehavior [ RunTime:0.000275s ]
INFO: [ app_begin ] --END-- [ RunTime:0.000308s ]
ERR: 无法加载控制器:Index

[ 2018-04-02T23:01:45+08:00 ] 121.69.5.22 /heartwaves/index.php
INFO: [ app_init ] --START--
INFO: Run Behavior\BuildLiteBehavior [ RunTime:0.000012s ]
INFO: [ app_init ] --END-- [ RunTime:0.000239s ]
INFO: [ app_begin ] --START--
INFO: Run Behavior\ReadHtmlCacheBehavior [ RunTime:0.000247s ]
INFO: [ app_begin ] --END-- [ RunTime:0.000294s ]
ERR: 无法加载控制器:Index

[ 2018-04-02T23:08:08+08:00 ] 120.204.17.70 /heartwaves/index.php?m=Home&c=Apiuserr&a=stoprecord
INFO: [ app_init ] --START--
INFO: Run Behavior\BuildLiteBehavior [ RunTime:0.000011s ]
INFO: [ app_init ] --END-- [ RunTime:0.000192s ]
INFO: [ app_begin ] --START--
INFO: Run Behavior\ReadHtmlCacheBehavior [ RunTime:0.000251s ]
INFO: [ app_begin ] --END-- [ RunTime:0.000282s ]
SQL: SHOW COLUMNS FROM `h_fenlei` [ RunTime:0.0006s ]
SQL: SELECT * FROM `h_fenlei` WHERE ( fid = 0 )  [ RunTime:0.0006s ]
SQL: SELECT * FROM `h_fenlei` WHERE ( fid != 0 )  [ RunTime:0.0009s ]
SQL: SHOW COLUMNS FROM `h_site` [ RunTime:0.0005s ]
SQL: SELECT * FROM `h_site` WHERE `id` = 1 LIMIT 1   [ RunTime:0.0004s ]
SQL: SHOW COLUMNS FROM `h_email_set` [ RunTime:0.0005s ]
SQL: SELECT * FROM `h_email_set` WHERE `id` = 1 LIMIT 1   [ RunTime:0.0003s ]

[ 2018-04-02T23:08:44+08:00 ] 120.204.17.67 /heartwaves/index.php?m=Home&c=Apiuserr&a=indexautho&id=1
INFO: [ app_init ] --START--
INFO: Run Behavior\BuildLiteBehavior [ RunTime:0.000012s ]
INFO: [ app_init ] --END-- [ RunTime:0.000224s ]
INFO: [ app_begin ] --START--
INFO: Run Behavior\ReadHtmlCacheBehavior [ RunTime:0.000299s ]
INFO: [ app_begin ] --END-- [ RunTime:0.000333s ]
SQL: SHOW COLUMNS FROM `h_fenlei` [ RunTime:0.0006s ]
SQL: SELECT * FROM `h_fenlei` WHERE ( fid = 0 )  [ RunTime:0.0004s ]
SQL: SELECT * FROM `h_fenlei` WHERE ( fid != 0 )  [ RunTime:0.0004s ]
SQL: SHOW COLUMNS FROM `h_site` [ RunTime:0.0005s ]
SQL: SELECT * FROM `h_site` WHERE `id` = 1 LIMIT 1   [ RunTime:0.0003s ]
SQL: SHOW COLUMNS FROM `h_email_set` [ RunTime:0.0005s ]
SQL: SELECT * FROM `h_email_set` WHERE `id` = 1 LIMIT 1   [ RunTime:0.0003s ]
SQL: SELECT `id`,`name` FROM `h_fenlei` WHERE ( fid = 0 )  [ RunTime:0.0003s ]
SQL: SELECT `id`,`name` FROM `h_fenlei` WHERE ( fid = 1 )  [ RunTime:0.0003s ]
SQL: SELECT `id`,`name` FROM `h_fenlei` WHERE ( fid = 2 )  [ RunTime:0.0003s ]
SQL: SELECT `id`,`name` FROM `h_fenlei` WHERE ( fid = 3 )  [ RunTime:0.0004s ]
SQL: SELECT `id`,`name` FROM `h_fenlei` WHERE ( fid = 4 )  [ RunTime:0.0003s ]
SQL: SELECT `id`,`name` FROM `h_fenlei` WHERE ( fid = 5 )  [ RunTime:0.0003s ]
SQL: SELECT `id`,`name` FROM `h_fenlei` WHERE ( fid = 43 )  [ RunTime:0.0003s ]
SQL: SELECT `id`,`name` FROM `h_fenlei` WHERE ( fid = 44 )  [ RunTime:0.0003s ]
SQL: SELECT `id`,`name` FROM `h_fenlei` WHERE ( fid = 6 )  [ RunTime:0.0003s ]
SQL: SELECT `id`,`name` FROM `h_fenlei` WHERE ( fid = 7 )  [ RunTime:0.0006s ]
SQL: SELECT `id`,`name` FROM `h_fenlei` WHERE ( fid = 8 )  [ RunTime:0.0003s ]
SQL: SELECT `id`,`name` FROM `h_fenlei` WHERE ( fid = 9 )  [ RunTime:0.0003s ]
SQL: SELECT `id`,`name` FROM `h_fenlei` WHERE ( fid = 12 )  [ RunTime:0.0003s ]
SQL: SHOW COLUMNS FROM `h_user` [ RunTime:0.0006s ]
SQL: SELECT `groups` FROM `h_user` WHERE ( id = '1' ) LIMIT 1   [ RunTime:0.0003s ]
SQL: SHOW COLUMNS FROM `h_organization` [ RunTime:0.0004s ]
SQL: SELECT `js_name` FROM `h_organization` WHERE ( name = '' ) LIMIT 1   [ RunTime:0.0003s ]
SQL: SHOW COLUMNS FROM `h_js` [ RunTime:0.0005s ]
SQL: SELECT `fid` FROM `h_js` WHERE ( name = '' ) LIMIT 1   [ RunTime:0.0003s ]

[ 2018-04-02T23:11:51+08:00 ] 183.3.239.171 /heartwaves/index.php?m=Home&c=Apiuserr&a=indexautho&id=1
INFO: [ app_init ] --START--
INFO: Run Behavior\BuildLiteBehavior [ RunTime:0.000012s ]
INFO: [ app_init ] --END-- [ RunTime:0.000203s ]
INFO: [ app_begin ] --START--
INFO: Run Behavior\ReadHtmlCacheBehavior [ RunTime:0.000380s ]
INFO: [ app_begin ] --END-- [ RunTime:0.000414s ]
SQL: SHOW COLUMNS FROM `h_fenlei` [ RunTime:0.0006s ]
SQL: SELECT * FROM `h_fenlei` WHERE ( fid = 0 )  [ RunTime:0.0004s ]
SQL: SELECT * FROM `h_fenlei` WHERE ( fid != 0 )  [ RunTime:0.0004s ]
SQL: SHOW COLUMNS FROM `h_site` [ RunTime:0.0005s ]
SQL: SELECT * FROM `h_site` WHERE `id` = 1 LIMIT 1   [ RunTime:0.0003s ]
SQL: SHOW COLUMNS FROM `h_email_set` [ RunTime:0.0005s ]
SQL: SELECT * FROM `h_email_set` WHERE `id` = 1 LIMIT 1   [ RunTime:0.0003s ]
SQL: SELECT `id`,`name` FROM `h_fenlei` WHERE ( fid = 0 )  [ RunTime:0.0003s ]
SQL: SELECT `id`,`name` FROM `h_fenlei` WHERE ( fid = 1 )  [ RunTime:0.0003s ]
SQL: SELECT `id`,`name` FROM `h_fenlei` WHERE ( fid = 2 )  [ RunTime:0.0003s ]
SQL: SELECT `id`,`name` FROM `h_fenlei` WHERE ( fid = 3 )  [ RunTime:0.0003s ]
SQL: SELECT `id`,`name` FROM `h_fenlei` WHERE ( fid = 4 )  [ RunTime:0.0003s ]
SQL: SELECT `id`,`name` FROM `h_fenlei` WHERE ( fid = 5 )  [ RunTime:0.0003s ]
SQL: SELECT `id`,`name` FROM `h_fenlei` WHERE ( fid = 43 )  [ RunTime:0.0003s ]
SQL: SELECT `id`,`name` FROM `h_fenlei` WHERE ( fid = 44 )  [ RunTime:0.0003s ]
SQL: SELECT `id`,`name` FROM `h_fenlei` WHERE ( fid = 6 )  [ RunTime:0.0003s ]
SQL: SELECT `id`,`name` FROM `h_fenlei` WHERE ( fid = 7 )  [ RunTime:0.0003s ]
SQL: SELECT `id`,`name` FROM `h_fenlei` WHERE ( fid = 8 )  [ RunTime:0.0003s ]
SQL: SELECT `id`,`name` FROM `h_fenlei` WHERE ( fid = 9 )  [ RunTime:0.0003s ]
SQL: SELECT `id`,`name` FROM `h_fenlei` WHERE ( fid = 12 )  [ RunTime:0.0003s ]
SQL: SHOW COLUMNS FROM `h_user` [ RunTime:0.0006s ]
SQL: SELECT `groups` FROM `h_user` WHERE ( id = '1' ) LIMIT 1   [ RunTime:0.0003s ]
SQL: SHOW COLUMNS FROM `h_organization` [ RunTime:0.0004s ]
SQL: SELECT `js_name` FROM `h_organization` WHERE ( name = '' ) LIMIT 1   [ RunTime:0.0003s ]
SQL: SHOW COLUMNS FROM `h_js` [ RunTime:0.0004s ]
SQL: SELECT `fid` FROM `h_js` WHERE ( name = '' ) LIMIT 1   [ RunTime:0.0003s ]

[ 2018-04-02T23:12:16+08:00 ] 121.69.14.170 /heartwaves/index.php?m=Home&c=Apiuserr&a=indexautho&id=1
INFO: [ app_init ] --START--
INFO: Run Behavior\BuildLiteBehavior [ RunTime:0.000016s ]
INFO: [ app_init ] --END-- [ RunTime:0.000283s ]
INFO: [ app_begin ] --START--
INFO: Run Behavior\ReadHtmlCacheBehavior [ RunTime:0.000319s ]
INFO: [ app_begin ] --END-- [ RunTime:0.000352s ]
SQL: SHOW COLUMNS FROM `h_fenlei` [ RunTime:0.0006s ]
SQL: SELECT * FROM `h_fenlei` WHERE ( fid = 0 )  [ RunTime:0.0004s ]
SQL: SELECT * FROM `h_fenlei` WHERE ( fid != 0 )  [ RunTime:0.0004s ]
SQL: SHOW COLUMNS FROM `h_site` [ RunTime:0.0005s ]
SQL: SELECT * FROM `h_site` WHERE `id` = 1 LIMIT 1   [ RunTime:0.0004s ]
SQL: SHOW COLUMNS FROM `h_email_set` [ RunTime:0.0005s ]
SQL: SELECT * FROM `h_email_set` WHERE `id` = 1 LIMIT 1   [ RunTime:0.0003s ]
SQL: SELECT `id`,`name` FROM `h_fenlei` WHERE ( fid = 0 )  [ RunTime:0.0004s ]
SQL: SELECT `id`,`name` FROM `h_fenlei` WHERE ( fid = 1 )  [ RunTime:0.0003s ]
SQL: SELECT `id`,`name` FROM `h_fenlei` WHERE ( fid = 2 )  [ RunTime:0.0003s ]
SQL: SELECT `id`,`name` FROM `h_fenlei` WHERE ( fid = 3 )  [ RunTime:0.0003s ]
SQL: SELECT `id`,`name` FROM `h_fenlei` WHERE ( fid = 4 )  [ RunTime:0.0003s ]
SQL: SELECT `id`,`name` FROM `h_fenlei` WHERE ( fid = 5 )  [ RunTime:0.0003s ]
SQL: SELECT `id`,`name` FROM `h_fenlei` WHERE ( fid = 43 )  [ RunTime:0.0003s ]
SQL: SELECT `id`,`name` FROM `h_fenlei` WHERE ( fid = 44 )  [ RunTime:0.0003s ]
SQL: SELECT `id`,`name` FROM `h_fenlei` WHERE ( fid = 6 )  [ RunTime:0.0003s ]
SQL: SELECT `id`,`name` FROM `h_fenlei` WHERE ( fid = 7 )  [ RunTime:0.0003s ]
SQL: SELECT `id`,`name` FROM `h_fenlei` WHERE ( fid = 8 )  [ RunTime:0.0003s ]
SQL: SELECT `id`,`name` FROM `h_fenlei` WHERE ( fid = 9 )  [ RunTime:0.0003s ]
SQL: SELECT `id`,`name` FROM `h_fenlei` WHERE ( fid = 12 )  [ RunTime:0.0003s ]
SQL: SHOW COLUMNS FROM `h_user` [ RunTime:0.0006s ]
SQL: SELECT `groups` FROM `h_user` WHERE ( id = '1' ) LIMIT 1   [ RunTime:0.0003s ]
SQL: SHOW COLUMNS FROM `h_organization` [ RunTime:0.0004s ]
SQL: SELECT `js_name` FROM `h_organization` WHERE ( name = '' ) LIMIT 1   [ RunTime:0.0003s ]
SQL: SHOW COLUMNS FROM `h_js` [ RunTime:0.0004s ]
SQL: SELECT `fid` FROM `h_js` WHERE ( name = '' ) LIMIT 1   [ RunTime:0.0003s ]

[ 2018-04-02T23:15:52+08:00 ] 121.69.8.114 /heartwaves/index.php?m=Home&c=Apiuserr&a=indexautho&id=432
INFO: [ app_init ] --START--
INFO: Run Behavior\BuildLiteBehavior [ RunTime:0.000011s ]
INFO: [ app_init ] --END-- [ RunTime:0.000212s ]
INFO: [ app_begin ] --START--
INFO: Run Behavior\ReadHtmlCacheBehavior [ RunTime:0.000255s ]
INFO: [ app_begin ] --END-- [ RunTime:0.000289s ]
SQL: SHOW COLUMNS FROM `h_fenlei` [ RunTime:0.0006s ]
SQL: SELECT * FROM `h_fenlei` WHERE ( fid = 0 )  [ RunTime:0.0004s ]
SQL: SELECT * FROM `h_fenlei` WHERE ( fid != 0 )  [ RunTime:0.0004s ]
SQL: SHOW COLUMNS FROM `h_site` [ RunTime:0.0005s ]
SQL: SELECT * FROM `h_site` WHERE `id` = 1 LIMIT 1   [ RunTime:0.0004s ]
SQL: SHOW COLUMNS FROM `h_email_set` [ RunTime:0.0005s ]
SQL: SELECT * FROM `h_email_set` WHERE `id` = 1 LIMIT 1   [ RunTime:0.0003s ]
SQL: SELECT `id`,`name` FROM `h_fenlei` WHERE ( fid = 0 )  [ RunTime:0.0004s ]
SQL: SELECT `id`,`name` FROM `h_fenlei` WHERE ( fid = 1 )  [ RunTime:0.0003s ]
SQL: SELECT `id`,`name` FROM `h_fenlei` WHERE ( fid = 2 )  [ RunTime:0.0003s ]
SQL: SELECT `id`,`name` FROM `h_fenlei` WHERE ( fid = 3 )  [ RunTime:0.0003s ]
SQL: SELECT `id`,`name` FROM `h_fenlei` WHERE ( fid = 4 )  [ RunTime:0.0004s ]
SQL: SELECT `id`,`name` FROM `h_fenlei` WHERE ( fid = 5 )  [ RunTime:0.0004s ]
SQL: SELECT `id`,`name` FROM `h_fenlei` WHERE ( fid = 43 )  [ RunTime:0.0004s ]
SQL: SELECT `id`,`name` FROM `h_fenlei` WHERE ( fid = 44 )  [ RunTime:0.0003s ]
SQL: SELECT `id`,`name` FROM `h_fenlei` WHERE ( fid = 6 )  [ RunTime:0.0003s ]
SQL: SELECT `id`,`name` FROM `h_fenlei` WHERE ( fid = 7 )  [ RunTime:0.0003s ]
SQL: SELECT `id`,`name` FROM `h_fenlei` WHERE ( fid = 8 )  [ RunTime:0.0003s ]
SQL: SELECT `id`,`name` FROM `h_fenlei` WHERE ( fid = 9 )  [ RunTime:0.0003s ]
SQL: SELECT `id`,`name` FROM `h_fenlei` WHERE ( fid = 12 )  [ RunTime:0.0003s ]
SQL: SHOW COLUMNS FROM `h_user` [ RunTime:0.0006s ]
SQL: SELECT `groups` FROM `h_user` WHERE ( id = '432' ) LIMIT 1   [ RunTime:0.0003s ]
SQL: SHOW COLUMNS FROM `h_organization` [ RunTime:0.0004s ]
SQL: SELECT `js_name` FROM `h_organization` WHERE ( name = '周六组（注意力）' ) LIMIT 1   [ RunTime:0.0003s ]
SQL: SHOW COLUMNS FROM `h_js` [ RunTime:0.0005s ]
SQL: SELECT `fid` FROM `h_js` WHERE ( name = '管理员' ) LIMIT 1   [ RunTime:0.0003s ]

[ 2018-04-02T23:18:54+08:00 ] 121.69.14.170 /heartwaves/index.php?m=Home&c=Apiuserr&a=indexautho&id=432
INFO: [ app_init ] --START--
INFO: Run Behavior\BuildLiteBehavior [ RunTime:0.000020s ]
INFO: [ app_init ] --END-- [ RunTime:0.000334s ]
INFO: [ app_begin ] --START--
INFO: Run Behavior\ReadHtmlCacheBehavior [ RunTime:0.000714s ]
INFO: [ app_begin ] --END-- [ RunTime:0.000845s ]
SQL: SHOW COLUMNS FROM `h_fenlei` [ RunTime:0.0006s ]
SQL: SELECT * FROM `h_fenlei` WHERE ( fid = 0 )  [ RunTime:0.0004s ]
SQL: SELECT * FROM `h_fenlei` WHERE ( fid != 0 )  [ RunTime:0.0004s ]
SQL: SHOW COLUMNS FROM `h_site` [ RunTime:0.0005s ]
SQL: SELECT * FROM `h_site` WHERE `id` = 1 LIMIT 1   [ RunTime:0.0004s ]
SQL: SHOW COLUMNS FROM `h_email_set` [ RunTime:0.0005s ]
SQL: SELECT * FROM `h_email_set` WHERE `id` = 1 LIMIT 1   [ RunTime:0.0003s ]
SQL: SELECT `id`,`name` FROM `h_fenlei` WHERE ( fid = 0 )  [ RunTime:0.0009s ]
SQL: SELECT `id`,`name` FROM `h_fenlei` WHERE ( fid = 1 )  [ RunTime:0.0003s ]
SQL: SELECT `id`,`name` FROM `h_fenlei` WHERE ( fid = 2 )  [ RunTime:0.0003s ]
SQL: SELECT `id`,`name` FROM `h_fenlei` WHERE ( fid = 3 )  [ RunTime:0.0003s ]
SQL: SELECT `id`,`name` FROM `h_fenlei` WHERE ( fid = 4 )  [ RunTime:0.0003s ]
SQL: SELECT `id`,`name` FROM `h_fenlei` WHERE ( fid = 5 )  [ RunTime:0.0003s ]
SQL: SELECT `id`,`name` FROM `h_fenlei` WHERE ( fid = 43 )  [ RunTime:0.0003s ]
SQL: SELECT `id`,`name` FROM `h_fenlei` WHERE ( fid = 44 )  [ RunTime:0.0003s ]
SQL: SELECT `id`,`name` FROM `h_fenlei` WHERE ( fid = 6 )  [ RunTime:0.0003s ]
SQL: SELECT `id`,`name` FROM `h_fenlei` WHERE ( fid = 7 )  [ RunTime:0.0003s ]
SQL: SELECT `id`,`name` FROM `h_fenlei` WHERE ( fid = 8 )  [ RunTime:0.0003s ]
SQL: SELECT `id`,`name` FROM `h_fenlei` WHERE ( fid = 9 )  [ RunTime:0.0003s ]
SQL: SELECT `id`,`name` FROM `h_fenlei` WHERE ( fid = 12 )  [ RunTime:0.0003s ]
SQL: SHOW COLUMNS FROM `h_user` [ RunTime:0.0005s ]
SQL: SELECT * FROM `h_user` WHERE ( id = '432' )  [ RunTime:0.0004s ]
SQL: SHOW COLUMNS FROM `h_organization` [ RunTime:0.0005s ]
NOTIC: [8] Array to string conversion /data/www/html/heartwaves/Application/Home/Controller/ApiuserrController.class.php 第 199 行.
SQL: SELECT `js_name` FROM `h_organization` WHERE ( name = 'Array'  ) LIMIT 1   [ RunTime:0.0003s ]
SQL: SHOW COLUMNS FROM `h_js` [ RunTime:0.0005s ]
SQL: SELECT `fid` FROM `h_js` WHERE ( name = '' ) LIMIT 1   [ RunTime:0.0003s ]

[ 2018-04-02T23:24:53+08:00 ] 121.69.14.170 /heartwaves/index.php?m=Home&c=Apiuserr&a=indexautho&id=432
INFO: [ app_init ] --START--
INFO: Run Behavior\BuildLiteBehavior [ RunTime:0.000012s ]
INFO: [ app_init ] --END-- [ RunTime:0.000241s ]
INFO: [ app_begin ] --START--
INFO: Run Behavior\ReadHtmlCacheBehavior [ RunTime:0.000258s ]
INFO: [ app_begin ] --END-- [ RunTime:0.000291s ]
SQL: SHOW COLUMNS FROM `h_fenlei` [ RunTime:0.0006s ]
SQL: SELECT * FROM `h_fenlei` WHERE ( fid = 0 )  [ RunTime:0.0004s ]
SQL: SELECT * FROM `h_fenlei` WHERE ( fid != 0 )  [ RunTime:0.0004s ]
SQL: SHOW COLUMNS FROM `h_site` [ RunTime:0.0005s ]
SQL: SELECT * FROM `h_site` WHERE `id` = 1 LIMIT 1   [ RunTime:0.0004s ]
SQL: SHOW COLUMNS FROM `h_email_set` [ RunTime:0.0005s ]
SQL: SELECT * FROM `h_email_set` WHERE `id` = 1 LIMIT 1   [ RunTime:0.0004s ]
SQL: SELECT `id`,`name` FROM `h_fenlei` WHERE ( fid = 0 )  [ RunTime:0.0004s ]
SQL: SELECT `id`,`name` FROM `h_fenlei` WHERE ( fid = 1 )  [ RunTime:0.0003s ]
SQL: SELECT `id`,`name` FROM `h_fenlei` WHERE ( fid = 2 )  [ RunTime:0.0003s ]
SQL: SELECT `id`,`name` FROM `h_fenlei` WHERE ( fid = 3 )  [ RunTime:0.0003s ]
SQL: SELECT `id`,`name` FROM `h_fenlei` WHERE ( fid = 4 )  [ RunTime:0.0003s ]
SQL: SELECT `id`,`name` FROM `h_fenlei` WHERE ( fid = 5 )  [ RunTime:0.0003s ]
SQL: SELECT `id`,`name` FROM `h_fenlei` WHERE ( fid = 43 )  [ RunTime:0.0003s ]
SQL: SELECT `id`,`name` FROM `h_fenlei` WHERE ( fid = 44 )  [ RunTime:0.0003s ]
SQL: SELECT `id`,`name` FROM `h_fenlei` WHERE ( fid = 6 )  [ RunTime:0.0003s ]
SQL: SELECT `id`,`name` FROM `h_fenlei` WHERE ( fid = 7 )  [ RunTime:0.0003s ]
SQL: SELECT `id`,`name` FROM `h_fenlei` WHERE ( fid = 8 )  [ RunTime:0.0003s ]
SQL: SELECT `id`,`name` FROM `h_fenlei` WHERE ( fid = 9 )  [ RunTime:0.0003s ]
SQL: SELECT `id`,`name` FROM `h_fenlei` WHERE ( fid = 12 )  [ RunTime:0.0003s ]
SQL: SHOW COLUMNS FROM `h_user` [ RunTime:0.0006s ]
SQL: SELECT * FROM `h_user` WHERE ( id = '432' )  [ RunTime:0.0004s ]
SQL: SHOW COLUMNS FROM `h_organization` [ RunTime:0.0004s ]
NOTIC: [8] Undefined index: groups /data/www/html/heartwaves/Application/Home/Controller/ApiuserrController.class.php 第 198 行.
NOTIC: [8] Undefined index: jl_id /data/www/html/heartwaves/Application/Home/Controller/ApiuserrController.class.php 第 198 行.
SQL: SELECT * FROM `h_organization` WHERE ( name = '' and jl_id=''  )  [ RunTime:0.0003s ]
SQL: SHOW COLUMNS FROM `h_js` [ RunTime:0.0005s ]
NOTIC: [8] Undefined index: name /data/www/html/heartwaves/Application/Home/Controller/ApiuserrController.class.php 第 200 行.
SQL: SELECT `fid` FROM `h_js` WHERE ( name = '' and jl_id='js[jl_id]'  ) LIMIT 1   [ RunTime:0.0003s ]

[ 2018-04-02T23:25:35+08:00 ] 121.69.14.170 /heartwaves/index.php?m=Home&c=Apiuserr&a=indexautho&id=432
INFO: [ app_init ] --START--
INFO: Run Behavior\BuildLiteBehavior [ RunTime:0.000011s ]
INFO: [ app_init ] --END-- [ RunTime:0.000202s ]
INFO: [ app_begin ] --START--
INFO: Run Behavior\ReadHtmlCacheBehavior [ RunTime:0.000281s ]
INFO: [ app_begin ] --END-- [ RunTime:0.000313s ]
SQL: SHOW COLUMNS FROM `h_fenlei` [ RunTime:0.0006s ]
SQL: SELECT * FROM `h_fenlei` WHERE ( fid = 0 )  [ RunTime:0.0004s ]
SQL: SELECT * FROM `h_fenlei` WHERE ( fid != 0 )  [ RunTime:0.0004s ]
SQL: SHOW COLUMNS FROM `h_site` [ RunTime:0.0005s ]
SQL: SELECT * FROM `h_site` WHERE `id` = 1 LIMIT 1   [ RunTime:0.0003s ]
SQL: SHOW COLUMNS FROM `h_email_set` [ RunTime:0.0005s ]
SQL: SELECT * FROM `h_email_set` WHERE `id` = 1 LIMIT 1   [ RunTime:0.0003s ]
SQL: SELECT `id`,`name` FROM `h_fenlei` WHERE ( fid = 0 )  [ RunTime:0.0003s ]
SQL: SELECT `id`,`name` FROM `h_fenlei` WHERE ( fid = 1 )  [ RunTime:0.0003s ]
SQL: SELECT `id`,`name` FROM `h_fenlei` WHERE ( fid = 2 )  [ RunTime:0.0004s ]
SQL: SELECT `id`,`name` FROM `h_fenlei` WHERE ( fid = 3 )  [ RunTime:0.0003s ]
SQL: SELECT `id`,`name` FROM `h_fenlei` WHERE ( fid = 4 )  [ RunTime:0.0003s ]
SQL: SELECT `id`,`name` FROM `h_fenlei` WHERE ( fid = 5 )  [ RunTime:0.0003s ]
SQL: SELECT `id`,`name` FROM `h_fenlei` WHERE ( fid = 43 )  [ RunTime:0.0003s ]
SQL: SELECT `id`,`name` FROM `h_fenlei` WHERE ( fid = 44 )  [ RunTime:0.0003s ]
SQL: SELECT `id`,`name` FROM `h_fenlei` WHERE ( fid = 6 )  [ RunTime:0.0003s ]
SQL: SELECT `id`,`name` FROM `h_fenlei` WHERE ( fid = 7 )  [ RunTime:0.0004s ]
SQL: SELECT `id`,`name` FROM `h_fenlei` WHERE ( fid = 8 )  [ RunTime:0.0004s ]
SQL: SELECT `id`,`name` FROM `h_fenlei` WHERE ( fid = 9 )  [ RunTime:0.0003s ]
SQL: SELECT `id`,`name` FROM `h_fenlei` WHERE ( fid = 12 )  [ RunTime:0.0004s ]
SQL: SHOW COLUMNS FROM `h_user` [ RunTime:0.0006s ]
SQL: SELECT * FROM `h_user` WHERE ( id = '432' )  [ RunTime:0.0004s ]
SQL: SHOW COLUMNS FROM `h_organization` [ RunTime:0.0005s ]
NOTIC: [8] Undefined index: groups /data/www/html/heartwaves/Application/Home/Controller/ApiuserrController.class.php 第 198 行.
NOTIC: [8] Undefined index: jl_id /data/www/html/heartwaves/Application/Home/Controller/ApiuserrController.class.php 第 198 行.
SQL: SELECT * FROM `h_organization` WHERE ( name = '' and jl_id=''  )  [ RunTime:0.0003s ]

[ 2018-04-02T23:26:25+08:00 ] 121.69.5.22 /heartwaves/index.php?m=Home&c=Apiuserr&a=indexautho&id=432
INFO: [ app_init ] --START--
INFO: Run Behavior\BuildLiteBehavior [ RunTime:0.000012s ]
INFO: [ app_init ] --END-- [ RunTime:0.000204s ]
INFO: [ app_begin ] --START--
INFO: Run Behavior\ReadHtmlCacheBehavior [ RunTime:0.000242s ]
INFO: [ app_begin ] --END-- [ RunTime:0.000273s ]
SQL: SHOW COLUMNS FROM `h_fenlei` [ RunTime:0.0006s ]
SQL: SELECT * FROM `h_fenlei` WHERE ( fid = 0 )  [ RunTime:0.0005s ]
SQL: SELECT * FROM `h_fenlei` WHERE ( fid != 0 )  [ RunTime:0.0004s ]
SQL: SHOW COLUMNS FROM `h_site` [ RunTime:0.0005s ]
SQL: SELECT * FROM `h_site` WHERE `id` = 1 LIMIT 1   [ RunTime:0.0003s ]
SQL: SHOW COLUMNS FROM `h_email_set` [ RunTime:0.0005s ]
SQL: SELECT * FROM `h_email_set` WHERE `id` = 1 LIMIT 1   [ RunTime:0.0003s ]
SQL: SELECT `id`,`name` FROM `h_fenlei` WHERE ( fid = 0 )  [ RunTime:0.0003s ]
SQL: SELECT `id`,`name` FROM `h_fenlei` WHERE ( fid = 1 )  [ RunTime:0.0003s ]
SQL: SELECT `id`,`name` FROM `h_fenlei` WHERE ( fid = 2 )  [ RunTime:0.0003s ]
SQL: SELECT `id`,`name` FROM `h_fenlei` WHERE ( fid = 3 )  [ RunTime:0.0003s ]
SQL: SELECT `id`,`name` FROM `h_fenlei` WHERE ( fid = 4 )  [ RunTime:0.0003s ]
SQL: SELECT `id`,`name` FROM `h_fenlei` WHERE ( fid = 5 )  [ RunTime:0.0003s ]
SQL: SELECT `id`,`name` FROM `h_fenlei` WHERE ( fid = 43 )  [ RunTime:0.0003s ]
SQL: SELECT `id`,`name` FROM `h_fenlei` WHERE ( fid = 44 )  [ RunTime:0.0006s ]
SQL: SELECT `id`,`name` FROM `h_fenlei` WHERE ( fid = 6 )  [ RunTime:0.0003s ]
SQL: SELECT `id`,`name` FROM `h_fenlei` WHERE ( fid = 7 )  [ RunTime:0.0003s ]
SQL: SELECT `id`,`name` FROM `h_fenlei` WHERE ( fid = 8 )  [ RunTime:0.0003s ]
SQL: SELECT `id`,`name` FROM `h_fenlei` WHERE ( fid = 9 )  [ RunTime:0.0003s ]
SQL: SELECT `id`,`name` FROM `h_fenlei` WHERE ( fid = 12 )  [ RunTime:0.0003s ]
SQL: SHOW COLUMNS FROM `h_user` [ RunTime:0.0006s ]
SQL: SELECT * FROM `h_user` WHERE ( id = '432' )  [ RunTime:0.0004s ]
SQL: SHOW COLUMNS FROM `h_organization` [ RunTime:0.0004s ]
NOTIC: [8] Undefined index: groups /data/www/html/heartwaves/Application/Home/Controller/ApiuserrController.class.php 第 199 行.
NOTIC: [8] Undefined index: jl_id /data/www/html/heartwaves/Application/Home/Controller/ApiuserrController.class.php 第 199 行.
SQL: SELECT * FROM `h_organization` WHERE ( name = '' and jl_id=''  )  [ RunTime:0.0003s ]

[ 2018-04-02T23:30:04+08:00 ] 121.69.14.170 /heartwaves/index.php?m=Home&c=Apiuserr&a=indexautho&id=432
INFO: [ app_init ] --START--
INFO: Run Behavior\BuildLiteBehavior [ RunTime:0.000013s ]
INFO: [ app_init ] --END-- [ RunTime:0.000205s ]
INFO: [ app_begin ] --START--
INFO: Run Behavior\ReadHtmlCacheBehavior [ RunTime:0.000262s ]
INFO: [ app_begin ] --END-- [ RunTime:0.000294s ]
SQL: SHOW COLUMNS FROM `h_fenlei` [ RunTime:0.0006s ]
SQL: SELECT * FROM `h_fenlei` WHERE ( fid = 0 )  [ RunTime:0.0004s ]
SQL: SELECT * FROM `h_fenlei` WHERE ( fid != 0 )  [ RunTime:0.0004s ]
SQL: SHOW COLUMNS FROM `h_site` [ RunTime:0.0006s ]
SQL: SELECT * FROM `h_site` WHERE `id` = 1 LIMIT 1   [ RunTime:0.0004s ]
SQL: SHOW COLUMNS FROM `h_email_set` [ RunTime:0.0005s ]
SQL: SELECT * FROM `h_email_set` WHERE `id` = 1 LIMIT 1   [ RunTime:0.0003s ]
SQL: SELECT `id`,`name` FROM `h_fenlei` WHERE ( fid = 0 )  [ RunTime:0.0003s ]
SQL: SELECT `id`,`name` FROM `h_fenlei` WHERE ( fid = 1 )  [ RunTime:0.0003s ]
SQL: SELECT `id`,`name` FROM `h_fenlei` WHERE ( fid = 2 )  [ RunTime:0.0003s ]
SQL: SELECT `id`,`name` FROM `h_fenlei` WHERE ( fid = 3 )  [ RunTime:0.0003s ]
SQL: SELECT `id`,`name` FROM `h_fenlei` WHERE ( fid = 4 )  [ RunTime:0.0003s ]
SQL: SELECT `id`,`name` FROM `h_fenlei` WHERE ( fid = 5 )  [ RunTime:0.0003s ]
SQL: SELECT `id`,`name` FROM `h_fenlei` WHERE ( fid = 43 )  [ RunTime:0.0003s ]
SQL: SELECT `id`,`name` FROM `h_fenlei` WHERE ( fid = 44 )  [ RunTime:0.0003s ]
SQL: SELECT `id`,`name` FROM `h_fenlei` WHERE ( fid = 6 )  [ RunTime:0.0003s ]
SQL: SELECT `id`,`name` FROM `h_fenlei` WHERE ( fid = 7 )  [ RunTime:0.0003s ]
SQL: SELECT `id`,`name` FROM `h_fenlei` WHERE ( fid = 8 )  [ RunTime:0.0003s ]
SQL: SELECT `id`,`name` FROM `h_fenlei` WHERE ( fid = 9 )  [ RunTime:0.0003s ]
SQL: SELECT `id`,`name` FROM `h_fenlei` WHERE ( fid = 12 )  [ RunTime:0.0003s ]
SQL: SHOW COLUMNS FROM `h_user` [ RunTime:0.0006s ]
SQL: SELECT * FROM `h_user` WHERE ( id = '432' )  [ RunTime:0.0004s ]
SQL: SHOW COLUMNS FROM `h_organization` [ RunTime:0.0005s ]
NOTIC: [8] Undefined index: groups /data/www/html/heartwaves/Application/Home/Controller/ApiuserrController.class.php 第 199 行.
NOTIC: [8] Undefined index: jl_id /data/www/html/heartwaves/Application/Home/Controller/ApiuserrController.class.php 第 199 行.
SQL: SELECT * FROM `h_organization` WHERE ( name = '' and jl_id='' )  [ RunTime:0.0003s ]

[ 2018-04-02T23:30:36+08:00 ] 121.69.14.170 /heartwaves/index.php?m=Home&c=Apiuserr&a=indexautho&id=432
INFO: [ app_init ] --START--
INFO: Run Behavior\BuildLiteBehavior [ RunTime:0.000012s ]
INFO: [ app_init ] --END-- [ RunTime:0.000213s ]
INFO: [ app_begin ] --START--
INFO: Run Behavior\ReadHtmlCacheBehavior [ RunTime:0.000254s ]
INFO: [ app_begin ] --END-- [ RunTime:0.000285s ]
SQL: SHOW COLUMNS FROM `h_fenlei` [ RunTime:0.0006s ]
SQL: SELECT * FROM `h_fenlei` WHERE ( fid = 0 )  [ RunTime:0.0004s ]
SQL: SELECT * FROM `h_fenlei` WHERE ( fid != 0 )  [ RunTime:0.0004s ]
SQL: SHOW COLUMNS FROM `h_site` [ RunTime:0.0005s ]
SQL: SELECT * FROM `h_site` WHERE `id` = 1 LIMIT 1   [ RunTime:0.0004s ]
SQL: SHOW COLUMNS FROM `h_email_set` [ RunTime:0.0005s ]
SQL: SELECT * FROM `h_email_set` WHERE `id` = 1 LIMIT 1   [ RunTime:0.0004s ]
SQL: SELECT `id`,`name` FROM `h_fenlei` WHERE ( fid = 0 )  [ RunTime:0.0003s ]
SQL: SELECT `id`,`name` FROM `h_fenlei` WHERE ( fid = 1 )  [ RunTime:0.0003s ]
SQL: SELECT `id`,`name` FROM `h_fenlei` WHERE ( fid = 2 )  [ RunTime:0.0003s ]
SQL: SELECT `id`,`name` FROM `h_fenlei` WHERE ( fid = 3 )  [ RunTime:0.0009s ]
SQL: SELECT `id`,`name` FROM `h_fenlei` WHERE ( fid = 4 )  [ RunTime:0.0003s ]
SQL: SELECT `id`,`name` FROM `h_fenlei` WHERE ( fid = 5 )  [ RunTime:0.0004s ]
SQL: SELECT `id`,`name` FROM `h_fenlei` WHERE ( fid = 43 )  [ RunTime:0.0003s ]
SQL: SELECT `id`,`name` FROM `h_fenlei` WHERE ( fid = 44 )  [ RunTime:0.0003s ]
SQL: SELECT `id`,`name` FROM `h_fenlei` WHERE ( fid = 6 )  [ RunTime:0.0003s ]
SQL: SELECT `id`,`name` FROM `h_fenlei` WHERE ( fid = 7 )  [ RunTime:0.0003s ]
SQL: SELECT `id`,`name` FROM `h_fenlei` WHERE ( fid = 8 )  [ RunTime:0.0003s ]
SQL: SELECT `id`,`name` FROM `h_fenlei` WHERE ( fid = 9 )  [ RunTime:0.0003s ]
SQL: SELECT `id`,`name` FROM `h_fenlei` WHERE ( fid = 12 )  [ RunTime:0.0003s ]
SQL: SHOW COLUMNS FROM `h_user` [ RunTime:0.0006s ]
SQL: SELECT * FROM `h_user` WHERE ( id = '432' )  [ RunTime:0.0004s ]
SQL: SHOW COLUMNS FROM `h_organization` [ RunTime:0.0005s ]
NOTIC: [8] Array to string conversion /data/www/html/heartwaves/Application/Home/Controller/ApiuserrController.class.php 第 199 行.
NOTIC: [8] Array to string conversion /data/www/html/heartwaves/Application/Home/Controller/ApiuserrController.class.php 第 199 行.
SQL: SELECT * FROM `h_organization` WHERE ( name = 'Array[groups]' and jl_id='Array[jl_id]' )  [ RunTime:0.0004s ]

[ 2018-04-02T23:31:24+08:00 ] 121.69.14.170 /heartwaves/index.php?m=Home&c=Apiuserr&a=indexautho&id=432
INFO: [ app_init ] --START--
INFO: Run Behavior\BuildLiteBehavior [ RunTime:0.000013s ]
INFO: [ app_init ] --END-- [ RunTime:0.000225s ]
INFO: [ app_begin ] --START--
INFO: Run Behavior\ReadHtmlCacheBehavior [ RunTime:0.000397s ]
INFO: [ app_begin ] --END-- [ RunTime:0.000450s ]
SQL: SHOW COLUMNS FROM `h_fenlei` [ RunTime:0.0007s ]
SQL: SELECT * FROM `h_fenlei` WHERE ( fid = 0 )  [ RunTime:0.0005s ]
SQL: SELECT * FROM `h_fenlei` WHERE ( fid != 0 )  [ RunTime:0.0006s ]
SQL: SHOW COLUMNS FROM `h_site` [ RunTime:0.0006s ]
SQL: SELECT * FROM `h_site` WHERE `id` = 1 LIMIT 1   [ RunTime:0.0004s ]
SQL: SHOW COLUMNS FROM `h_email_set` [ RunTime:0.0006s ]
SQL: SELECT * FROM `h_email_set` WHERE `id` = 1 LIMIT 1   [ RunTime:0.0004s ]
SQL: SELECT `id`,`name` FROM `h_fenlei` WHERE ( fid = 0 )  [ RunTime:0.0004s ]
SQL: SELECT `id`,`name` FROM `h_fenlei` WHERE ( fid = 1 )  [ RunTime:0.0004s ]
SQL: SELECT `id`,`name` FROM `h_fenlei` WHERE ( fid = 2 )  [ RunTime:0.0003s ]
SQL: SELECT `id`,`name` FROM `h_fenlei` WHERE ( fid = 3 )  [ RunTime:0.0005s ]
SQL: SELECT `id`,`name` FROM `h_fenlei` WHERE ( fid = 4 )  [ RunTime:0.0004s ]
SQL: SELECT `id`,`name` FROM `h_fenlei` WHERE ( fid = 5 )  [ RunTime:0.0004s ]
SQL: SELECT `id`,`name` FROM `h_fenlei` WHERE ( fid = 43 )  [ RunTime:0.0003s ]
SQL: SELECT `id`,`name` FROM `h_fenlei` WHERE ( fid = 44 )  [ RunTime:0.0004s ]
SQL: SELECT `id`,`name` FROM `h_fenlei` WHERE ( fid = 6 )  [ RunTime:0.0004s ]
SQL: SELECT `id`,`name` FROM `h_fenlei` WHERE ( fid = 7 )  [ RunTime:0.0004s ]
SQL: SELECT `id`,`name` FROM `h_fenlei` WHERE ( fid = 8 )  [ RunTime:0.0004s ]
SQL: SELECT `id`,`name` FROM `h_fenlei` WHERE ( fid = 9 )  [ RunTime:0.0004s ]
SQL: SELECT `id`,`name` FROM `h_fenlei` WHERE ( fid = 12 )  [ RunTime:0.0005s ]
SQL: SHOW COLUMNS FROM `h_user` [ RunTime:0.0008s ]
SQL: SELECT * FROM `h_user` WHERE ( id = '432' )  [ RunTime:0.0006s ]
SQL: SHOW COLUMNS FROM `h_organization` [ RunTime:0.0006s ]
NOTIC: [8] Array to string conversion /data/www/html/heartwaves/Application/Home/Controller/ApiuserrController.class.php 第 199 行.
NOTIC: [8] Array to string conversion /data/www/html/heartwaves/Application/Home/Controller/ApiuserrController.class.php 第 199 行.
SQL: SELECT * FROM `h_organization` WHERE ( name = 'Array[groups]' and jl_id='Array[jl_id]' )  [ RunTime:0.0004s ]

[ 2018-04-02T23:33:18+08:00 ] 121.69.8.114 /heartwaves/index.php?m=Home&c=Apiuserr&a=indexautho&id=432
INFO: [ app_init ] --START--
INFO: Run Behavior\BuildLiteBehavior [ RunTime:0.000012s ]
INFO: [ app_init ] --END-- [ RunTime:0.000244s ]
INFO: [ app_begin ] --START--
INFO: Run Behavior\ReadHtmlCacheBehavior [ RunTime:0.000256s ]
INFO: [ app_begin ] --END-- [ RunTime:0.000288s ]
SQL: SHOW COLUMNS FROM `h_fenlei` [ RunTime:0.0006s ]
SQL: SELECT * FROM `h_fenlei` WHERE ( fid = 0 )  [ RunTime:0.0004s ]
SQL: SELECT * FROM `h_fenlei` WHERE ( fid != 0 )  [ RunTime:0.0003s ]
SQL: SHOW COLUMNS FROM `h_site` [ RunTime:0.0005s ]
SQL: SELECT * FROM `h_site` WHERE `id` = 1 LIMIT 1   [ RunTime:0.0003s ]
SQL: SHOW COLUMNS FROM `h_email_set` [ RunTime:0.0005s ]
SQL: SELECT * FROM `h_email_set` WHERE `id` = 1 LIMIT 1   [ RunTime:0.0003s ]
SQL: SELECT `id`,`name` FROM `h_fenlei` WHERE ( fid = 0 )  [ RunTime:0.0003s ]
SQL: SELECT `id`,`name` FROM `h_fenlei` WHERE ( fid = 1 )  [ RunTime:0.0003s ]
SQL: SELECT `id`,`name` FROM `h_fenlei` WHERE ( fid = 2 )  [ RunTime:0.0003s ]
SQL: SELECT `id`,`name` FROM `h_fenlei` WHERE ( fid = 3 )  [ RunTime:0.0003s ]
SQL: SELECT `id`,`name` FROM `h_fenlei` WHERE ( fid = 4 )  [ RunTime:0.0003s ]
SQL: SELECT `id`,`name` FROM `h_fenlei` WHERE ( fid = 5 )  [ RunTime:0.0003s ]
SQL: SELECT `id`,`name` FROM `h_fenlei` WHERE ( fid = 43 )  [ RunTime:0.0003s ]
SQL: SELECT `id`,`name` FROM `h_fenlei` WHERE ( fid = 44 )  [ RunTime:0.0003s ]
SQL: SELECT `id`,`name` FROM `h_fenlei` WHERE ( fid = 6 )  [ RunTime:0.0003s ]
SQL: SELECT `id`,`name` FROM `h_fenlei` WHERE ( fid = 7 )  [ RunTime:0.0003s ]
SQL: SELECT `id`,`name` FROM `h_fenlei` WHERE ( fid = 8 )  [ RunTime:0.0003s ]
SQL: SELECT `id`,`name` FROM `h_fenlei` WHERE ( fid = 9 )  [ RunTime:0.0003s ]
SQL: SELECT `id`,`name` FROM `h_fenlei` WHERE ( fid = 12 )  [ RunTime:0.0003s ]
SQL: SHOW COLUMNS FROM `h_user` [ RunTime:0.0006s ]
SQL: SELECT * FROM `h_user` WHERE ( id = '432' )  [ RunTime:0.0004s ]
SQL: SHOW COLUMNS FROM `h_organization` [ RunTime:0.0005s ]
NOTIC: [8] Array to string conversion /data/www/html/heartwaves/Application/Home/Controller/ApiuserrController.class.php 第 199 行.
NOTIC: [8] Array to string conversion /data/www/html/heartwaves/Application/Home/Controller/ApiuserrController.class.php 第 199 行.
SQL: SELECT * FROM `h_organization` WHERE ( name = 'Array[groups]' and jl_id='Array[jl_id]' )  [ RunTime:0.0004s ]

[ 2018-04-02T23:33:59+08:00 ] 121.69.8.114 /heartwaves/index.php?m=Home&c=Apiuserr&a=indexautho&id=432
INFO: [ app_init ] --START--
INFO: Run Behavior\BuildLiteBehavior [ RunTime:0.000014s ]
INFO: [ app_init ] --END-- [ RunTime:0.000208s ]
INFO: [ app_begin ] --START--
INFO: Run Behavior\ReadHtmlCacheBehavior [ RunTime:0.000261s ]
INFO: [ app_begin ] --END-- [ RunTime:0.000293s ]
SQL: SHOW COLUMNS FROM `h_fenlei` [ RunTime:0.0006s ]
SQL: SELECT * FROM `h_fenlei` WHERE ( fid = 0 )  [ RunTime:0.0004s ]
SQL: SELECT * FROM `h_fenlei` WHERE ( fid != 0 )  [ RunTime:0.0004s ]
SQL: SHOW COLUMNS FROM `h_site` [ RunTime:0.0005s ]
SQL: SELECT * FROM `h_site` WHERE `id` = 1 LIMIT 1   [ RunTime:0.0004s ]
SQL: SHOW COLUMNS FROM `h_email_set` [ RunTime:0.0005s ]
SQL: SELECT * FROM `h_email_set` WHERE `id` = 1 LIMIT 1   [ RunTime:0.0003s ]
SQL: SELECT `id`,`name` FROM `h_fenlei` WHERE ( fid = 0 )  [ RunTime:0.0003s ]
SQL: SELECT `id`,`name` FROM `h_fenlei` WHERE ( fid = 1 )  [ RunTime:0.0003s ]
SQL: SELECT `id`,`name` FROM `h_fenlei` WHERE ( fid = 2 )  [ RunTime:0.0003s ]
SQL: SELECT `id`,`name` FROM `h_fenlei` WHERE ( fid = 3 )  [ RunTime:0.0004s ]
SQL: SELECT `id`,`name` FROM `h_fenlei` WHERE ( fid = 4 )  [ RunTime:0.0003s ]
SQL: SELECT `id`,`name` FROM `h_fenlei` WHERE ( fid = 5 )  [ RunTime:0.0007s ]
SQL: SELECT `id`,`name` FROM `h_fenlei` WHERE ( fid = 43 )  [ RunTime:0.0003s ]
SQL: SELECT `id`,`name` FROM `h_fenlei` WHERE ( fid = 44 )  [ RunTime:0.0003s ]
SQL: SELECT `id`,`name` FROM `h_fenlei` WHERE ( fid = 6 )  [ RunTime:0.0003s ]
SQL: SELECT `id`,`name` FROM `h_fenlei` WHERE ( fid = 7 )  [ RunTime:0.0003s ]
SQL: SELECT `id`,`name` FROM `h_fenlei` WHERE ( fid = 8 )  [ RunTime:0.0003s ]
SQL: SELECT `id`,`name` FROM `h_fenlei` WHERE ( fid = 9 )  [ RunTime:0.0004s ]
SQL: SELECT `id`,`name` FROM `h_fenlei` WHERE ( fid = 12 )  [ RunTime:0.0003s ]
SQL: SHOW COLUMNS FROM `h_user` [ RunTime:0.0006s ]
SQL: SELECT * FROM `h_user` WHERE ( id = '432' )  [ RunTime:0.0005s ]
SQL: SHOW COLUMNS FROM `h_organization` [ RunTime:0.0005s ]
NOTIC: [8] Array to string conversion /data/www/html/heartwaves/Application/Home/Controller/ApiuserrController.class.php 第 199 行.
NOTIC: [8] Array to string conversion /data/www/html/heartwaves/Application/Home/Controller/ApiuserrController.class.php 第 199 行.
ERR: SQLSTATE[42000]: Syntax error or access violation: 1064 You have an error in your SQL syntax; check the manual that corresponds to your MySQL server version for the right syntax to use near 'groups']' and jl_id='Array['jl_id']' )' at line 1

[ 2018-04-02T23:35:36+08:00 ] 121.69.5.22 /heartwaves/index.php?m=Home&c=Apiuserr&a=indexautho&id=432
INFO: [ app_init ] --START--
INFO: Run Behavior\BuildLiteBehavior [ RunTime:0.000012s ]
INFO: [ app_init ] --END-- [ RunTime:0.000240s ]
INFO: [ app_begin ] --START--
INFO: Run Behavior\ReadHtmlCacheBehavior [ RunTime:0.000251s ]
INFO: [ app_begin ] --END-- [ RunTime:0.000295s ]
SQL: SHOW COLUMNS FROM `h_fenlei` [ RunTime:0.0006s ]
SQL: SELECT * FROM `h_fenlei` WHERE ( fid = 0 )  [ RunTime:0.0004s ]
SQL: SELECT * FROM `h_fenlei` WHERE ( fid != 0 )  [ RunTime:0.0005s ]
SQL: SHOW COLUMNS FROM `h_site` [ RunTime:0.0006s ]
SQL: SELECT * FROM `h_site` WHERE `id` = 1 LIMIT 1   [ RunTime:0.0005s ]
SQL: SHOW COLUMNS FROM `h_email_set` [ RunTime:0.0005s ]
SQL: SELECT * FROM `h_email_set` WHERE `id` = 1 LIMIT 1   [ RunTime:0.0006s ]
SQL: SELECT `id`,`name` FROM `h_fenlei` WHERE ( fid = 0 )  [ RunTime:0.0003s ]
SQL: SELECT `id`,`name` FROM `h_fenlei` WHERE ( fid = 1 )  [ RunTime:0.0003s ]
SQL: SELECT `id`,`name` FROM `h_fenlei` WHERE ( fid = 2 )  [ RunTime:0.0003s ]
SQL: SELECT `id`,`name` FROM `h_fenlei` WHERE ( fid = 3 )  [ RunTime:0.0003s ]
SQL: SELECT `id`,`name` FROM `h_fenlei` WHERE ( fid = 4 )  [ RunTime:0.0003s ]
SQL: SELECT `id`,`name` FROM `h_fenlei` WHERE ( fid = 5 )  [ RunTime:0.0003s ]
SQL: SELECT `id`,`name` FROM `h_fenlei` WHERE ( fid = 43 )  [ RunTime:0.0003s ]
SQL: SELECT `id`,`name` FROM `h_fenlei` WHERE ( fid = 44 )  [ RunTime:0.0003s ]
SQL: SELECT `id`,`name` FROM `h_fenlei` WHERE ( fid = 6 )  [ RunTime:0.0003s ]
SQL: SELECT `id`,`name` FROM `h_fenlei` WHERE ( fid = 7 )  [ RunTime:0.0003s ]
SQL: SELECT `id`,`name` FROM `h_fenlei` WHERE ( fid = 8 )  [ RunTime:0.0003s ]
SQL: SELECT `id`,`name` FROM `h_fenlei` WHERE ( fid = 9 )  [ RunTime:0.0003s ]
SQL: SELECT `id`,`name` FROM `h_fenlei` WHERE ( fid = 12 )  [ RunTime:0.0003s ]
SQL: SHOW COLUMNS FROM `h_user` [ RunTime:0.0006s ]
SQL: SELECT * FROM `h_user` WHERE ( id = '432' )  [ RunTime:0.0004s ]
SQL: SHOW COLUMNS FROM `h_organization` [ RunTime:0.0004s ]
SQL: SELECT * FROM `h_organization` WHERE ( name = '周六组（注意力）' and jl_id='31' )  [ RunTime:0.0003s ]

[ 2018-04-02T23:36:38+08:00 ] 121.69.5.22 /heartwaves/index.php?m=Home&c=Apiuserr&a=indexautho&id=432
INFO: [ app_init ] --START--
INFO: Run Behavior\BuildLiteBehavior [ RunTime:0.000010s ]
INFO: [ app_init ] --END-- [ RunTime:0.000197s ]
INFO: [ app_begin ] --START--
INFO: Run Behavior\ReadHtmlCacheBehavior [ RunTime:0.000356s ]
INFO: [ app_begin ] --END-- [ RunTime:0.000398s ]
SQL: SHOW COLUMNS FROM `h_fenlei` [ RunTime:0.0006s ]
SQL: SELECT * FROM `h_fenlei` WHERE ( fid = 0 )  [ RunTime:0.0004s ]
SQL: SELECT * FROM `h_fenlei` WHERE ( fid != 0 )  [ RunTime:0.0004s ]
SQL: SHOW COLUMNS FROM `h_site` [ RunTime:0.0005s ]
SQL: SELECT * FROM `h_site` WHERE `id` = 1 LIMIT 1   [ RunTime:0.0003s ]
SQL: SHOW COLUMNS FROM `h_email_set` [ RunTime:0.0005s ]
SQL: SELECT * FROM `h_email_set` WHERE `id` = 1 LIMIT 1   [ RunTime:0.0004s ]
SQL: SELECT `id`,`name` FROM `h_fenlei` WHERE ( fid = 0 )  [ RunTime:0.0003s ]
SQL: SELECT `id`,`name` FROM `h_fenlei` WHERE ( fid = 1 )  [ RunTime:0.0003s ]
SQL: SELECT `id`,`name` FROM `h_fenlei` WHERE ( fid = 2 )  [ RunTime:0.0003s ]
SQL: SELECT `id`,`name` FROM `h_fenlei` WHERE ( fid = 3 )  [ RunTime:0.0003s ]
SQL: SELECT `id`,`name` FROM `h_fenlei` WHERE ( fid = 4 )  [ RunTime:0.0003s ]
SQL: SELECT `id`,`name` FROM `h_fenlei` WHERE ( fid = 5 )  [ RunTime:0.0003s ]
SQL: SELECT `id`,`name` FROM `h_fenlei` WHERE ( fid = 43 )  [ RunTime:0.0003s ]
SQL: SELECT `id`,`name` FROM `h_fenlei` WHERE ( fid = 44 )  [ RunTime:0.0003s ]
SQL: SELECT `id`,`name` FROM `h_fenlei` WHERE ( fid = 6 )  [ RunTime:0.0003s ]
SQL: SELECT `id`,`name` FROM `h_fenlei` WHERE ( fid = 7 )  [ RunTime:0.0003s ]
SQL: SELECT `id`,`name` FROM `h_fenlei` WHERE ( fid = 8 )  [ RunTime:0.0003s ]
SQL: SELECT `id`,`name` FROM `h_fenlei` WHERE ( fid = 9 )  [ RunTime:0.0003s ]
SQL: SELECT `id`,`name` FROM `h_fenlei` WHERE ( fid = 12 )  [ RunTime:0.0003s ]
SQL: SHOW COLUMNS FROM `h_user` [ RunTime:0.0006s ]
SQL: SELECT * FROM `h_user` WHERE ( id = '432' )  [ RunTime:0.0004s ]
SQL: SHOW COLUMNS FROM `h_organization` [ RunTime:0.0005s ]
SQL: SELECT * FROM `h_organization` WHERE ( name = '周六组（注意力）' and jl_id='31' )  [ RunTime:0.0003s ]
SQL: SHOW COLUMNS FROM `h_js` [ RunTime:0.0004s ]
NOTIC: [8] Undefined index: name /data/www/html/heartwaves/Application/Home/Controller/ApiuserrController.class.php 第 201 行.
SQL: SELECT `fid` FROM `h_js` WHERE ( name = '' and jl_id='js[jl_id]'  ) LIMIT 1   [ RunTime:0.0003s ]

[ 2018-04-02T23:37:10+08:00 ] 121.69.5.22 /heartwaves/index.php?m=Home&c=Apiuserr&a=indexautho&id=432
INFO: [ app_init ] --START--
INFO: Run Behavior\BuildLiteBehavior [ RunTime:0.000018s ]
INFO: [ app_init ] --END-- [ RunTime:0.000232s ]
INFO: [ app_begin ] --START--
INFO: Run Behavior\ReadHtmlCacheBehavior [ RunTime:0.000257s ]
INFO: [ app_begin ] --END-- [ RunTime:0.000288s ]
SQL: SHOW COLUMNS FROM `h_fenlei` [ RunTime:0.0006s ]
SQL: SELECT * FROM `h_fenlei` WHERE ( fid = 0 )  [ RunTime:0.0003s ]
SQL: SELECT * FROM `h_fenlei` WHERE ( fid != 0 )  [ RunTime:0.0003s ]
SQL: SHOW COLUMNS FROM `h_site` [ RunTime:0.0005s ]
SQL: SELECT * FROM `h_site` WHERE `id` = 1 LIMIT 1   [ RunTime:0.0003s ]
SQL: SHOW COLUMNS FROM `h_email_set` [ RunTime:0.0005s ]
SQL: SELECT * FROM `h_email_set` WHERE `id` = 1 LIMIT 1   [ RunTime:0.0003s ]
SQL: SELECT `id`,`name` FROM `h_fenlei` WHERE ( fid = 0 )  [ RunTime:0.0003s ]
SQL: SELECT `id`,`name` FROM `h_fenlei` WHERE ( fid = 1 )  [ RunTime:0.0003s ]
SQL: SELECT `id`,`name` FROM `h_fenlei` WHERE ( fid = 2 )  [ RunTime:0.0003s ]
SQL: SELECT `id`,`name` FROM `h_fenlei` WHERE ( fid = 3 )  [ RunTime:0.0003s ]
SQL: SELECT `id`,`name` FROM `h_fenlei` WHERE ( fid = 4 )  [ RunTime:0.0003s ]
SQL: SELECT `id`,`name` FROM `h_fenlei` WHERE ( fid = 5 )  [ RunTime:0.0003s ]
SQL: SELECT `id`,`name` FROM `h_fenlei` WHERE ( fid = 43 )  [ RunTime:0.0003s ]
SQL: SELECT `id`,`name` FROM `h_fenlei` WHERE ( fid = 44 )  [ RunTime:0.0003s ]
SQL: SELECT `id`,`name` FROM `h_fenlei` WHERE ( fid = 6 )  [ RunTime:0.0003s ]
SQL: SELECT `id`,`name` FROM `h_fenlei` WHERE ( fid = 7 )  [ RunTime:0.0003s ]
SQL: SELECT `id`,`name` FROM `h_fenlei` WHERE ( fid = 8 )  [ RunTime:0.0003s ]
SQL: SELECT `id`,`name` FROM `h_fenlei` WHERE ( fid = 9 )  [ RunTime:0.0003s ]
SQL: SELECT `id`,`name` FROM `h_fenlei` WHERE ( fid = 12 )  [ RunTime:0.0003s ]
SQL: SHOW COLUMNS FROM `h_user` [ RunTime:0.0005s ]
SQL: SELECT * FROM `h_user` WHERE ( id = '432' )  [ RunTime:0.0003s ]
SQL: SHOW COLUMNS FROM `h_organization` [ RunTime:0.0007s ]
SQL: SELECT * FROM `h_organization` WHERE ( name = '周六组（注意力）' and jl_id='31' )  [ RunTime:0.0003s ]
SQL: SHOW COLUMNS FROM `h_js` [ RunTime:0.0005s ]
NOTIC: [8] Array to string conversion /data/www/html/heartwaves/Application/Home/Controller/ApiuserrController.class.php 第 201 行.
SQL: SELECT `fid` FROM `h_js` WHERE ( name = 'Array[name]' and jl_id='js[0][jl_id]'  ) LIMIT 1   [ RunTime:0.0003s ]

[ 2018-04-02T23:37:42+08:00 ] 121.69.14.170 /heartwaves/index.php?m=Home&c=Apiuserr&a=indexautho&id=432
INFO: [ app_init ] --START--
INFO: Run Behavior\BuildLiteBehavior [ RunTime:0.000012s ]
INFO: [ app_init ] --END-- [ RunTime:0.000206s ]
INFO: [ app_begin ] --START--
INFO: Run Behavior\ReadHtmlCacheBehavior [ RunTime:0.000335s ]
INFO: [ app_begin ] --END-- [ RunTime:0.000374s ]
SQL: SHOW COLUMNS FROM `h_fenlei` [ RunTime:0.0006s ]
SQL: SELECT * FROM `h_fenlei` WHERE ( fid = 0 )  [ RunTime:0.0004s ]
SQL: SELECT * FROM `h_fenlei` WHERE ( fid != 0 )  [ RunTime:0.0004s ]
SQL: SHOW COLUMNS FROM `h_site` [ RunTime:0.0005s ]
SQL: SELECT * FROM `h_site` WHERE `id` = 1 LIMIT 1   [ RunTime:0.0003s ]
SQL: SHOW COLUMNS FROM `h_email_set` [ RunTime:0.0005s ]
SQL: SELECT * FROM `h_email_set` WHERE `id` = 1 LIMIT 1   [ RunTime:0.0003s ]
SQL: SELECT `id`,`name` FROM `h_fenlei` WHERE ( fid = 0 )  [ RunTime:0.0003s ]
SQL: SELECT `id`,`name` FROM `h_fenlei` WHERE ( fid = 1 )  [ RunTime:0.0003s ]
SQL: SELECT `id`,`name` FROM `h_fenlei` WHERE ( fid = 2 )  [ RunTime:0.0003s ]
SQL: SELECT `id`,`name` FROM `h_fenlei` WHERE ( fid = 3 )  [ RunTime:0.0003s ]
SQL: SELECT `id`,`name` FROM `h_fenlei` WHERE ( fid = 4 )  [ RunTime:0.0003s ]
SQL: SELECT `id`,`name` FROM `h_fenlei` WHERE ( fid = 5 )  [ RunTime:0.0003s ]
SQL: SELECT `id`,`name` FROM `h_fenlei` WHERE ( fid = 43 )  [ RunTime:0.0003s ]
SQL: SELECT `id`,`name` FROM `h_fenlei` WHERE ( fid = 44 )  [ RunTime:0.0003s ]
SQL: SELECT `id`,`name` FROM `h_fenlei` WHERE ( fid = 6 )  [ RunTime:0.0003s ]
SQL: SELECT `id`,`name` FROM `h_fenlei` WHERE ( fid = 7 )  [ RunTime:0.0003s ]
SQL: SELECT `id`,`name` FROM `h_fenlei` WHERE ( fid = 8 )  [ RunTime:0.0003s ]
SQL: SELECT `id`,`name` FROM `h_fenlei` WHERE ( fid = 9 )  [ RunTime:0.0003s ]
SQL: SELECT `id`,`name` FROM `h_fenlei` WHERE ( fid = 12 )  [ RunTime:0.0003s ]
SQL: SHOW COLUMNS FROM `h_user` [ RunTime:0.0006s ]
SQL: SELECT * FROM `h_user` WHERE ( id = '432' )  [ RunTime:0.0004s ]
SQL: SHOW COLUMNS FROM `h_organization` [ RunTime:0.0005s ]
SQL: SELECT * FROM `h_organization` WHERE ( name = '周六组（注意力）' and jl_id='31' )  [ RunTime:0.0003s ]
SQL: SHOW COLUMNS FROM `h_js` [ RunTime:0.0005s ]
NOTIC: [8] Array to string conversion /data/www/html/heartwaves/Application/Home/Controller/ApiuserrController.class.php 第 202 行.
SQL: SELECT `fid` FROM `h_js` WHERE ( name = 'Array[name]' and jl_id='js[0][jl_id]'  ) LIMIT 1   [ RunTime:0.0003s ]

[ 2018-04-02T23:39:22+08:00 ] 121.69.5.22 /heartwaves/index.php?m=Home&c=Apiuserr&a=indexautho&id=432
INFO: [ app_init ] --START--
INFO: Run Behavior\BuildLiteBehavior [ RunTime:0.000012s ]
INFO: [ app_init ] --END-- [ RunTime:0.000214s ]
INFO: [ app_begin ] --START--
INFO: Run Behavior\ReadHtmlCacheBehavior [ RunTime:0.000265s ]
INFO: [ app_begin ] --END-- [ RunTime:0.000298s ]
SQL: SHOW COLUMNS FROM `h_fenlei` [ RunTime:0.0007s ]
SQL: SELECT * FROM `h_fenlei` WHERE ( fid = 0 )  [ RunTime:0.0004s ]
SQL: SELECT * FROM `h_fenlei` WHERE ( fid != 0 )  [ RunTime:0.0004s ]
SQL: SHOW COLUMNS FROM `h_site` [ RunTime:0.0006s ]
SQL: SELECT * FROM `h_site` WHERE `id` = 1 LIMIT 1   [ RunTime:0.0005s ]
SQL: SHOW COLUMNS FROM `h_email_set` [ RunTime:0.0006s ]
SQL: SELECT * FROM `h_email_set` WHERE `id` = 1 LIMIT 1   [ RunTime:0.0006s ]
SQL: SELECT `id`,`name` FROM `h_fenlei` WHERE ( fid = 0 )  [ RunTime:0.0005s ]
SQL: SELECT `id`,`name` FROM `h_fenlei` WHERE ( fid = 1 )  [ RunTime:0.0004s ]
SQL: SELECT `id`,`name` FROM `h_fenlei` WHERE ( fid = 2 )  [ RunTime:0.0004s ]
SQL: SELECT `id`,`name` FROM `h_fenlei` WHERE ( fid = 3 )  [ RunTime:0.0004s ]
SQL: SELECT `id`,`name` FROM `h_fenlei` WHERE ( fid = 4 )  [ RunTime:0.0004s ]
SQL: SELECT `id`,`name` FROM `h_fenlei` WHERE ( fid = 5 )  [ RunTime:0.0004s ]
SQL: SELECT `id`,`name` FROM `h_fenlei` WHERE ( fid = 43 )  [ RunTime:0.0003s ]
SQL: SELECT `id`,`name` FROM `h_fenlei` WHERE ( fid = 44 )  [ RunTime:0.0004s ]
SQL: SELECT `id`,`name` FROM `h_fenlei` WHERE ( fid = 6 )  [ RunTime:0.0004s ]
SQL: SELECT `id`,`name` FROM `h_fenlei` WHERE ( fid = 7 )  [ RunTime:0.0004s ]
SQL: SELECT `id`,`name` FROM `h_fenlei` WHERE ( fid = 8 )  [ RunTime:0.0004s ]
SQL: SELECT `id`,`name` FROM `h_fenlei` WHERE ( fid = 9 )  [ RunTime:0.0004s ]
SQL: SELECT `id`,`name` FROM `h_fenlei` WHERE ( fid = 12 )  [ RunTime:0.0004s ]
SQL: SHOW COLUMNS FROM `h_user` [ RunTime:0.0007s ]
SQL: SELECT * FROM `h_user` WHERE ( id = '432' )  [ RunTime:0.0005s ]
SQL: SHOW COLUMNS FROM `h_organization` [ RunTime:0.0005s ]
SQL: SELECT * FROM `h_organization` WHERE ( name = '周六组（注意力）' and jl_id='31' )  [ RunTime:0.0004s ]
SQL: SHOW COLUMNS FROM `h_js` [ RunTime:0.0007s ]
NOTIC: [8] Array to string conversion /data/www/html/heartwaves/Application/Home/Controller/ApiuserrController.class.php 第 202 行.
SQL: SELECT `fid` FROM `h_js` WHERE ( name = 'Array[js_name]' and jl_id='js[0][jl_id]' ) LIMIT 1   [ RunTime:0.0004s ]

[ 2018-04-02T23:41:37+08:00 ] 121.69.5.22 /heartwaves/index.php?m=Home&c=Apiuserr&a=indexautho&id=432
INFO: [ app_init ] --START--
INFO: Run Behavior\BuildLiteBehavior [ RunTime:0.000017s ]
INFO: [ app_init ] --END-- [ RunTime:0.000233s ]
INFO: [ app_begin ] --START--
INFO: Run Behavior\ReadHtmlCacheBehavior [ RunTime:0.000276s ]
INFO: [ app_begin ] --END-- [ RunTime:0.000314s ]
SQL: SHOW COLUMNS FROM `h_fenlei` [ RunTime:0.0006s ]
SQL: SELECT * FROM `h_fenlei` WHERE ( fid = 0 )  [ RunTime:0.0004s ]
SQL: SELECT * FROM `h_fenlei` WHERE ( fid != 0 )  [ RunTime:0.0004s ]
SQL: SHOW COLUMNS FROM `h_site` [ RunTime:0.0005s ]
SQL: SELECT * FROM `h_site` WHERE `id` = 1 LIMIT 1   [ RunTime:0.0004s ]
SQL: SHOW COLUMNS FROM `h_email_set` [ RunTime:0.0005s ]
SQL: SELECT * FROM `h_email_set` WHERE `id` = 1 LIMIT 1   [ RunTime:0.0003s ]
SQL: SELECT `id`,`name` FROM `h_fenlei` WHERE ( fid = 0 )  [ RunTime:0.0003s ]
SQL: SELECT `id`,`name` FROM `h_fenlei` WHERE ( fid = 1 )  [ RunTime:0.0003s ]
SQL: SELECT `id`,`name` FROM `h_fenlei` WHERE ( fid = 2 )  [ RunTime:0.0003s ]
SQL: SELECT `id`,`name` FROM `h_fenlei` WHERE ( fid = 3 )  [ RunTime:0.0003s ]
SQL: SELECT `id`,`name` FROM `h_fenlei` WHERE ( fid = 4 )  [ RunTime:0.0003s ]
SQL: SELECT `id`,`name` FROM `h_fenlei` WHERE ( fid = 5 )  [ RunTime:0.0003s ]
SQL: SELECT `id`,`name` FROM `h_fenlei` WHERE ( fid = 43 )  [ RunTime:0.0003s ]
SQL: SELECT `id`,`name` FROM `h_fenlei` WHERE ( fid = 44 )  [ RunTime:0.0003s ]
SQL: SELECT `id`,`name` FROM `h_fenlei` WHERE ( fid = 6 )  [ RunTime:0.0003s ]
SQL: SELECT `id`,`name` FROM `h_fenlei` WHERE ( fid = 7 )  [ RunTime:0.0003s ]
SQL: SELECT `id`,`name` FROM `h_fenlei` WHERE ( fid = 8 )  [ RunTime:0.0003s ]
SQL: SELECT `id`,`name` FROM `h_fenlei` WHERE ( fid = 9 )  [ RunTime:0.0003s ]
SQL: SELECT `id`,`name` FROM `h_fenlei` WHERE ( fid = 12 )  [ RunTime:0.0003s ]
SQL: SHOW COLUMNS FROM `h_user` [ RunTime:0.0006s ]
SQL: SELECT * FROM `h_user` WHERE ( id = '432' )  [ RunTime:0.0004s ]
SQL: SHOW COLUMNS FROM `h_organization` [ RunTime:0.0004s ]
SQL: SELECT * FROM `h_organization` WHERE ( name = '周六组（注意力）' and jl_id='31' )  [ RunTime:0.0004s ]
SQL: SHOW COLUMNS FROM `h_js` [ RunTime:0.0005s ]
SQL: SELECT `fid` FROM `h_js` WHERE ( name = '管理员' and jl_id='31' ) LIMIT 1   [ RunTime:0.0004s ]

[ 2018-04-02T23:41:54+08:00 ] 121.69.14.170 /heartwaves/index.php?m=Home&c=Apiuserr&a=indexautho&id=432
INFO: [ app_init ] --START--
INFO: Run Behavior\BuildLiteBehavior [ RunTime:0.000013s ]
INFO: [ app_init ] --END-- [ RunTime:0.000206s ]
INFO: [ app_begin ] --START--
INFO: Run Behavior\ReadHtmlCacheBehavior [ RunTime:0.000246s ]
INFO: [ app_begin ] --END-- [ RunTime:0.000282s ]
SQL: SHOW COLUMNS FROM `h_fenlei` [ RunTime:0.0006s ]
SQL: SELECT * FROM `h_fenlei` WHERE ( fid = 0 )  [ RunTime:0.0004s ]
SQL: SELECT * FROM `h_fenlei` WHERE ( fid != 0 )  [ RunTime:0.0004s ]
SQL: SHOW COLUMNS FROM `h_site` [ RunTime:0.0005s ]
SQL: SELECT * FROM `h_site` WHERE `id` = 1 LIMIT 1   [ RunTime:0.0004s ]
SQL: SHOW COLUMNS FROM `h_email_set` [ RunTime:0.0005s ]
SQL: SELECT * FROM `h_email_set` WHERE `id` = 1 LIMIT 1   [ RunTime:0.0003s ]
SQL: SELECT `id`,`name` FROM `h_fenlei` WHERE ( fid = 0 )  [ RunTime:0.0003s ]
SQL: SELECT `id`,`name` FROM `h_fenlei` WHERE ( fid = 1 )  [ RunTime:0.0004s ]
SQL: SELECT `id`,`name` FROM `h_fenlei` WHERE ( fid = 2 )  [ RunTime:0.0003s ]
SQL: SELECT `id`,`name` FROM `h_fenlei` WHERE ( fid = 3 )  [ RunTime:0.0004s ]
SQL: SELECT `id`,`name` FROM `h_fenlei` WHERE ( fid = 4 )  [ RunTime:0.0004s ]
SQL: SELECT `id`,`name` FROM `h_fenlei` WHERE ( fid = 5 )  [ RunTime:0.0004s ]
SQL: SELECT `id`,`name` FROM `h_fenlei` WHERE ( fid = 43 )  [ RunTime:0.0004s ]
SQL: SELECT `id`,`name` FROM `h_fenlei` WHERE ( fid = 44 )  [ RunTime:0.0003s ]
SQL: SELECT `id`,`name` FROM `h_fenlei` WHERE ( fid = 6 )  [ RunTime:0.0003s ]
SQL: SELECT `id`,`name` FROM `h_fenlei` WHERE ( fid = 7 )  [ RunTime:0.0004s ]
SQL: SELECT `id`,`name` FROM `h_fenlei` WHERE ( fid = 8 )  [ RunTime:0.0003s ]
SQL: SELECT `id`,`name` FROM `h_fenlei` WHERE ( fid = 9 )  [ RunTime:0.0004s ]
SQL: SELECT `id`,`name` FROM `h_fenlei` WHERE ( fid = 12 )  [ RunTime:0.0003s ]
SQL: SHOW COLUMNS FROM `h_user` [ RunTime:0.0006s ]
SQL: SELECT * FROM `h_user` WHERE ( id = '432' )  [ RunTime:0.0004s ]
SQL: SHOW COLUMNS FROM `h_organization` [ RunTime:0.0005s ]
SQL: SELECT * FROM `h_organization` WHERE ( name = '周六组（注意力）' and jl_id='31' )  [ RunTime:0.0003s ]
SQL: SHOW COLUMNS FROM `h_js` [ RunTime:0.0004s ]
SQL: SELECT `fid` FROM `h_js` WHERE ( name = '管理员' and jl_id='31' ) LIMIT 1   [ RunTime:0.0003s ]

[ 2018-04-02T23:44:32+08:00 ] 223.72.60.213 /heartwaves/index.php?m=Home&c=Apiuserr&a=login
INFO: [ app_init ] --START--
INFO: Run Behavior\BuildLiteBehavior [ RunTime:0.000012s ]
INFO: [ app_init ] --END-- [ RunTime:0.000212s ]
INFO: [ app_begin ] --START--
INFO: Run Behavior\ReadHtmlCacheBehavior [ RunTime:0.000245s ]
INFO: [ app_begin ] --END-- [ RunTime:0.000277s ]
SQL: SHOW COLUMNS FROM `h_fenlei` [ RunTime:0.0006s ]
SQL: SELECT * FROM `h_fenlei` WHERE ( fid = 0 )  [ RunTime:0.0004s ]
SQL: SELECT * FROM `h_fenlei` WHERE ( fid != 0 )  [ RunTime:0.0004s ]
SQL: SHOW COLUMNS FROM `h_site` [ RunTime:0.0005s ]
SQL: SELECT * FROM `h_site` WHERE `id` = 1 LIMIT 1   [ RunTime:0.0003s ]
SQL: SHOW COLUMNS FROM `h_email_set` [ RunTime:0.0005s ]
SQL: SELECT * FROM `h_email_set` WHERE `id` = 1 LIMIT 1   [ RunTime:0.0003s ]
SQL: SHOW COLUMNS FROM `h_user` [ RunTime:0.0006s ]
SQL: SELECT `id` FROM `h_user` WHERE ( student_number = 'YTHH19821115' ) LIMIT 1   [ RunTime:0.0003s ]
SQL: SELECT `password` FROM `h_user` WHERE ( student_number = 'YTHH19821115' ) LIMIT 1   [ RunTime:0.0003s ]
SQL: SELECT `id`,`realName`,`student_number`,`weight`,`height`,`workingPlace`,`position`,`medicalHistory`,`mobile`,`birthday`,`sex`,nickname as username,`email`,`pic`,groups as organization,`companytype` FROM `h_user` WHERE ( student_number = 'YTHH19821115' ) LIMIT 1   [ RunTime:0.0004s ]
SQL: SELECT `id` FROM `h_user` WHERE ( student_number = 'YTHH19821115' ) LIMIT 1   [ RunTime:0.0003s ]
SQL: SHOW COLUMNS FROM `h_record` [ RunTime:0.0007s ]
SQL: SELECT `HRVscore` FROM `h_record` WHERE ( user_id = '593' )  [ RunTime:0.0003s ]
SQL: SHOW COLUMNS FROM `h_radardatas` [ RunTime:0.0005s ]
SQL: SELECT * FROM `h_radardatas` WHERE ( user_id = '593' )  [ RunTime:0.0007s ]
SQL: SHOW COLUMNS FROM `h_mood` [ RunTime:0.0005s ]
SQL: SELECT `moodtime`,`moodmark`,`moodsocre` FROM `h_mood` WHERE ( uid = '593' ) ORDER BY moodtime LIMIT 1   [ RunTime:0.0004s ]

[ 2018-04-02T23:44:33+08:00 ] 223.72.60.213 /heartwaves/index.php?m=Home&c=Apiuserr&a=indexautho
INFO: [ app_init ] --START--
INFO: Run Behavior\BuildLiteBehavior [ RunTime:0.000012s ]
INFO: [ app_init ] --END-- [ RunTime:0.000196s ]
INFO: [ app_begin ] --START--
INFO: Run Behavior\ReadHtmlCacheBehavior [ RunTime:0.000256s ]
INFO: [ app_begin ] --END-- [ RunTime:0.000290s ]
SQL: SHOW COLUMNS FROM `h_fenlei` [ RunTime:0.0005s ]
SQL: SELECT * FROM `h_fenlei` WHERE ( fid = 0 )  [ RunTime:0.0003s ]
SQL: SELECT * FROM `h_fenlei` WHERE ( fid != 0 )  [ RunTime:0.0003s ]
SQL: SHOW COLUMNS FROM `h_site` [ RunTime:0.0005s ]
SQL: SELECT * FROM `h_site` WHERE `id` = 1 LIMIT 1   [ RunTime:0.0003s ]
SQL: SHOW COLUMNS FROM `h_email_set` [ RunTime:0.0005s ]
SQL: SELECT * FROM `h_email_set` WHERE `id` = 1 LIMIT 1   [ RunTime:0.0003s ]
SQL: SELECT `id`,`name` FROM `h_fenlei` WHERE ( fid = 0 )  [ RunTime:0.0003s ]
SQL: SELECT `id`,`name` FROM `h_fenlei` WHERE ( fid = 1 )  [ RunTime:0.0003s ]
SQL: SELECT `id`,`name` FROM `h_fenlei` WHERE ( fid = 2 )  [ RunTime:0.0003s ]
SQL: SELECT `id`,`name` FROM `h_fenlei` WHERE ( fid = 3 )  [ RunTime:0.0003s ]
SQL: SELECT `id`,`name` FROM `h_fenlei` WHERE ( fid = 4 )  [ RunTime:0.0003s ]
SQL: SELECT `id`,`name` FROM `h_fenlei` WHERE ( fid = 5 )  [ RunTime:0.0003s ]
SQL: SELECT `id`,`name` FROM `h_fenlei` WHERE ( fid = 43 )  [ RunTime:0.0003s ]
SQL: SELECT `id`,`name` FROM `h_fenlei` WHERE ( fid = 44 )  [ RunTime:0.0003s ]
SQL: SELECT `id`,`name` FROM `h_fenlei` WHERE ( fid = 6 )  [ RunTime:0.0003s ]
SQL: SELECT `id`,`name` FROM `h_fenlei` WHERE ( fid = 7 )  [ RunTime:0.0003s ]
SQL: SELECT `id`,`name` FROM `h_fenlei` WHERE ( fid = 8 )  [ RunTime:0.0003s ]
SQL: SELECT `id`,`name` FROM `h_fenlei` WHERE ( fid = 9 )  [ RunTime:0.0003s ]
SQL: SELECT `id`,`name` FROM `h_fenlei` WHERE ( fid = 12 )  [ RunTime:0.0003s ]
SQL: SHOW COLUMNS FROM `h_user` [ RunTime:0.0005s ]
SQL: SELECT * FROM `h_user` WHERE ( id = '593' )  [ RunTime:0.0004s ]
SQL: SHOW COLUMNS FROM `h_organization` [ RunTime:0.0004s ]
SQL: SELECT * FROM `h_organization` WHERE ( name = '小孩组' and jl_id='41' )  [ RunTime:0.0003s ]
SQL: SHOW COLUMNS FROM `h_js` [ RunTime:0.0004s ]
SQL: SELECT `fid` FROM `h_js` WHERE ( name = '初级学员' and jl_id='41' ) LIMIT 1   [ RunTime:0.0003s ]

[ 2018-04-02T23:44:34+08:00 ] 223.72.60.213 /heartwaves/index.php?m=Home&c=Apiuserr&a=noticeboard
INFO: [ app_init ] --START--
INFO: Run Behavior\BuildLiteBehavior [ RunTime:0.000013s ]
INFO: [ app_init ] --END-- [ RunTime:0.000238s ]
INFO: [ app_begin ] --START--
INFO: Run Behavior\ReadHtmlCacheBehavior [ RunTime:0.000285s ]
INFO: [ app_begin ] --END-- [ RunTime:0.000320s ]
SQL: SHOW COLUMNS FROM `h_fenlei` [ RunTime:0.0005s ]
SQL: SELECT * FROM `h_fenlei` WHERE ( fid = 0 )  [ RunTime:0.0004s ]
SQL: SELECT * FROM `h_fenlei` WHERE ( fid != 0 )  [ RunTime:0.0004s ]
SQL: SHOW COLUMNS FROM `h_site` [ RunTime:0.0005s ]
SQL: SELECT * FROM `h_site` WHERE `id` = 1 LIMIT 1   [ RunTime:0.0003s ]
SQL: SHOW COLUMNS FROM `h_email_set` [ RunTime:0.0004s ]
SQL: SELECT * FROM `h_email_set` WHERE `id` = 1 LIMIT 1   [ RunTime:0.0003s ]
SQL: SHOW COLUMNS FROM `h_gonggao` [ RunTime:0.0004s ]
SQL: SELECT `content` FROM `h_gonggao` ORDER BY ctime desc LIMIT 1   [ RunTime:0.0003s ]

[ 2018-04-02T23:44:44+08:00 ] 223.72.60.213 /heartwaves/index.php?m=Home&c=Apiuserr&a=noticeboard
INFO: [ app_init ] --START--
INFO: Run Behavior\BuildLiteBehavior [ RunTime:0.000013s ]
INFO: [ app_init ] --END-- [ RunTime:0.000220s ]
INFO: [ app_begin ] --START--
INFO: Run Behavior\ReadHtmlCacheBehavior [ RunTime:0.000360s ]
INFO: [ app_begin ] --END-- [ RunTime:0.000405s ]
SQL: SHOW COLUMNS FROM `h_fenlei` [ RunTime:0.0007s ]
SQL: SELECT * FROM `h_fenlei` WHERE ( fid = 0 )  [ RunTime:0.0004s ]
SQL: SELECT * FROM `h_fenlei` WHERE ( fid != 0 )  [ RunTime:0.0005s ]
SQL: SHOW COLUMNS FROM `h_site` [ RunTime:0.0007s ]
SQL: SELECT * FROM `h_site` WHERE `id` = 1 LIMIT 1   [ RunTime:0.0005s ]
SQL: SHOW COLUMNS FROM `h_email_set` [ RunTime:0.0005s ]
SQL: SELECT * FROM `h_email_set` WHERE `id` = 1 LIMIT 1   [ RunTime:0.0003s ]
SQL: SHOW COLUMNS FROM `h_gonggao` [ RunTime:0.0005s ]
SQL: SELECT `content` FROM `h_gonggao` ORDER BY ctime desc LIMIT 1   [ RunTime:0.0004s ]

[ 2018-04-02T23:45:09+08:00 ] 121.69.14.170 /heartwaves/index.php?m=Home&c=Apiuserr&a=indexautho&id=432
INFO: [ app_init ] --START--
INFO: Run Behavior\BuildLiteBehavior [ RunTime:0.000013s ]
INFO: [ app_init ] --END-- [ RunTime:0.000227s ]
INFO: [ app_begin ] --START--
INFO: Run Behavior\ReadHtmlCacheBehavior [ RunTime:0.000267s ]
INFO: [ app_begin ] --END-- [ RunTime:0.000321s ]
SQL: SHOW COLUMNS FROM `h_fenlei` [ RunTime:0.0006s ]
SQL: SELECT * FROM `h_fenlei` WHERE ( fid = 0 )  [ RunTime:0.0004s ]
SQL: SELECT * FROM `h_fenlei` WHERE ( fid != 0 )  [ RunTime:0.0004s ]
SQL: SHOW COLUMNS FROM `h_site` [ RunTime:0.0005s ]
SQL: SELECT * FROM `h_site` WHERE `id` = 1 LIMIT 1   [ RunTime:0.0004s ]
SQL: SHOW COLUMNS FROM `h_email_set` [ RunTime:0.0005s ]
SQL: SELECT * FROM `h_email_set` WHERE `id` = 1 LIMIT 1   [ RunTime:0.0003s ]
SQL: SELECT `id`,`name` FROM `h_fenlei` WHERE ( fid = 0 )  [ RunTime:0.0003s ]
SQL: SELECT `id`,`name` FROM `h_fenlei` WHERE ( fid = 1 )  [ RunTime:0.0003s ]
SQL: SELECT `id`,`name` FROM `h_fenlei` WHERE ( fid = 2 )  [ RunTime:0.0003s ]
SQL: SELECT `id`,`name` FROM `h_fenlei` WHERE ( fid = 3 )  [ RunTime:0.0003s ]
SQL: SELECT `id`,`name` FROM `h_fenlei` WHERE ( fid = 4 )  [ RunTime:0.0003s ]
SQL: SELECT `id`,`name` FROM `h_fenlei` WHERE ( fid = 5 )  [ RunTime:0.0003s ]
SQL: SELECT `id`,`name` FROM `h_fenlei` WHERE ( fid = 43 )  [ RunTime:0.0003s ]
SQL: SELECT `id`,`name` FROM `h_fenlei` WHERE ( fid = 44 )  [ RunTime:0.0003s ]
SQL: SELECT `id`,`name` FROM `h_fenlei` WHERE ( fid = 6 )  [ RunTime:0.0003s ]
SQL: SELECT `id`,`name` FROM `h_fenlei` WHERE ( fid = 7 )  [ RunTime:0.0005s ]
SQL: SELECT `id`,`name` FROM `h_fenlei` WHERE ( fid = 8 )  [ RunTime:0.0003s ]
SQL: SELECT `id`,`name` FROM `h_fenlei` WHERE ( fid = 9 )  [ RunTime:0.0004s ]
SQL: SELECT `id`,`name` FROM `h_fenlei` WHERE ( fid = 12 )  [ RunTime:0.0003s ]
SQL: SHOW COLUMNS FROM `h_user` [ RunTime:0.0006s ]
SQL: SELECT * FROM `h_user` WHERE ( id = '432' )  [ RunTime:0.0004s ]
SQL: SHOW COLUMNS FROM `h_organization` [ RunTime:0.0005s ]
SQL: SELECT * FROM `h_organization` WHERE ( name = '周六组（注意力）' and jl_id='31' )  [ RunTime:0.0004s ]
SQL: SHOW COLUMNS FROM `h_js` [ RunTime:0.0005s ]
SQL: SELECT `fid` FROM `h_js` WHERE ( name = '管理员' and jl_id='31' ) LIMIT 1   [ RunTime:0.0004s ]

[ 2018-04-02T23:45:11+08:00 ] 121.69.14.170 /heartwaves/index.php?m=Home&c=Apiuserr&a=indexautho&id=432
INFO: [ app_init ] --START--
INFO: Run Behavior\BuildLiteBehavior [ RunTime:0.000011s ]
INFO: [ app_init ] --END-- [ RunTime:0.000214s ]
INFO: [ app_begin ] --START--
INFO: Run Behavior\ReadHtmlCacheBehavior [ RunTime:0.000250s ]
INFO: [ app_begin ] --END-- [ RunTime:0.000281s ]
SQL: SHOW COLUMNS FROM `h_fenlei` [ RunTime:0.0008s ]
SQL: SELECT * FROM `h_fenlei` WHERE ( fid = 0 )  [ RunTime:0.0006s ]
SQL: SELECT * FROM `h_fenlei` WHERE ( fid != 0 )  [ RunTime:0.0004s ]
SQL: SHOW COLUMNS FROM `h_site` [ RunTime:0.0006s ]
SQL: SELECT * FROM `h_site` WHERE `id` = 1 LIMIT 1   [ RunTime:0.0005s ]
SQL: SHOW COLUMNS FROM `h_email_set` [ RunTime:0.0005s ]
SQL: SELECT * FROM `h_email_set` WHERE `id` = 1 LIMIT 1   [ RunTime:0.0004s ]
SQL: SELECT `id`,`name` FROM `h_fenlei` WHERE ( fid = 0 )  [ RunTime:0.0004s ]
SQL: SELECT `id`,`name` FROM `h_fenlei` WHERE ( fid = 1 )  [ RunTime:0.0004s ]
SQL: SELECT `id`,`name` FROM `h_fenlei` WHERE ( fid = 2 )  [ RunTime:0.0004s ]
SQL: SELECT `id`,`name` FROM `h_fenlei` WHERE ( fid = 3 )  [ RunTime:0.0004s ]
SQL: SELECT `id`,`name` FROM `h_fenlei` WHERE ( fid = 4 )  [ RunTime:0.0005s ]
SQL: SELECT `id`,`name` FROM `h_fenlei` WHERE ( fid = 5 )  [ RunTime:0.0004s ]
SQL: SELECT `id`,`name` FROM `h_fenlei` WHERE ( fid = 43 )  [ RunTime:0.0004s ]
SQL: SELECT `id`,`name` FROM `h_fenlei` WHERE ( fid = 44 )  [ RunTime:0.0003s ]
SQL: SELECT `id`,`name` FROM `h_fenlei` WHERE ( fid = 6 )  [ RunTime:0.0004s ]
SQL: SELECT `id`,`name` FROM `h_fenlei` WHERE ( fid = 7 )  [ RunTime:0.0004s ]
SQL: SELECT `id`,`name` FROM `h_fenlei` WHERE ( fid = 8 )  [ RunTime:0.0004s ]
SQL: SELECT `id`,`name` FROM `h_fenlei` WHERE ( fid = 9 )  [ RunTime:0.0004s ]
SQL: SELECT `id`,`name` FROM `h_fenlei` WHERE ( fid = 12 )  [ RunTime:0.0004s ]
SQL: SHOW COLUMNS FROM `h_user` [ RunTime:0.0006s ]
SQL: SELECT * FROM `h_user` WHERE ( id = '432' )  [ RunTime:0.0004s ]
SQL: SHOW COLUMNS FROM `h_organization` [ RunTime:0.0006s ]
SQL: SELECT * FROM `h_organization` WHERE ( name = '周六组（注意力）' and jl_id='31' )  [ RunTime:0.0005s ]
SQL: SHOW COLUMNS FROM `h_js` [ RunTime:0.0005s ]
SQL: SELECT `fid` FROM `h_js` WHERE ( name = '管理员' and jl_id='31' ) LIMIT 1   [ RunTime:0.0004s ]

[ 2018-04-02T23:46:32+08:00 ] 223.72.60.213 /heartwaves/index.php?m=Home&c=Apiuserr&a=login
INFO: [ app_init ] --START--
INFO: Run Behavior\BuildLiteBehavior [ RunTime:0.000011s ]
INFO: [ app_init ] --END-- [ RunTime:0.000207s ]
INFO: [ app_begin ] --START--
INFO: Run Behavior\ReadHtmlCacheBehavior [ RunTime:0.000288s ]
INFO: [ app_begin ] --END-- [ RunTime:0.000321s ]
SQL: SHOW COLUMNS FROM `h_fenlei` [ RunTime:0.0006s ]
SQL: SELECT * FROM `h_fenlei` WHERE ( fid = 0 )  [ RunTime:0.0004s ]
SQL: SELECT * FROM `h_fenlei` WHERE ( fid != 0 )  [ RunTime:0.0004s ]
SQL: SHOW COLUMNS FROM `h_site` [ RunTime:0.0005s ]
SQL: SELECT * FROM `h_site` WHERE `id` = 1 LIMIT 1   [ RunTime:0.0004s ]
SQL: SHOW COLUMNS FROM `h_email_set` [ RunTime:0.0005s ]
SQL: SELECT * FROM `h_email_set` WHERE `id` = 1 LIMIT 1   [ RunTime:0.0003s ]
SQL: SHOW COLUMNS FROM `h_user` [ RunTime:0.0005s ]
SQL: SELECT `id` FROM `h_user` WHERE ( student_number = 'YTHH19821115' ) LIMIT 1   [ RunTime:0.0003s ]
SQL: SELECT `password` FROM `h_user` WHERE ( student_number = 'YTHH19821115' ) LIMIT 1   [ RunTime:0.0003s ]
SQL: SELECT `id`,`realName`,`student_number`,`weight`,`height`,`workingPlace`,`position`,`medicalHistory`,`mobile`,`birthday`,`sex`,nickname as username,`email`,`pic`,groups as organization,`companytype` FROM `h_user` WHERE ( student_number = 'YTHH19821115' ) LIMIT 1   [ RunTime:0.0004s ]
SQL: SELECT `id` FROM `h_user` WHERE ( student_number = 'YTHH19821115' ) LIMIT 1   [ RunTime:0.0003s ]
SQL: SHOW COLUMNS FROM `h_record` [ RunTime:0.0007s ]
SQL: SELECT `HRVscore` FROM `h_record` WHERE ( user_id = '593' )  [ RunTime:0.0003s ]
SQL: SHOW COLUMNS FROM `h_radardatas` [ RunTime:0.0004s ]
SQL: SELECT * FROM `h_radardatas` WHERE ( user_id = '593' )  [ RunTime:0.0006s ]
SQL: SHOW COLUMNS FROM `h_mood` [ RunTime:0.0004s ]
SQL: SELECT `moodtime`,`moodmark`,`moodsocre` FROM `h_mood` WHERE ( uid = '593' ) ORDER BY moodtime LIMIT 1   [ RunTime:0.0003s ]

[ 2018-04-02T23:46:33+08:00 ] 223.72.60.213 /heartwaves/index.php?m=Home&c=Apiuserr&a=indexautho
INFO: [ app_init ] --START--
INFO: Run Behavior\BuildLiteBehavior [ RunTime:0.000011s ]
INFO: [ app_init ] --END-- [ RunTime:0.000193s ]
INFO: [ app_begin ] --START--
INFO: Run Behavior\ReadHtmlCacheBehavior [ RunTime:0.000262s ]
INFO: [ app_begin ] --END-- [ RunTime:0.000299s ]
SQL: SHOW COLUMNS FROM `h_fenlei` [ RunTime:0.0008s ]
SQL: SELECT * FROM `h_fenlei` WHERE ( fid = 0 )  [ RunTime:0.0008s ]
SQL: SELECT * FROM `h_fenlei` WHERE ( fid != 0 )  [ RunTime:0.0005s ]
SQL: SHOW COLUMNS FROM `h_site` [ RunTime:0.0006s ]
SQL: SELECT * FROM `h_site` WHERE `id` = 1 LIMIT 1   [ RunTime:0.0004s ]
SQL: SHOW COLUMNS FROM `h_email_set` [ RunTime:0.0005s ]
SQL: SELECT * FROM `h_email_set` WHERE `id` = 1 LIMIT 1   [ RunTime:0.0004s ]
SQL: SELECT `id`,`name` FROM `h_fenlei` WHERE ( fid = 0 )  [ RunTime:0.0003s ]
SQL: SELECT `id`,`name` FROM `h_fenlei` WHERE ( fid = 1 )  [ RunTime:0.0003s ]
SQL: SELECT `id`,`name` FROM `h_fenlei` WHERE ( fid = 2 )  [ RunTime:0.0003s ]
SQL: SELECT `id`,`name` FROM `h_fenlei` WHERE ( fid = 3 )  [ RunTime:0.0003s ]
SQL: SELECT `id`,`name` FROM `h_fenlei` WHERE ( fid = 4 )  [ RunTime:0.0010s ]
SQL: SELECT `id`,`name` FROM `h_fenlei` WHERE ( fid = 5 )  [ RunTime:0.0003s ]
SQL: SELECT `id`,`name` FROM `h_fenlei` WHERE ( fid = 43 )  [ RunTime:0.0004s ]
SQL: SELECT `id`,`name` FROM `h_fenlei` WHERE ( fid = 44 )  [ RunTime:0.0003s ]
SQL: SELECT `id`,`name` FROM `h_fenlei` WHERE ( fid = 6 )  [ RunTime:0.0003s ]
SQL: SELECT `id`,`name` FROM `h_fenlei` WHERE ( fid = 7 )  [ RunTime:0.0003s ]
SQL: SELECT `id`,`name` FROM `h_fenlei` WHERE ( fid = 8 )  [ RunTime:0.0003s ]
SQL: SELECT `id`,`name` FROM `h_fenlei` WHERE ( fid = 9 )  [ RunTime:0.0003s ]
SQL: SELECT `id`,`name` FROM `h_fenlei` WHERE ( fid = 12 )  [ RunTime:0.0003s ]
SQL: SHOW COLUMNS FROM `h_user` [ RunTime:0.0006s ]
SQL: SELECT * FROM `h_user` WHERE ( id = '593' )  [ RunTime:0.0004s ]
SQL: SHOW COLUMNS FROM `h_organization` [ RunTime:0.0005s ]
SQL: SELECT * FROM `h_organization` WHERE ( name = '小孩组' and jl_id='41' )  [ RunTime:0.0003s ]
SQL: SHOW COLUMNS FROM `h_js` [ RunTime:0.0005s ]
SQL: SELECT `fid` FROM `h_js` WHERE ( name = '初级学员' and jl_id='41' ) LIMIT 1   [ RunTime:0.0003s ]

[ 2018-04-02T23:46:33+08:00 ] 223.72.60.213 /heartwaves/index.php?m=Home&c=Apiuserr&a=noticeboard
INFO: [ app_init ] --START--
INFO: Run Behavior\BuildLiteBehavior [ RunTime:0.000012s ]
INFO: [ app_init ] --END-- [ RunTime:0.000212s ]
INFO: [ app_begin ] --START--
INFO: Run Behavior\ReadHtmlCacheBehavior [ RunTime:0.000258s ]
INFO: [ app_begin ] --END-- [ RunTime:0.000289s ]
SQL: SHOW COLUMNS FROM `h_fenlei` [ RunTime:0.0006s ]
SQL: SELECT * FROM `h_fenlei` WHERE ( fid = 0 )  [ RunTime:0.0004s ]
SQL: SELECT * FROM `h_fenlei` WHERE ( fid != 0 )  [ RunTime:0.0004s ]
SQL: SHOW COLUMNS FROM `h_site` [ RunTime:0.0005s ]
SQL: SELECT * FROM `h_site` WHERE `id` = 1 LIMIT 1   [ RunTime:0.0004s ]
SQL: SHOW COLUMNS FROM `h_email_set` [ RunTime:0.0005s ]
SQL: SELECT * FROM `h_email_set` WHERE `id` = 1 LIMIT 1   [ RunTime:0.0003s ]
SQL: SHOW COLUMNS FROM `h_gonggao` [ RunTime:0.0005s ]
SQL: SELECT `content` FROM `h_gonggao` ORDER BY ctime desc LIMIT 1   [ RunTime:0.0003s ]

[ 2018-04-02T23:46:43+08:00 ] 223.72.60.213 /heartwaves/index.php?m=Home&c=Apiuserr&a=noticeboard
INFO: [ app_init ] --START--
INFO: Run Behavior\BuildLiteBehavior [ RunTime:0.000011s ]
INFO: [ app_init ] --END-- [ RunTime:0.000220s ]
INFO: [ app_begin ] --START--
INFO: Run Behavior\ReadHtmlCacheBehavior [ RunTime:0.000249s ]
INFO: [ app_begin ] --END-- [ RunTime:0.000280s ]
SQL: SHOW COLUMNS FROM `h_fenlei` [ RunTime:0.0006s ]
SQL: SELECT * FROM `h_fenlei` WHERE ( fid = 0 )  [ RunTime:0.0004s ]
SQL: SELECT * FROM `h_fenlei` WHERE ( fid != 0 )  [ RunTime:0.0003s ]
SQL: SHOW COLUMNS FROM `h_site` [ RunTime:0.0005s ]
SQL: SELECT * FROM `h_site` WHERE `id` = 1 LIMIT 1   [ RunTime:0.0003s ]
SQL: SHOW COLUMNS FROM `h_email_set` [ RunTime:0.0005s ]
SQL: SELECT * FROM `h_email_set` WHERE `id` = 1 LIMIT 1   [ RunTime:0.0003s ]
SQL: SHOW COLUMNS FROM `h_gonggao` [ RunTime:0.0005s ]
SQL: SELECT `content` FROM `h_gonggao` ORDER BY ctime desc LIMIT 1   [ RunTime:0.0003s ]

[ 2018-04-02T23:47:17+08:00 ] 223.72.60.213 /heartwaves/index.php?m=Home&c=Apiuserr&a=login
INFO: [ app_init ] --START--
INFO: Run Behavior\BuildLiteBehavior [ RunTime:0.000012s ]
INFO: [ app_init ] --END-- [ RunTime:0.000224s ]
INFO: [ app_begin ] --START--
INFO: Run Behavior\ReadHtmlCacheBehavior [ RunTime:0.000264s ]
INFO: [ app_begin ] --END-- [ RunTime:0.000300s ]
SQL: SHOW COLUMNS FROM `h_fenlei` [ RunTime:0.0006s ]
SQL: SELECT * FROM `h_fenlei` WHERE ( fid = 0 )  [ RunTime:0.0004s ]
SQL: SELECT * FROM `h_fenlei` WHERE ( fid != 0 )  [ RunTime:0.0004s ]
SQL: SHOW COLUMNS FROM `h_site` [ RunTime:0.0005s ]
SQL: SELECT * FROM `h_site` WHERE `id` = 1 LIMIT 1   [ RunTime:0.0003s ]
SQL: SHOW COLUMNS FROM `h_email_set` [ RunTime:0.0004s ]
SQL: SELECT * FROM `h_email_set` WHERE `id` = 1 LIMIT 1   [ RunTime:0.0003s ]
SQL: SHOW COLUMNS FROM `h_user` [ RunTime:0.0005s ]
SQL: SELECT `id` FROM `h_user` WHERE ( student_number = 'YTchen1982' ) LIMIT 1   [ RunTime:0.0003s ]
SQL: SELECT `password` FROM `h_user` WHERE ( student_number = 'YTchen1982' ) LIMIT 1   [ RunTime:0.0003s ]
SQL: SELECT `id`,`realName`,`student_number`,`weight`,`height`,`workingPlace`,`position`,`medicalHistory`,`mobile`,`birthday`,`sex`,nickname as username,`email`,`pic`,groups as organization,`companytype` FROM `h_user` WHERE ( student_number = 'YTchen1982' ) LIMIT 1   [ RunTime:0.0004s ]
SQL: SELECT `id` FROM `h_user` WHERE ( student_number = 'YTchen1982' ) LIMIT 1   [ RunTime:0.0003s ]
SQL: SHOW COLUMNS FROM `h_record` [ RunTime:0.0007s ]
SQL: SELECT `HRVscore` FROM `h_record` WHERE ( user_id = '568' )  [ RunTime:0.0003s ]
NOTIC: [8] Undefined variable: hrvscore /data/www/html/heartwaves/Application/Home/Controller/ApiuserrController.class.php 第 23 行.
SQL: SHOW COLUMNS FROM `h_radardatas` [ RunTime:0.0006s ]
SQL: SELECT * FROM `h_radardatas` WHERE ( user_id = '568' )  [ RunTime:0.0006s ]
NOTIC: [8] Undefined variable: observe /data/www/html/heartwaves/Application/Home/Controller/ApiuserrController.class.php 第 33 行.
NOTIC: [8] Undefined variable: rember /data/www/html/heartwaves/Application/Home/Controller/ApiuserrController.class.php 第 34 行.
NOTIC: [8] Undefined variable: emotion /data/www/html/heartwaves/Application/Home/Controller/ApiuserrController.class.php 第 35 行.
NOTIC: [8] Undefined variable: thinking /data/www/html/heartwaves/Application/Home/Controller/ApiuserrController.class.php 第 36 行.
NOTIC: [8] Undefined variable: willpower /data/www/html/heartwaves/Application/Home/Controller/ApiuserrController.class.php 第 37 行.
SQL: SHOW COLUMNS FROM `h_mood` [ RunTime:0.0005s ]
SQL: SELECT `moodtime`,`moodmark`,`moodsocre` FROM `h_mood` WHERE ( uid = '568' ) ORDER BY moodtime LIMIT 1   [ RunTime:0.0003s ]

[ 2018-04-02T23:47:17+08:00 ] 223.72.60.213 /heartwaves/index.php?m=Home&c=Apiuserr&a=indexautho
INFO: [ app_init ] --START--
INFO: Run Behavior\BuildLiteBehavior [ RunTime:0.000011s ]
INFO: [ app_init ] --END-- [ RunTime:0.000230s ]
INFO: [ app_begin ] --START--
INFO: Run Behavior\ReadHtmlCacheBehavior [ RunTime:0.000309s ]
INFO: [ app_begin ] --END-- [ RunTime:0.000348s ]
SQL: SHOW COLUMNS FROM `h_fenlei` [ RunTime:0.0005s ]
SQL: SELECT * FROM `h_fenlei` WHERE ( fid = 0 )  [ RunTime:0.0003s ]
SQL: SELECT * FROM `h_fenlei` WHERE ( fid != 0 )  [ RunTime:0.0004s ]
SQL: SHOW COLUMNS FROM `h_site` [ RunTime:0.0005s ]
SQL: SELECT * FROM `h_site` WHERE `id` = 1 LIMIT 1   [ RunTime:0.0004s ]
SQL: SHOW COLUMNS FROM `h_email_set` [ RunTime:0.0005s ]
SQL: SELECT * FROM `h_email_set` WHERE `id` = 1 LIMIT 1   [ RunTime:0.0003s ]
SQL: SELECT `id`,`name` FROM `h_fenlei` WHERE ( fid = 0 )  [ RunTime:0.0003s ]
SQL: SELECT `id`,`name` FROM `h_fenlei` WHERE ( fid = 1 )  [ RunTime:0.0003s ]
SQL: SELECT `id`,`name` FROM `h_fenlei` WHERE ( fid = 2 )  [ RunTime:0.0003s ]
SQL: SELECT `id`,`name` FROM `h_fenlei` WHERE ( fid = 3 )  [ RunTime:0.0003s ]
SQL: SELECT `id`,`name` FROM `h_fenlei` WHERE ( fid = 4 )  [ RunTime:0.0003s ]
SQL: SELECT `id`,`name` FROM `h_fenlei` WHERE ( fid = 5 )  [ RunTime:0.0003s ]
SQL: SELECT `id`,`name` FROM `h_fenlei` WHERE ( fid = 43 )  [ RunTime:0.0003s ]
SQL: SELECT `id`,`name` FROM `h_fenlei` WHERE ( fid = 44 )  [ RunTime:0.0003s ]
SQL: SELECT `id`,`name` FROM `h_fenlei` WHERE ( fid = 6 )  [ RunTime:0.0003s ]
SQL: SELECT `id`,`name` FROM `h_fenlei` WHERE ( fid = 7 )  [ RunTime:0.0003s ]
SQL: SELECT `id`,`name` FROM `h_fenlei` WHERE ( fid = 8 )  [ RunTime:0.0003s ]
SQL: SELECT `id`,`name` FROM `h_fenlei` WHERE ( fid = 9 )  [ RunTime:0.0003s ]
SQL: SELECT `id`,`name` FROM `h_fenlei` WHERE ( fid = 12 )  [ RunTime:0.0003s ]
SQL: SHOW COLUMNS FROM `h_user` [ RunTime:0.0006s ]
SQL: SELECT * FROM `h_user` WHERE ( id = '568' )  [ RunTime:0.0004s ]
SQL: SHOW COLUMNS FROM `h_organization` [ RunTime:0.0005s ]
SQL: SELECT * FROM `h_organization` WHERE ( name = '测试组' and jl_id='40' )  [ RunTime:0.0003s ]
SQL: SHOW COLUMNS FROM `h_js` [ RunTime:0.0005s ]
SQL: SELECT `fid` FROM `h_js` WHERE ( name = '初级学员' and jl_id='40' ) LIMIT 1   [ RunTime:0.0003s ]

[ 2018-04-02T23:47:17+08:00 ] 223.72.60.213 /heartwaves/index.php?m=Home&c=Apiuserr&a=noticeboard
INFO: [ app_init ] --START--
INFO: Run Behavior\BuildLiteBehavior [ RunTime:0.000011s ]
INFO: [ app_init ] --END-- [ RunTime:0.000212s ]
INFO: [ app_begin ] --START--
INFO: Run Behavior\ReadHtmlCacheBehavior [ RunTime:0.000246s ]
INFO: [ app_begin ] --END-- [ RunTime:0.000278s ]
SQL: SHOW COLUMNS FROM `h_fenlei` [ RunTime:0.0005s ]
SQL: SELECT * FROM `h_fenlei` WHERE ( fid = 0 )  [ RunTime:0.0003s ]
SQL: SELECT * FROM `h_fenlei` WHERE ( fid != 0 )  [ RunTime:0.0004s ]
SQL: SHOW COLUMNS FROM `h_site` [ RunTime:0.0005s ]
SQL: SELECT * FROM `h_site` WHERE `id` = 1 LIMIT 1   [ RunTime:0.0003s ]
SQL: SHOW COLUMNS FROM `h_email_set` [ RunTime:0.0005s ]
SQL: SELECT * FROM `h_email_set` WHERE `id` = 1 LIMIT 1   [ RunTime:0.0003s ]
SQL: SHOW COLUMNS FROM `h_gonggao` [ RunTime:0.0004s ]
SQL: SELECT `content` FROM `h_gonggao` ORDER BY ctime desc LIMIT 1   [ RunTime:0.0003s ]

[ 2018-04-02T23:47:27+08:00 ] 223.72.60.213 /heartwaves/index.php?m=Home&c=Apiuserr&a=noticeboard
INFO: [ app_init ] --START--
INFO: Run Behavior\BuildLiteBehavior [ RunTime:0.000011s ]
INFO: [ app_init ] --END-- [ RunTime:0.000218s ]
INFO: [ app_begin ] --START--
INFO: Run Behavior\ReadHtmlCacheBehavior [ RunTime:0.000327s ]
INFO: [ app_begin ] --END-- [ RunTime:0.000366s ]
SQL: SHOW COLUMNS FROM `h_fenlei` [ RunTime:0.0006s ]
SQL: SELECT * FROM `h_fenlei` WHERE ( fid = 0 )  [ RunTime:0.0003s ]
SQL: SELECT * FROM `h_fenlei` WHERE ( fid != 0 )  [ RunTime:0.0004s ]
SQL: SHOW COLUMNS FROM `h_site` [ RunTime:0.0005s ]
SQL: SELECT * FROM `h_site` WHERE `id` = 1 LIMIT 1   [ RunTime:0.0004s ]
SQL: SHOW COLUMNS FROM `h_email_set` [ RunTime:0.0005s ]
SQL: SELECT * FROM `h_email_set` WHERE `id` = 1 LIMIT 1   [ RunTime:0.0004s ]
SQL: SHOW COLUMNS FROM `h_gonggao` [ RunTime:0.0004s ]
SQL: SELECT `content` FROM `h_gonggao` ORDER BY ctime desc LIMIT 1   [ RunTime:0.0003s ]

