[ 2018-04-01T00:05:22+08:00 ] 223.72.60.213 /heartwaves/index.php/Admin/Organizeconstruct/usersearch
INFO: [ app_init ] --START--
INFO: Run Behavior\BuildLiteBehavior [ RunTime:0.000012s ]
INFO: [ app_init ] --END-- [ RunTime:0.000209s ]
INFO: [ app_begin ] --START--
INFO: Run Behavior\ReadHtmlCacheBehavior [ RunTime:0.000245s ]
INFO: [ app_begin ] --END-- [ RunTime:0.000278s ]
SQL: SHOW COLUMNS FROM `h_user` [ RunTime:0.0008s ]
SQL: SHOW COLUMNS FROM `h_organization` [ RunTime:0.0005s ]
SQL: SELECT `name`,`id` FROM `h_organization` WHERE ( jl_id='41' )  [ RunTime:0.0004s ]
NOTIC: [8] Undefined variable: Page /data/www/html/heartwaves/Application/Admin/Controller/OrganizeconstructController.class.php 第 218 行.
NOTIC: [8] Trying to get property of non-object /data/www/html/heartwaves/Application/Admin/Controller/OrganizeconstructController.class.php 第 218 行.
NOTIC: [8] Undefined variable: Page /data/www/html/heartwaves/Application/Admin/Controller/OrganizeconstructController.class.php 第 218 行.
NOTIC: [8] Trying to get property of non-object /data/www/html/heartwaves/Application/Admin/Controller/OrganizeconstructController.class.php 第 218 行.
SQL: SELECT * FROM `h_user` WHERE `groups` = '测试组' AND `jl_id` = '41' ORDER BY id desc  [ RunTime:0.0004s ]
INFO: [ view_parse ] --START--
INFO: [ template_filter ] --START--
INFO: Run Behavior\ContentReplaceBehavior [ RunTime:0.000087s ]
INFO: [ template_filter ] --END-- [ RunTime:0.000135s ]
INFO: Run Behavior\ParseTemplateBehavior [ RunTime:0.010957s ]
INFO: [ view_parse ] --END-- [ RunTime:0.011031s ]
INFO: [ view_filter ] --START--
INFO: Run Behavior\WriteHtmlCacheBehavior [ RunTime:0.000108s ]
INFO: [ view_filter ] --END-- [ RunTime:0.000136s ]
INFO: [ app_end ] --START--
INFO: Run Behavior\ShowPageTraceBehavior [ RunTime:0.000291s ]
INFO: [ app_end ] --END-- [ RunTime:0.000325s ]

[ 2018-04-01T00:05:27+08:00 ] 223.72.60.213 /heartwaves/index.php?m=Admin&c=Organizeconstruct&a=orgmanager
INFO: [ app_init ] --START--
INFO: Run Behavior\BuildLiteBehavior [ RunTime:0.000012s ]
INFO: [ app_init ] --END-- [ RunTime:0.000204s ]
INFO: [ app_begin ] --START--
INFO: Run Behavior\ReadHtmlCacheBehavior [ RunTime:0.000266s ]
INFO: [ app_begin ] --END-- [ RunTime:0.000297s ]
SQL: SHOW COLUMNS FROM `h_organization` [ RunTime:0.0006s ]
SQL: SELECT * FROM `h_organization` WHERE ( jl_id='41' )  [ RunTime:0.0004s ]
SQL: SELECT * FROM `h_organization` WHERE ( jl_id='41' ) ORDER BY id desc LIMIT 0,10   [ RunTime:0.0003s ]
INFO: [ view_parse ] --START--
INFO: [ template_filter ] --START--
INFO: Run Behavior\ContentReplaceBehavior [ RunTime:0.000085s ]
INFO: [ template_filter ] --END-- [ RunTime:0.000123s ]
INFO: Run Behavior\ParseTemplateBehavior [ RunTime:0.008105s ]
INFO: [ view_parse ] --END-- [ RunTime:0.008140s ]
INFO: [ view_filter ] --START--
INFO: Run Behavior\WriteHtmlCacheBehavior [ RunTime:0.000090s ]
INFO: [ view_filter ] --END-- [ RunTime:0.000115s ]
INFO: [ app_end ] --START--
INFO: Run Behavior\ShowPageTraceBehavior [ RunTime:0.000301s ]
INFO: [ app_end ] --END-- [ RunTime:0.000334s ]

[ 2018-04-01T00:05:30+08:00 ] 223.72.60.213 /heartwaves/index.php/Admin/Organizeconstruct/viewuser/id/48
INFO: [ app_init ] --START--
INFO: Run Behavior\BuildLiteBehavior [ RunTime:0.000018s ]
INFO: [ app_init ] --END-- [ RunTime:0.000430s ]
INFO: [ app_begin ] --START--
INFO: Run Behavior\ReadHtmlCacheBehavior [ RunTime:0.000409s ]
INFO: [ app_begin ] --END-- [ RunTime:0.000465s ]
SQL: SHOW COLUMNS FROM `h_organization` [ RunTime:0.0006s ]
SQL: SELECT `name` FROM `h_organization` WHERE ( id = '48' ) LIMIT 1   [ RunTime:0.0003s ]
SQL: SHOW COLUMNS FROM `h_user` [ RunTime:0.0006s ]
SQL: SELECT * FROM `h_user` WHERE ( groups = '测试组' )  [ RunTime:0.0004s ]
SQL: SELECT * FROM `h_user` WHERE ( groups = '测试组' ) LIMIT 0,10   [ RunTime:0.0004s ]
INFO: [ view_parse ] --START--
INFO: [ template_filter ] --START--
INFO: Run Behavior\ContentReplaceBehavior [ RunTime:0.000077s ]
INFO: [ template_filter ] --END-- [ RunTime:0.000127s ]
NOTIC: [8] Undefined index: observe /data/www/html/heartwaves/Application/Runtime/Cache/Admin/b3d4cd1552acd961880f8a339c459730.php 第 293 行.
NOTIC: [8] Undefined index: rember /data/www/html/heartwaves/Application/Runtime/Cache/Admin/b3d4cd1552acd961880f8a339c459730.php 第 294 行.
NOTIC: [8] Undefined index: emotion /data/www/html/heartwaves/Application/Runtime/Cache/Admin/b3d4cd1552acd961880f8a339c459730.php 第 295 行.
NOTIC: [8] Undefined index: willpower /data/www/html/heartwaves/Application/Runtime/Cache/Admin/b3d4cd1552acd961880f8a339c459730.php 第 296 行.
NOTIC: [8] Undefined index: thinking /data/www/html/heartwaves/Application/Runtime/Cache/Admin/b3d4cd1552acd961880f8a339c459730.php 第 297 行.
INFO: Run Behavior\ParseTemplateBehavior [ RunTime:0.010350s ]
INFO: [ view_parse ] --END-- [ RunTime:0.010384s ]
INFO: [ view_filter ] --START--
INFO: Run Behavior\WriteHtmlCacheBehavior [ RunTime:0.000117s ]
INFO: [ view_filter ] --END-- [ RunTime:0.000142s ]
INFO: [ app_end ] --START--
INFO: Run Behavior\ShowPageTraceBehavior [ RunTime:0.000301s ]
INFO: [ app_end ] --END-- [ RunTime:0.000331s ]

[ 2018-04-01T00:05:36+08:00 ] 223.72.60.213 /heartwaves/index.php/Admin/Organizeconstruct/editUser/uid/568
INFO: [ app_init ] --START--
INFO: Run Behavior\BuildLiteBehavior [ RunTime:0.000015s ]
INFO: [ app_init ] --END-- [ RunTime:0.000305s ]
INFO: [ app_begin ] --START--
INFO: Run Behavior\ReadHtmlCacheBehavior [ RunTime:0.000257s ]
INFO: [ app_begin ] --END-- [ RunTime:0.000290s ]
SQL: SHOW COLUMNS FROM `h_user` [ RunTime:0.0007s ]
SQL: SELECT * FROM `h_user` WHERE ( id = '568' )  [ RunTime:0.0004s ]
SQL: SHOW COLUMNS FROM `h_organization` [ RunTime:0.0011s ]
SQL: SELECT `name`,`id` FROM `h_organization` WHERE ( jl_id='41' )  [ RunTime:0.0003s ]
SQL: SHOW COLUMNS FROM `h_radardatas` [ RunTime:0.0005s ]
SQL: SELECT * FROM `h_radardatas` WHERE ( user_id = '568' )  [ RunTime:0.0006s ]
NOTIC: [8] Undefined variable: observe /data/www/html/heartwaves/Application/Admin/Controller/OrganizeconstructController.class.php 第 95 行.
NOTIC: [8] Undefined variable: rember /data/www/html/heartwaves/Application/Admin/Controller/OrganizeconstructController.class.php 第 96 行.
NOTIC: [8] Undefined variable: emotion /data/www/html/heartwaves/Application/Admin/Controller/OrganizeconstructController.class.php 第 97 行.
NOTIC: [8] Undefined variable: thinking /data/www/html/heartwaves/Application/Admin/Controller/OrganizeconstructController.class.php 第 98 行.
NOTIC: [8] Undefined variable: willpower /data/www/html/heartwaves/Application/Admin/Controller/OrganizeconstructController.class.php 第 99 行.
INFO: [ view_parse ] --START--
INFO: [ template_filter ] --START--
INFO: Run Behavior\ContentReplaceBehavior [ RunTime:0.000088s ]
INFO: [ template_filter ] --END-- [ RunTime:0.000130s ]
NOTIC: [8] Undefined index: medicalHistory /data/www/html/heartwaves/Application/Runtime/Cache/Admin/abada830f68a33b995b60956d178312c.php 第 271 行.
NOTIC: [8] Undefined index: medicalHistory /data/www/html/heartwaves/Application/Runtime/Cache/Admin/abada830f68a33b995b60956d178312c.php 第 314 行.
NOTIC: [8] Undefined variable: v /data/www/html/heartwaves/Application/Runtime/Cache/Admin/abada830f68a33b995b60956d178312c.php 第 324 行.
NOTIC: [8] Undefined variable: v /data/www/html/heartwaves/Application/Runtime/Cache/Admin/abada830f68a33b995b60956d178312c.php 第 325 行.
NOTIC: [8] Undefined variable: arr2 /data/www/html/heartwaves/Application/Runtime/Cache/Admin/abada830f68a33b995b60956d178312c.php 第 330 行.
INFO: Run Behavior\ParseTemplateBehavior [ RunTime:0.010221s ]
INFO: [ view_parse ] --END-- [ RunTime:0.010256s ]
INFO: [ view_filter ] --START--
INFO: Run Behavior\WriteHtmlCacheBehavior [ RunTime:0.000104s ]
INFO: [ view_filter ] --END-- [ RunTime:0.000183s ]
INFO: [ app_end ] --START--
INFO: Run Behavior\ShowPageTraceBehavior [ RunTime:0.000298s ]
INFO: [ app_end ] --END-- [ RunTime:0.000334s ]

[ 2018-04-01T09:50:12+08:00 ] 14.17.22.32 /heartwaves/index.php/Admin/Organizeconstruct/adduser
INFO: [ app_init ] --START--
INFO: Run Behavior\BuildLiteBehavior [ RunTime:0.000026s ]
INFO: [ app_init ] --END-- [ RunTime:0.000384s ]
INFO: [ app_begin ] --START--
INFO: Run Behavior\ReadHtmlCacheBehavior [ RunTime:0.000413s ]
INFO: [ app_begin ] --END-- [ RunTime:0.000464s ]
SQL: SHOW COLUMNS FROM `h_organization` [ RunTime:0.0006s ]
NOTIC: [8] Undefined index: id /data/www/html/heartwaves/Application/Admin/Controller/OrganizeconstructController.class.php 第 58 行.
SQL: SELECT `name`,`id` FROM `h_organization` WHERE ( jl_id='' )  [ RunTime:0.0004s ]
INFO: [ view_parse ] --START--
INFO: [ template_filter ] --START--
INFO: Run Behavior\ContentReplaceBehavior [ RunTime:0.000115s ]
INFO: [ template_filter ] --END-- [ RunTime:0.000159s ]
NOTIC: [8] Undefined index: username /data/www/html/heartwaves/Application/Runtime/Cache/Admin/cd7834f6260af1c6ddc7451e8ce51ef4.php 第 49 行.
NOTIC: [8] Undefined index: id /data/www/html/heartwaves/Application/Runtime/Cache/Admin/cd7834f6260af1c6ddc7451e8ce51ef4.php 第 58 行.
NOTIC: [8] Undefined index: id /data/www/html/heartwaves/Application/Runtime/Cache/Admin/cd7834f6260af1c6ddc7451e8ce51ef4.php 第 71 行.
NOTIC: [8] Undefined index: id /data/www/html/heartwaves/Application/Runtime/Cache/Admin/cd7834f6260af1c6ddc7451e8ce51ef4.php 第 118 行.
NOTIC: [8] Undefined index: id /data/www/html/heartwaves/Application/Runtime/Cache/Admin/cd7834f6260af1c6ddc7451e8ce51ef4.php 第 136 行.
NOTIC: [8] Undefined variable: v /data/www/html/heartwaves/Application/Runtime/Cache/Admin/cd7834f6260af1c6ddc7451e8ce51ef4.php 第 259 行.
NOTIC: [8] Undefined variable: v /data/www/html/heartwaves/Application/Runtime/Cache/Admin/cd7834f6260af1c6ddc7451e8ce51ef4.php 第 260 行.
NOTIC: [8] Undefined variable: arr2 /data/www/html/heartwaves/Application/Runtime/Cache/Admin/cd7834f6260af1c6ddc7451e8ce51ef4.php 第 264 行.
INFO: Run Behavior\ParseTemplateBehavior [ RunTime:0.009558s ]
INFO: [ view_parse ] --END-- [ RunTime:0.009604s ]
INFO: [ view_filter ] --START--
INFO: Run Behavior\WriteHtmlCacheBehavior [ RunTime:0.000114s ]
INFO: [ view_filter ] --END-- [ RunTime:0.000140s ]
INFO: [ app_end ] --START--
INFO: Run Behavior\ShowPageTraceBehavior [ RunTime:0.000316s ]
INFO: [ app_end ] --END-- [ RunTime:0.000351s ]

