[ 2018-04-03T00:02:21+08:00 ] 106.120.160.109 /heartwaves/index.php?m=Admin&c=Organizeconstruct&a=usermanager
INFO: [ app_init ] --START--
INFO: Run Behavior\BuildLiteBehavior [ RunTime:0.000012s ]
INFO: [ app_init ] --END-- [ RunTime:0.000228s ]
INFO: [ app_begin ] --START--
INFO: Run Behavior\ReadHtmlCacheBehavior [ RunTime:0.000280s ]
INFO: [ app_begin ] --END-- [ RunTime:0.000313s ]
SQL: SHOW COLUMNS FROM `h_user` [ RunTime:0.0007s ]
NOTIC: [8] Use of undefined constant id - assumed 'id' /data/www/html/heartwaves/Application/Admin/Controller/OrganizeconstructController.class.php 第 9 行.
NOTIC: [8] Undefined index: id /data/www/html/heartwaves/Application/Admin/Controller/OrganizeconstructController.class.php 第 9 行.
NOTIC: [8] Undefined index: id /data/www/html/heartwaves/Application/Admin/Controller/OrganizeconstructController.class.php 第 18 行.
SQL: SELECT * FROM `h_user` WHERE ( jl_id='' ) ORDER BY id desc  [ RunTime:0.0004s ]
NOTIC: [8] Undefined index: id /data/www/html/heartwaves/Application/Admin/Controller/OrganizeconstructController.class.php 第 24 行.
SQL: SELECT * FROM `h_user` WHERE ( jl_id='' ) ORDER BY id desc LIMIT 0,10   [ RunTime:0.0004s ]
SQL: SHOW COLUMNS FROM `h_organization` [ RunTime:0.0005s ]
NOTIC: [8] Undefined index: id /data/www/html/heartwaves/Application/Admin/Controller/OrganizeconstructController.class.php 第 26 行.
SQL: SELECT `name`,`id` FROM `h_organization` WHERE ( jl_id='' )  [ RunTime:0.0003s ]
INFO: [ view_parse ] --START--
INFO: [ template_filter ] --START--
INFO: Run Behavior\ContentReplaceBehavior [ RunTime:0.000095s ]
INFO: [ template_filter ] --END-- [ RunTime:0.000141s ]
NOTIC: [8] Undefined index: username /data/www/html/heartwaves/Application/Runtime/Cache/Admin/6ea1f592fe4813594e02d8c7efd3f0ef.php 第 50 行.
NOTIC: [8] Undefined index: id /data/www/html/heartwaves/Application/Runtime/Cache/Admin/6ea1f592fe4813594e02d8c7efd3f0ef.php 第 59 行.
NOTIC: [8] Undefined index: id /data/www/html/heartwaves/Application/Runtime/Cache/Admin/6ea1f592fe4813594e02d8c7efd3f0ef.php 第 72 行.
NOTIC: [8] Undefined index: id /data/www/html/heartwaves/Application/Runtime/Cache/Admin/6ea1f592fe4813594e02d8c7efd3f0ef.php 第 119 行.
NOTIC: [8] Undefined index: id /data/www/html/heartwaves/Application/Runtime/Cache/Admin/6ea1f592fe4813594e02d8c7efd3f0ef.php 第 137 行.
NOTIC: [8] Undefined index: id /data/www/html/heartwaves/Application/Runtime/Cache/Admin/6ea1f592fe4813594e02d8c7efd3f0ef.php 第 241 行.
INFO: Run Behavior\ParseTemplateBehavior [ RunTime:0.010770s ]
INFO: [ view_parse ] --END-- [ RunTime:0.010807s ]
INFO: [ view_filter ] --START--
INFO: Run Behavior\WriteHtmlCacheBehavior [ RunTime:0.000102s ]
INFO: [ view_filter ] --END-- [ RunTime:0.000125s ]
INFO: [ app_end ] --START--
INFO: Run Behavior\ShowPageTraceBehavior [ RunTime:0.000316s ]
INFO: [ app_end ] --END-- [ RunTime:0.000351s ]

[ 2018-04-03T00:02:35+08:00 ] 101.199.108.54 /heartwaves/index.php?m=Admin&c=Organizeconstruct&a=usermanager
INFO: [ app_init ] --START--
INFO: Run Behavior\BuildLiteBehavior [ RunTime:0.000016s ]
INFO: [ app_init ] --END-- [ RunTime:0.000289s ]
INFO: [ app_begin ] --START--
INFO: Run Behavior\ReadHtmlCacheBehavior [ RunTime:0.000384s ]
INFO: [ app_begin ] --END-- [ RunTime:0.000431s ]
SQL: SHOW COLUMNS FROM `h_user` [ RunTime:0.0007s ]
NOTIC: [8] Use of undefined constant id - assumed 'id' /data/www/html/heartwaves/Application/Admin/Controller/OrganizeconstructController.class.php 第 9 行.
NOTIC: [8] Undefined index: id /data/www/html/heartwaves/Application/Admin/Controller/OrganizeconstructController.class.php 第 9 行.
NOTIC: [8] Undefined index: id /data/www/html/heartwaves/Application/Admin/Controller/OrganizeconstructController.class.php 第 18 行.
SQL: SELECT * FROM `h_user` WHERE ( jl_id='' ) ORDER BY id desc  [ RunTime:0.0005s ]
NOTIC: [8] Undefined index: id /data/www/html/heartwaves/Application/Admin/Controller/OrganizeconstructController.class.php 第 24 行.
SQL: SELECT * FROM `h_user` WHERE ( jl_id='' ) ORDER BY id desc LIMIT 0,10   [ RunTime:0.0004s ]
SQL: SHOW COLUMNS FROM `h_organization` [ RunTime:0.0004s ]
NOTIC: [8] Undefined index: id /data/www/html/heartwaves/Application/Admin/Controller/OrganizeconstructController.class.php 第 26 行.
SQL: SELECT `name`,`id` FROM `h_organization` WHERE ( jl_id='' )  [ RunTime:0.0003s ]
INFO: [ view_parse ] --START--
INFO: [ template_filter ] --START--
INFO: Run Behavior\ContentReplaceBehavior [ RunTime:0.000078s ]
INFO: [ template_filter ] --END-- [ RunTime:0.000119s ]
NOTIC: [8] Undefined index: username /data/www/html/heartwaves/Application/Runtime/Cache/Admin/6ea1f592fe4813594e02d8c7efd3f0ef.php 第 50 行.
NOTIC: [8] Undefined index: id /data/www/html/heartwaves/Application/Runtime/Cache/Admin/6ea1f592fe4813594e02d8c7efd3f0ef.php 第 59 行.
NOTIC: [8] Undefined index: id /data/www/html/heartwaves/Application/Runtime/Cache/Admin/6ea1f592fe4813594e02d8c7efd3f0ef.php 第 72 行.
NOTIC: [8] Undefined index: id /data/www/html/heartwaves/Application/Runtime/Cache/Admin/6ea1f592fe4813594e02d8c7efd3f0ef.php 第 119 行.
NOTIC: [8] Undefined index: id /data/www/html/heartwaves/Application/Runtime/Cache/Admin/6ea1f592fe4813594e02d8c7efd3f0ef.php 第 137 行.
NOTIC: [8] Undefined index: id /data/www/html/heartwaves/Application/Runtime/Cache/Admin/6ea1f592fe4813594e02d8c7efd3f0ef.php 第 241 行.
INFO: Run Behavior\ParseTemplateBehavior [ RunTime:0.009831s ]
INFO: [ view_parse ] --END-- [ RunTime:0.009862s ]
INFO: [ view_filter ] --START--
INFO: Run Behavior\WriteHtmlCacheBehavior [ RunTime:0.000096s ]
INFO: [ view_filter ] --END-- [ RunTime:0.000119s ]
INFO: [ app_end ] --START--
INFO: Run Behavior\ShowPageTraceBehavior [ RunTime:0.000337s ]
INFO: [ app_end ] --END-- [ RunTime:0.000377s ]

[ 2018-04-03T00:15:11+08:00 ] 106.120.160.109 /heartwaves/index.php?m=Admin&c=Organizeconstruct&a=jsmanager
INFO: [ app_init ] --START--
INFO: Run Behavior\BuildLiteBehavior [ RunTime:0.000012s ]
INFO: [ app_init ] --END-- [ RunTime:0.000212s ]
INFO: [ app_begin ] --START--
INFO: Run Behavior\ReadHtmlCacheBehavior [ RunTime:0.000284s ]
INFO: [ app_begin ] --END-- [ RunTime:0.000317s ]
SQL: SHOW COLUMNS FROM `h_js` [ RunTime:0.0007s ]
NOTIC: [8] Undefined index: id /data/www/html/heartwaves/Application/Admin/Controller/OrganizeconstructController.class.php 第 252 行.
ERR: SQLSTATE[42000]: Syntax error or access violation: 1064 You have an error in your SQL syntax; check the manual that corresponds to your MySQL server version for the right syntax to use near ')' at line 1

[ 2018-04-03T00:15:24+08:00 ] 101.199.108.54 /heartwaves/index.php?m=Admin&c=Organizeconstruct&a=jsmanager
INFO: [ app_init ] --START--
INFO: Run Behavior\BuildLiteBehavior [ RunTime:0.000016s ]
INFO: [ app_init ] --END-- [ RunTime:0.000255s ]
INFO: [ app_begin ] --START--
INFO: Run Behavior\ReadHtmlCacheBehavior [ RunTime:0.000294s ]
INFO: [ app_begin ] --END-- [ RunTime:0.000328s ]
SQL: SHOW COLUMNS FROM `h_js` [ RunTime:0.0006s ]
NOTIC: [8] Undefined index: id /data/www/html/heartwaves/Application/Admin/Controller/OrganizeconstructController.class.php 第 252 行.
ERR: SQLSTATE[42000]: Syntax error or access violation: 1064 You have an error in your SQL syntax; check the manual that corresponds to your MySQL server version for the right syntax to use near ')' at line 1

[ 2018-04-03T00:15:24+08:00 ] 182.118.20.150 /heartwaves/index.php?m=Admin&c=Organizeconstruct&a=jsmanager
INFO: [ app_init ] --START--
INFO: Run Behavior\BuildLiteBehavior [ RunTime:0.000014s ]
INFO: [ app_init ] --END-- [ RunTime:0.000209s ]
INFO: [ app_begin ] --START--
INFO: Run Behavior\ReadHtmlCacheBehavior [ RunTime:0.000281s ]
INFO: [ app_begin ] --END-- [ RunTime:0.000315s ]
SQL: SHOW COLUMNS FROM `h_js` [ RunTime:0.0006s ]
NOTIC: [8] Undefined index: id /data/www/html/heartwaves/Application/Admin/Controller/OrganizeconstructController.class.php 第 252 行.
ERR: SQLSTATE[42000]: Syntax error or access violation: 1064 You have an error in your SQL syntax; check the manual that corresponds to your MySQL server version for the right syntax to use near ')' at line 1

[ 2018-04-03T00:15:27+08:00 ] 101.199.108.50 /heartwaves/index.php?m=Admin&c=Organizeconstruct&a=jsmanager
INFO: [ app_init ] --START--
INFO: Run Behavior\BuildLiteBehavior [ RunTime:0.000018s ]
INFO: [ app_init ] --END-- [ RunTime:0.000326s ]
INFO: [ app_begin ] --START--
INFO: Run Behavior\ReadHtmlCacheBehavior [ RunTime:0.000277s ]
INFO: [ app_begin ] --END-- [ RunTime:0.000314s ]
SQL: SHOW COLUMNS FROM `h_js` [ RunTime:0.0006s ]
NOTIC: [8] Undefined index: id /data/www/html/heartwaves/Application/Admin/Controller/OrganizeconstructController.class.php 第 252 行.
ERR: SQLSTATE[42000]: Syntax error or access violation: 1064 You have an error in your SQL syntax; check the manual that corresponds to your MySQL server version for the right syntax to use near ')' at line 1

[ 2018-04-03T00:15:27+08:00 ] 101.199.108.50 /heartwaves/index.php?m=Admin&c=Organizeconstruct&a=jsmanager
INFO: [ app_init ] --START--
INFO: Run Behavior\BuildLiteBehavior [ RunTime:0.000015s ]
INFO: [ app_init ] --END-- [ RunTime:0.000268s ]
INFO: [ app_begin ] --START--
INFO: Run Behavior\ReadHtmlCacheBehavior [ RunTime:0.000272s ]
INFO: [ app_begin ] --END-- [ RunTime:0.000318s ]
SQL: SHOW COLUMNS FROM `h_js` [ RunTime:0.0005s ]
NOTIC: [8] Undefined index: id /data/www/html/heartwaves/Application/Admin/Controller/OrganizeconstructController.class.php 第 252 行.
ERR: SQLSTATE[42000]: Syntax error or access violation: 1064 You have an error in your SQL syntax; check the manual that corresponds to your MySQL server version for the right syntax to use near ')' at line 1

[ 2018-04-03T00:15:30+08:00 ] 101.199.108.52 /heartwaves/index.php?m=Admin&c=Organizeconstruct&a=jsmanager
INFO: [ app_init ] --START--
INFO: Run Behavior\BuildLiteBehavior [ RunTime:0.000013s ]
INFO: [ app_init ] --END-- [ RunTime:0.000244s ]
INFO: [ app_begin ] --START--
INFO: Run Behavior\ReadHtmlCacheBehavior [ RunTime:0.000278s ]
INFO: [ app_begin ] --END-- [ RunTime:0.000312s ]
SQL: SHOW COLUMNS FROM `h_js` [ RunTime:0.0007s ]
NOTIC: [8] Undefined index: id /data/www/html/heartwaves/Application/Admin/Controller/OrganizeconstructController.class.php 第 252 行.
ERR: SQLSTATE[42000]: Syntax error or access violation: 1064 You have an error in your SQL syntax; check the manual that corresponds to your MySQL server version for the right syntax to use near ')' at line 1

[ 2018-04-03T02:11:25+08:00 ] 183.57.53.222 /heartwaves/index.php/Admin/Organizeconstruct/viewuser/id/48
INFO: [ app_init ] --START--
INFO: Run Behavior\BuildLiteBehavior [ RunTime:0.000012s ]
INFO: [ app_init ] --END-- [ RunTime:0.000246s ]
INFO: [ app_begin ] --START--
INFO: Run Behavior\ReadHtmlCacheBehavior [ RunTime:0.000336s ]
INFO: [ app_begin ] --END-- [ RunTime:0.000374s ]
SQL: SHOW COLUMNS FROM `h_organization` [ RunTime:0.0006s ]
SQL: SELECT `name` FROM `h_organization` WHERE ( id = '48' ) LIMIT 1   [ RunTime:0.0004s ]
SQL: SHOW COLUMNS FROM `h_user` [ RunTime:0.0006s ]
NOTIC: [8] Undefined index: id /data/www/html/heartwaves/Application/Admin/Controller/OrganizeconstructController.class.php 第 619 行.
SQL: SELECT * FROM `h_user` WHERE ( groups = '测试组' and jl_id='' )  [ RunTime:0.0005s ]
SQL: SELECT * FROM `h_user` WHERE ( groups = '测试组' ) LIMIT 0,10   [ RunTime:0.0004s ]
INFO: [ view_parse ] --START--
INFO: [ template_filter ] --START--
INFO: Run Behavior\ContentReplaceBehavior [ RunTime:0.000093s ]
INFO: [ template_filter ] --END-- [ RunTime:0.000148s ]
NOTIC: [8] Undefined index: username /data/www/html/heartwaves/Application/Runtime/Cache/Admin/b3d4cd1552acd961880f8a339c459730.php 第 50 行.
NOTIC: [8] Undefined index: id /data/www/html/heartwaves/Application/Runtime/Cache/Admin/b3d4cd1552acd961880f8a339c459730.php 第 59 行.
NOTIC: [8] Undefined index: id /data/www/html/heartwaves/Application/Runtime/Cache/Admin/b3d4cd1552acd961880f8a339c459730.php 第 72 行.
NOTIC: [8] Undefined index: id /data/www/html/heartwaves/Application/Runtime/Cache/Admin/b3d4cd1552acd961880f8a339c459730.php 第 119 行.
NOTIC: [8] Undefined index: id /data/www/html/heartwaves/Application/Runtime/Cache/Admin/b3d4cd1552acd961880f8a339c459730.php 第 137 行.
NOTIC: [8] Undefined index: observe /data/www/html/heartwaves/Application/Runtime/Cache/Admin/b3d4cd1552acd961880f8a339c459730.php 第 293 行.
NOTIC: [8] Undefined index: rember /data/www/html/heartwaves/Application/Runtime/Cache/Admin/b3d4cd1552acd961880f8a339c459730.php 第 294 行.
NOTIC: [8] Undefined index: emotion /data/www/html/heartwaves/Application/Runtime/Cache/Admin/b3d4cd1552acd961880f8a339c459730.php 第 295 行.
NOTIC: [8] Undefined index: willpower /data/www/html/heartwaves/Application/Runtime/Cache/Admin/b3d4cd1552acd961880f8a339c459730.php 第 296 行.
NOTIC: [8] Undefined index: thinking /data/www/html/heartwaves/Application/Runtime/Cache/Admin/b3d4cd1552acd961880f8a339c459730.php 第 297 行.
INFO: Run Behavior\ParseTemplateBehavior [ RunTime:0.010552s ]
INFO: [ view_parse ] --END-- [ RunTime:0.010595s ]
INFO: [ view_filter ] --START--
INFO: Run Behavior\WriteHtmlCacheBehavior [ RunTime:0.000111s ]
INFO: [ view_filter ] --END-- [ RunTime:0.000135s ]
INFO: [ app_end ] --START--
INFO: Run Behavior\ShowPageTraceBehavior [ RunTime:0.000323s ]
INFO: [ app_end ] --END-- [ RunTime:0.000363s ]

[ 2018-04-03T17:31:08+08:00 ] 61.135.169.81 /heartwaves/index.php?m=Admin&c=Login&a=login
INFO: [ app_init ] --START--
INFO: Run Behavior\BuildLiteBehavior [ RunTime:0.000014s ]
INFO: [ app_init ] --END-- [ RunTime:0.000337s ]
INFO: [ app_begin ] --START--
INFO: Run Behavior\ReadHtmlCacheBehavior [ RunTime:0.000257s ]
INFO: [ app_begin ] --END-- [ RunTime:0.000292s ]
INFO: [ view_parse ] --START--
INFO: [ template_filter ] --START--
INFO: Run Behavior\ContentReplaceBehavior [ RunTime:0.000030s ]
INFO: [ template_filter ] --END-- [ RunTime:0.000081s ]
INFO: Run Behavior\ParseTemplateBehavior [ RunTime:0.003838s ]
INFO: [ view_parse ] --END-- [ RunTime:0.003888s ]
INFO: [ view_filter ] --START--
INFO: Run Behavior\WriteHtmlCacheBehavior [ RunTime:0.000109s ]
INFO: [ view_filter ] --END-- [ RunTime:0.000134s ]
INFO: [ app_end ] --START--
INFO: Run Behavior\ShowPageTraceBehavior [ RunTime:0.000275s ]
INFO: [ app_end ] --END-- [ RunTime:0.000302s ]

[ 2018-04-03T17:31:18+08:00 ] 61.135.169.81 /heartwaves/index.php?m=Admin&c=Login&a=checklogin
INFO: [ app_init ] --START--
INFO: Run Behavior\BuildLiteBehavior [ RunTime:0.000013s ]
INFO: [ app_init ] --END-- [ RunTime:0.000225s ]
INFO: [ app_begin ] --START--
INFO: Run Behavior\ReadHtmlCacheBehavior [ RunTime:0.000243s ]
INFO: [ app_begin ] --END-- [ RunTime:0.000276s ]
SQL: SHOW COLUMNS FROM `h_jingli` [ RunTime:0.0007s ]
SQL: SELECT * FROM `h_jingli` WHERE ( username='北京易泰合和' AND password='14e1b600b1fd579f47433b88e8d85291' AND status ='0' ) LIMIT 1   [ RunTime:0.0005s ]
SQL: UPDATE `h_jingli` SET `lat_time`='1522747878' WHERE ( id='41' ) [ RunTime:0.0005s ]
INFO: [ view_parse ] --START--
INFO: [ template_filter ] --START--
INFO: Run Behavior\ContentReplaceBehavior [ RunTime:0.000060s ]
INFO: [ template_filter ] --END-- [ RunTime:0.000108s ]
INFO: Run Behavior\ParseTemplateBehavior [ RunTime:0.004771s ]
INFO: [ view_parse ] --END-- [ RunTime:0.004813s ]
INFO: [ view_filter ] --START--
INFO: Run Behavior\WriteHtmlCacheBehavior [ RunTime:0.000120s ]
INFO: [ view_filter ] --END-- [ RunTime:0.000159s ]
INFO: [ app_end ] --START--
INFO: Run Behavior\ShowPageTraceBehavior [ RunTime:0.000391s ]
INFO: [ app_end ] --END-- [ RunTime:0.000428s ]

[ 2018-04-03T17:31:20+08:00 ] 61.135.169.81 /heartwaves/index.php?m=Admin&c=Index&a=index
INFO: [ app_init ] --START--
INFO: Run Behavior\BuildLiteBehavior [ RunTime:0.000013s ]
INFO: [ app_init ] --END-- [ RunTime:0.000202s ]
INFO: [ app_begin ] --START--
INFO: Run Behavior\ReadHtmlCacheBehavior [ RunTime:0.000267s ]
INFO: [ app_begin ] --END-- [ RunTime:0.000298s ]
SQL: SHOW COLUMNS FROM `h_jingli` [ RunTime:0.0007s ]
SQL: SELECT * FROM `h_jingli` WHERE ( username = '北京易泰合和' ) LIMIT 1   [ RunTime:0.0005s ]
SQL: SHOW COLUMNS FROM `h_user` [ RunTime:0.0006s ]
SQL: SELECT COUNT(*) AS tp_count FROM `h_user` LIMIT 1   [ RunTime:0.0003s ]
SQL: SHOW COLUMNS FROM `h_article` [ RunTime:0.0006s ]
SQL: SELECT COUNT(*) AS tp_count FROM `h_article` LIMIT 1   [ RunTime:0.0003s ]
SQL: SHOW COLUMNS FROM `h_liuyan` [ RunTime:0.0005s ]
SQL: SELECT COUNT(*) AS tp_count FROM `h_liuyan` LIMIT 1   [ RunTime:0.0003s ]
SQL: SHOW COLUMNS FROM `h_comment` [ RunTime:0.0005s ]
SQL: SELECT COUNT(*) AS tp_count FROM `h_comment` LIMIT 1   [ RunTime:0.0003s ]
NOTIC: [2] file_get_contents(http://www.lcm.wang/index.php/Home/Index/getVersion): failed to open stream: HTTP request failed! HTTP/1.1 404 Not Found
 /data/www/html/heartwaves/Application/Admin/Controller/IndexController.class.php 第 18 行.
INFO: [ view_parse ] --START--
INFO: [ template_filter ] --START--
INFO: Run Behavior\ContentReplaceBehavior [ RunTime:0.000078s ]
INFO: [ template_filter ] --END-- [ RunTime:0.000128s ]
NOTIC: [8] Undefined index: PROCESSOR_IDENTIFIER /data/www/html/heartwaves/Application/Runtime/Cache/Admin/b595b808c2ebeeeb0478ffc30bb4e87a.php 第 378 行.
INFO: Run Behavior\ParseTemplateBehavior [ RunTime:0.010082s ]
INFO: [ view_parse ] --END-- [ RunTime:0.010133s ]
INFO: [ view_filter ] --START--
INFO: Run Behavior\WriteHtmlCacheBehavior [ RunTime:0.000101s ]
INFO: [ view_filter ] --END-- [ RunTime:0.000130s ]
INFO: [ app_end ] --START--
INFO: Run Behavior\ShowPageTraceBehavior [ RunTime:0.000293s ]
INFO: [ app_end ] --END-- [ RunTime:0.000327s ]

[ 2018-04-03T17:31:21+08:00 ] 61.135.169.81 /heartwaves/index.php?m=Admin&c=Organizeconstruct&a=orgmanager
INFO: [ app_init ] --START--
INFO: Run Behavior\BuildLiteBehavior [ RunTime:0.000013s ]
INFO: [ app_init ] --END-- [ RunTime:0.000309s ]
INFO: [ app_begin ] --START--
INFO: Run Behavior\ReadHtmlCacheBehavior [ RunTime:0.000302s ]
INFO: [ app_begin ] --END-- [ RunTime:0.000338s ]
SQL: SHOW COLUMNS FROM `h_organization` [ RunTime:0.0007s ]
SQL: SELECT * FROM `h_organization` WHERE ( jl_id='41' )  [ RunTime:0.0013s ]
SQL: SELECT * FROM `h_organization` WHERE ( jl_id='41' ) ORDER BY id desc LIMIT 0,10   [ RunTime:0.0006s ]
INFO: [ view_parse ] --START--
INFO: [ template_filter ] --START--
INFO: Run Behavior\ContentReplaceBehavior [ RunTime:0.000116s ]
INFO: [ template_filter ] --END-- [ RunTime:0.000188s ]
INFO: Run Behavior\ParseTemplateBehavior [ RunTime:0.011108s ]
INFO: [ view_parse ] --END-- [ RunTime:0.011161s ]
INFO: [ view_filter ] --START--
INFO: Run Behavior\WriteHtmlCacheBehavior [ RunTime:0.000106s ]
INFO: [ view_filter ] --END-- [ RunTime:0.000160s ]
INFO: [ app_end ] --START--
INFO: Run Behavior\ShowPageTraceBehavior [ RunTime:0.000308s ]
INFO: [ app_end ] --END-- [ RunTime:0.000339s ]

[ 2018-04-03T17:31:25+08:00 ] 61.135.169.81 /heartwaves/index.php/Admin/Organizeconstruct/viewuser/id/47
INFO: [ app_init ] --START--
INFO: Run Behavior\BuildLiteBehavior [ RunTime:0.000012s ]
INFO: [ app_init ] --END-- [ RunTime:0.000202s ]
INFO: [ app_begin ] --START--
INFO: Run Behavior\ReadHtmlCacheBehavior [ RunTime:0.000273s ]
INFO: [ app_begin ] --END-- [ RunTime:0.000315s ]
SQL: SHOW COLUMNS FROM `h_organization` [ RunTime:0.0006s ]
SQL: SELECT `name` FROM `h_organization` WHERE ( id = '47' ) LIMIT 1   [ RunTime:0.0004s ]
SQL: SHOW COLUMNS FROM `h_user` [ RunTime:0.0006s ]
SQL: SELECT * FROM `h_user` WHERE ( groups = '小孩组' and jl_id='41' )  [ RunTime:0.0005s ]
SQL: SELECT * FROM `h_user` WHERE ( groups = '小孩组' ) LIMIT 0,10   [ RunTime:0.0004s ]
INFO: [ view_parse ] --START--
INFO: [ template_filter ] --START--
INFO: Run Behavior\ContentReplaceBehavior [ RunTime:0.000079s ]
INFO: [ template_filter ] --END-- [ RunTime:0.000136s ]
NOTIC: [8] Undefined index: observe /data/www/html/heartwaves/Application/Runtime/Cache/Admin/b3d4cd1552acd961880f8a339c459730.php 第 293 行.
NOTIC: [8] Undefined index: rember /data/www/html/heartwaves/Application/Runtime/Cache/Admin/b3d4cd1552acd961880f8a339c459730.php 第 294 行.
NOTIC: [8] Undefined index: emotion /data/www/html/heartwaves/Application/Runtime/Cache/Admin/b3d4cd1552acd961880f8a339c459730.php 第 295 行.
NOTIC: [8] Undefined index: willpower /data/www/html/heartwaves/Application/Runtime/Cache/Admin/b3d4cd1552acd961880f8a339c459730.php 第 296 行.
NOTIC: [8] Undefined index: thinking /data/www/html/heartwaves/Application/Runtime/Cache/Admin/b3d4cd1552acd961880f8a339c459730.php 第 297 行.
NOTIC: [8] Undefined index: observe /data/www/html/heartwaves/Application/Runtime/Cache/Admin/b3d4cd1552acd961880f8a339c459730.php 第 293 行.
NOTIC: [8] Undefined index: rember /data/www/html/heartwaves/Application/Runtime/Cache/Admin/b3d4cd1552acd961880f8a339c459730.php 第 294 行.
NOTIC: [8] Undefined index: emotion /data/www/html/heartwaves/Application/Runtime/Cache/Admin/b3d4cd1552acd961880f8a339c459730.php 第 295 行.
NOTIC: [8] Undefined index: willpower /data/www/html/heartwaves/Application/Runtime/Cache/Admin/b3d4cd1552acd961880f8a339c459730.php 第 296 行.
NOTIC: [8] Undefined index: thinking /data/www/html/heartwaves/Application/Runtime/Cache/Admin/b3d4cd1552acd961880f8a339c459730.php 第 297 行.
NOTIC: [8] Undefined index: observe /data/www/html/heartwaves/Application/Runtime/Cache/Admin/b3d4cd1552acd961880f8a339c459730.php 第 293 行.
NOTIC: [8] Undefined index: rember /data/www/html/heartwaves/Application/Runtime/Cache/Admin/b3d4cd1552acd961880f8a339c459730.php 第 294 行.
NOTIC: [8] Undefined index: emotion /data/www/html/heartwaves/Application/Runtime/Cache/Admin/b3d4cd1552acd961880f8a339c459730.php 第 295 行.
NOTIC: [8] Undefined index: willpower /data/www/html/heartwaves/Application/Runtime/Cache/Admin/b3d4cd1552acd961880f8a339c459730.php 第 296 行.
NOTIC: [8] Undefined index: thinking /data/www/html/heartwaves/Application/Runtime/Cache/Admin/b3d4cd1552acd961880f8a339c459730.php 第 297 行.
NOTIC: [8] Undefined index: observe /data/www/html/heartwaves/Application/Runtime/Cache/Admin/b3d4cd1552acd961880f8a339c459730.php 第 293 行.
NOTIC: [8] Undefined index: rember /data/www/html/heartwaves/Application/Runtime/Cache/Admin/b3d4cd1552acd961880f8a339c459730.php 第 294 行.
NOTIC: [8] Undefined index: emotion /data/www/html/heartwaves/Application/Runtime/Cache/Admin/b3d4cd1552acd961880f8a339c459730.php 第 295 行.
NOTIC: [8] Undefined index: willpower /data/www/html/heartwaves/Application/Runtime/Cache/Admin/b3d4cd1552acd961880f8a339c459730.php 第 296 行.
NOTIC: [8] Undefined index: thinking /data/www/html/heartwaves/Application/Runtime/Cache/Admin/b3d4cd1552acd961880f8a339c459730.php 第 297 行.
NOTIC: [8] Undefined index: observe /data/www/html/heartwaves/Application/Runtime/Cache/Admin/b3d4cd1552acd961880f8a339c459730.php 第 293 行.
NOTIC: [8] Undefined index: rember /data/www/html/heartwaves/Application/Runtime/Cache/Admin/b3d4cd1552acd961880f8a339c459730.php 第 294 行.
NOTIC: [8] Undefined index: emotion /data/www/html/heartwaves/Application/Runtime/Cache/Admin/b3d4cd1552acd961880f8a339c459730.php 第 295 行.
NOTIC: [8] Undefined index: willpower /data/www/html/heartwaves/Application/Runtime/Cache/Admin/b3d4cd1552acd961880f8a339c459730.php 第 296 行.
NOTIC: [8] Undefined index: thinking /data/www/html/heartwaves/Application/Runtime/Cache/Admin/b3d4cd1552acd961880f8a339c459730.php 第 297 行.
NOTIC: [8] Undefined index: observe /data/www/html/heartwaves/Application/Runtime/Cache/Admin/b3d4cd1552acd961880f8a339c459730.php 第 293 行.
NOTIC: [8] Undefined index: rember /data/www/html/heartwaves/Application/Runtime/Cache/Admin/b3d4cd1552acd961880f8a339c459730.php 第 294 行.
NOTIC: [8] Undefined index: emotion /data/www/html/heartwaves/Application/Runtime/Cache/Admin/b3d4cd1552acd961880f8a339c459730.php 第 295 行.
NOTIC: [8] Undefined index: willpower /data/www/html/heartwaves/Application/Runtime/Cache/Admin/b3d4cd1552acd961880f8a339c459730.php 第 296 行.
NOTIC: [8] Undefined index: thinking /data/www/html/heartwaves/Application/Runtime/Cache/Admin/b3d4cd1552acd961880f8a339c459730.php 第 297 行.
NOTIC: [8] Undefined index: observe /data/www/html/heartwaves/Application/Runtime/Cache/Admin/b3d4cd1552acd961880f8a339c459730.php 第 293 行.
NOTIC: [8] Undefined index: rember /data/www/html/heartwaves/Application/Runtime/Cache/Admin/b3d4cd1552acd961880f8a339c459730.php 第 294 行.
NOTIC: [8] Undefined index: emotion /data/www/html/heartwaves/Application/Runtime/Cache/Admin/b3d4cd1552acd961880f8a339c459730.php 第 295 行.
NOTIC: [8] Undefined index: willpower /data/www/html/heartwaves/Application/Runtime/Cache/Admin/b3d4cd1552acd961880f8a339c459730.php 第 296 行.
NOTIC: [8] Undefined index: thinking /data/www/html/heartwaves/Application/Runtime/Cache/Admin/b3d4cd1552acd961880f8a339c459730.php 第 297 行.
NOTIC: [8] Undefined index: observe /data/www/html/heartwaves/Application/Runtime/Cache/Admin/b3d4cd1552acd961880f8a339c459730.php 第 293 行.
NOTIC: [8] Undefined index: rember /data/www/html/heartwaves/Application/Runtime/Cache/Admin/b3d4cd1552acd961880f8a339c459730.php 第 294 行.
NOTIC: [8] Undefined index: emotion /data/www/html/heartwaves/Application/Runtime/Cache/Admin/b3d4cd1552acd961880f8a339c459730.php 第 295 行.
NOTIC: [8] Undefined index: willpower /data/www/html/heartwaves/Application/Runtime/Cache/Admin/b3d4cd1552acd961880f8a339c459730.php 第 296 行.
NOTIC: [8] Undefined index: thinking /data/www/html/heartwaves/Application/Runtime/Cache/Admin/b3d4cd1552acd961880f8a339c459730.php 第 297 行.
NOTIC: [8] Undefined index: observe /data/www/html/heartwaves/Application/Runtime/Cache/Admin/b3d4cd1552acd961880f8a339c459730.php 第 293 行.
NOTIC: [8] Undefined index: rember /data/www/html/heartwaves/Application/Runtime/Cache/Admin/b3d4cd1552acd961880f8a339c459730.php 第 294 行.
NOTIC: [8] Undefined index: emotion /data/www/html/heartwaves/Application/Runtime/Cache/Admin/b3d4cd1552acd961880f8a339c459730.php 第 295 行.
NOTIC: [8] Undefined index: willpower /data/www/html/heartwaves/Application/Runtime/Cache/Admin/b3d4cd1552acd961880f8a339c459730.php 第 296 行.
NOTIC: [8] Undefined index: thinking /data/www/html/heartwaves/Application/Runtime/Cache/Admin/b3d4cd1552acd961880f8a339c459730.php 第 297 行.
NOTIC: [8] Undefined index: observe /data/www/html/heartwaves/Application/Runtime/Cache/Admin/b3d4cd1552acd961880f8a339c459730.php 第 293 行.
NOTIC: [8] Undefined index: rember /data/www/html/heartwaves/Application/Runtime/Cache/Admin/b3d4cd1552acd961880f8a339c459730.php 第 294 行.
NOTIC: [8] Undefined index: emotion /data/www/html/heartwaves/Application/Runtime/Cache/Admin/b3d4cd1552acd961880f8a339c459730.php 第 295 行.
NOTIC: [8] Undefined index: willpower /data/www/html/heartwaves/Application/Runtime/Cache/Admin/b3d4cd1552acd961880f8a339c459730.php 第 296 行.
NOTIC: [8] Undefined index: thinking /data/www/html/heartwaves/Application/Runtime/Cache/Admin/b3d4cd1552acd961880f8a339c459730.php 第 297 行.
INFO: Run Behavior\ParseTemplateBehavior [ RunTime:0.011542s ]
INFO: [ view_parse ] --END-- [ RunTime:0.011578s ]
INFO: [ view_filter ] --START--
INFO: Run Behavior\WriteHtmlCacheBehavior [ RunTime:0.000117s ]
INFO: [ view_filter ] --END-- [ RunTime:0.000141s ]
INFO: [ app_end ] --START--
INFO: Run Behavior\ShowPageTraceBehavior [ RunTime:0.000306s ]
INFO: [ app_end ] --END-- [ RunTime:0.000337s ]

[ 2018-04-03T17:31:32+08:00 ] 61.135.169.81 /heartwaves/index.php?m=Admin&c=Organizeconstruct&a=usermanager
INFO: [ app_init ] --START--
INFO: Run Behavior\BuildLiteBehavior [ RunTime:0.000011s ]
INFO: [ app_init ] --END-- [ RunTime:0.000195s ]
INFO: [ app_begin ] --START--
INFO: Run Behavior\ReadHtmlCacheBehavior [ RunTime:0.000249s ]
INFO: [ app_begin ] --END-- [ RunTime:0.000282s ]
SQL: SHOW COLUMNS FROM `h_user` [ RunTime:0.0007s ]
NOTIC: [8] Use of undefined constant id - assumed 'id' /data/www/html/heartwaves/Application/Admin/Controller/OrganizeconstructController.class.php 第 9 行.
SQL: SELECT * FROM `h_user` WHERE ( jl_id='41' ) ORDER BY id desc  [ RunTime:0.0005s ]
SQL: SELECT * FROM `h_user` WHERE ( jl_id='41' ) ORDER BY id desc LIMIT 0,10   [ RunTime:0.0004s ]
SQL: SHOW COLUMNS FROM `h_organization` [ RunTime:0.0004s ]
SQL: SELECT `name`,`id` FROM `h_organization` WHERE ( jl_id='41' )  [ RunTime:0.0003s ]
INFO: [ view_parse ] --START--
INFO: [ template_filter ] --START--
INFO: Run Behavior\ContentReplaceBehavior [ RunTime:0.000082s ]
INFO: [ template_filter ] --END-- [ RunTime:0.000125s ]
NOTIC: [8] Undefined index: observe /data/www/html/heartwaves/Application/Runtime/Cache/Admin/6ea1f592fe4813594e02d8c7efd3f0ef.php 第 309 行.
NOTIC: [8] Undefined index: rember /data/www/html/heartwaves/Application/Runtime/Cache/Admin/6ea1f592fe4813594e02d8c7efd3f0ef.php 第 310 行.
NOTIC: [8] Undefined index: emotion /data/www/html/heartwaves/Application/Runtime/Cache/Admin/6ea1f592fe4813594e02d8c7efd3f0ef.php 第 311 行.
NOTIC: [8] Undefined index: willpower /data/www/html/heartwaves/Application/Runtime/Cache/Admin/6ea1f592fe4813594e02d8c7efd3f0ef.php 第 312 行.
NOTIC: [8] Undefined index: thinking /data/www/html/heartwaves/Application/Runtime/Cache/Admin/6ea1f592fe4813594e02d8c7efd3f0ef.php 第 313 行.
NOTIC: [8] Undefined index: observe /data/www/html/heartwaves/Application/Runtime/Cache/Admin/6ea1f592fe4813594e02d8c7efd3f0ef.php 第 309 行.
NOTIC: [8] Undefined index: rember /data/www/html/heartwaves/Application/Runtime/Cache/Admin/6ea1f592fe4813594e02d8c7efd3f0ef.php 第 310 行.
NOTIC: [8] Undefined index: emotion /data/www/html/heartwaves/Application/Runtime/Cache/Admin/6ea1f592fe4813594e02d8c7efd3f0ef.php 第 311 行.
NOTIC: [8] Undefined index: willpower /data/www/html/heartwaves/Application/Runtime/Cache/Admin/6ea1f592fe4813594e02d8c7efd3f0ef.php 第 312 行.
NOTIC: [8] Undefined index: thinking /data/www/html/heartwaves/Application/Runtime/Cache/Admin/6ea1f592fe4813594e02d8c7efd3f0ef.php 第 313 行.
NOTIC: [8] Undefined index: observe /data/www/html/heartwaves/Application/Runtime/Cache/Admin/6ea1f592fe4813594e02d8c7efd3f0ef.php 第 309 行.
NOTIC: [8] Undefined index: rember /data/www/html/heartwaves/Application/Runtime/Cache/Admin/6ea1f592fe4813594e02d8c7efd3f0ef.php 第 310 行.
NOTIC: [8] Undefined index: emotion /data/www/html/heartwaves/Application/Runtime/Cache/Admin/6ea1f592fe4813594e02d8c7efd3f0ef.php 第 311 行.
NOTIC: [8] Undefined index: willpower /data/www/html/heartwaves/Application/Runtime/Cache/Admin/6ea1f592fe4813594e02d8c7efd3f0ef.php 第 312 行.
NOTIC: [8] Undefined index: thinking /data/www/html/heartwaves/Application/Runtime/Cache/Admin/6ea1f592fe4813594e02d8c7efd3f0ef.php 第 313 行.
NOTIC: [8] Undefined index: observe /data/www/html/heartwaves/Application/Runtime/Cache/Admin/6ea1f592fe4813594e02d8c7efd3f0ef.php 第 309 行.
NOTIC: [8] Undefined index: rember /data/www/html/heartwaves/Application/Runtime/Cache/Admin/6ea1f592fe4813594e02d8c7efd3f0ef.php 第 310 行.
NOTIC: [8] Undefined index: emotion /data/www/html/heartwaves/Application/Runtime/Cache/Admin/6ea1f592fe4813594e02d8c7efd3f0ef.php 第 311 行.
NOTIC: [8] Undefined index: willpower /data/www/html/heartwaves/Application/Runtime/Cache/Admin/6ea1f592fe4813594e02d8c7efd3f0ef.php 第 312 行.
NOTIC: [8] Undefined index: thinking /data/www/html/heartwaves/Application/Runtime/Cache/Admin/6ea1f592fe4813594e02d8c7efd3f0ef.php 第 313 行.
NOTIC: [8] Undefined index: observe /data/www/html/heartwaves/Application/Runtime/Cache/Admin/6ea1f592fe4813594e02d8c7efd3f0ef.php 第 309 行.
NOTIC: [8] Undefined index: rember /data/www/html/heartwaves/Application/Runtime/Cache/Admin/6ea1f592fe4813594e02d8c7efd3f0ef.php 第 310 行.
NOTIC: [8] Undefined index: emotion /data/www/html/heartwaves/Application/Runtime/Cache/Admin/6ea1f592fe4813594e02d8c7efd3f0ef.php 第 311 行.
NOTIC: [8] Undefined index: willpower /data/www/html/heartwaves/Application/Runtime/Cache/Admin/6ea1f592fe4813594e02d8c7efd3f0ef.php 第 312 行.
NOTIC: [8] Undefined index: thinking /data/www/html/heartwaves/Application/Runtime/Cache/Admin/6ea1f592fe4813594e02d8c7efd3f0ef.php 第 313 行.
INFO: Run Behavior\ParseTemplateBehavior [ RunTime:0.010235s ]
INFO: [ view_parse ] --END-- [ RunTime:0.010265s ]
INFO: [ view_filter ] --START--
INFO: Run Behavior\WriteHtmlCacheBehavior [ RunTime:0.000113s ]
INFO: [ view_filter ] --END-- [ RunTime:0.000137s ]
INFO: [ app_end ] --START--
INFO: Run Behavior\ShowPageTraceBehavior [ RunTime:0.000285s ]
INFO: [ app_end ] --END-- [ RunTime:0.000321s ]

[ 2018-04-03T17:31:37+08:00 ] 61.135.169.81 /heartwaves/index.php?m=Admin&c=Organizeconstruct&a=orgmanager
INFO: [ app_init ] --START--
INFO: Run Behavior\BuildLiteBehavior [ RunTime:0.000014s ]
INFO: [ app_init ] --END-- [ RunTime:0.000270s ]
INFO: [ app_begin ] --START--
INFO: Run Behavior\ReadHtmlCacheBehavior [ RunTime:0.000263s ]
INFO: [ app_begin ] --END-- [ RunTime:0.000295s ]
SQL: SHOW COLUMNS FROM `h_organization` [ RunTime:0.0006s ]
SQL: SELECT * FROM `h_organization` WHERE ( jl_id='41' )  [ RunTime:0.0004s ]
SQL: SELECT * FROM `h_organization` WHERE ( jl_id='41' ) ORDER BY id desc LIMIT 0,10   [ RunTime:0.0004s ]
INFO: [ view_parse ] --START--
INFO: [ template_filter ] --START--
INFO: Run Behavior\ContentReplaceBehavior [ RunTime:0.000081s ]
INFO: [ template_filter ] --END-- [ RunTime:0.000126s ]
INFO: Run Behavior\ParseTemplateBehavior [ RunTime:0.007947s ]
INFO: [ view_parse ] --END-- [ RunTime:0.007995s ]
INFO: [ view_filter ] --START--
INFO: Run Behavior\WriteHtmlCacheBehavior [ RunTime:0.000113s ]
INFO: [ view_filter ] --END-- [ RunTime:0.000142s ]
INFO: [ app_end ] --START--
INFO: Run Behavior\ShowPageTraceBehavior [ RunTime:0.000303s ]
INFO: [ app_end ] --END-- [ RunTime:0.000351s ]

[ 2018-04-03T17:31:38+08:00 ] 61.135.169.81 /heartwaves/index.php/Admin/Organizeconstruct/viewuser/id/47
INFO: [ app_init ] --START--
INFO: Run Behavior\BuildLiteBehavior [ RunTime:0.000014s ]
INFO: [ app_init ] --END-- [ RunTime:0.000249s ]
INFO: [ app_begin ] --START--
INFO: Run Behavior\ReadHtmlCacheBehavior [ RunTime:0.000273s ]
INFO: [ app_begin ] --END-- [ RunTime:0.000305s ]
SQL: SHOW COLUMNS FROM `h_organization` [ RunTime:0.0006s ]
SQL: SELECT `name` FROM `h_organization` WHERE ( id = '47' ) LIMIT 1   [ RunTime:0.0003s ]
SQL: SHOW COLUMNS FROM `h_user` [ RunTime:0.0006s ]
SQL: SELECT * FROM `h_user` WHERE ( groups = '小孩组' and jl_id='41' )  [ RunTime:0.0005s ]
SQL: SELECT * FROM `h_user` WHERE ( groups = '小孩组' ) LIMIT 0,10   [ RunTime:0.0004s ]
INFO: [ view_parse ] --START--
INFO: [ template_filter ] --START--
INFO: Run Behavior\ContentReplaceBehavior [ RunTime:0.000082s ]
INFO: [ template_filter ] --END-- [ RunTime:0.000136s ]
NOTIC: [8] Undefined index: observe /data/www/html/heartwaves/Application/Runtime/Cache/Admin/b3d4cd1552acd961880f8a339c459730.php 第 293 行.
NOTIC: [8] Undefined index: rember /data/www/html/heartwaves/Application/Runtime/Cache/Admin/b3d4cd1552acd961880f8a339c459730.php 第 294 行.
NOTIC: [8] Undefined index: emotion /data/www/html/heartwaves/Application/Runtime/Cache/Admin/b3d4cd1552acd961880f8a339c459730.php 第 295 行.
NOTIC: [8] Undefined index: willpower /data/www/html/heartwaves/Application/Runtime/Cache/Admin/b3d4cd1552acd961880f8a339c459730.php 第 296 行.
NOTIC: [8] Undefined index: thinking /data/www/html/heartwaves/Application/Runtime/Cache/Admin/b3d4cd1552acd961880f8a339c459730.php 第 297 行.
NOTIC: [8] Undefined index: observe /data/www/html/heartwaves/Application/Runtime/Cache/Admin/b3d4cd1552acd961880f8a339c459730.php 第 293 行.
NOTIC: [8] Undefined index: rember /data/www/html/heartwaves/Application/Runtime/Cache/Admin/b3d4cd1552acd961880f8a339c459730.php 第 294 行.
NOTIC: [8] Undefined index: emotion /data/www/html/heartwaves/Application/Runtime/Cache/Admin/b3d4cd1552acd961880f8a339c459730.php 第 295 行.
NOTIC: [8] Undefined index: willpower /data/www/html/heartwaves/Application/Runtime/Cache/Admin/b3d4cd1552acd961880f8a339c459730.php 第 296 行.
NOTIC: [8] Undefined index: thinking /data/www/html/heartwaves/Application/Runtime/Cache/Admin/b3d4cd1552acd961880f8a339c459730.php 第 297 行.
NOTIC: [8] Undefined index: observe /data/www/html/heartwaves/Application/Runtime/Cache/Admin/b3d4cd1552acd961880f8a339c459730.php 第 293 行.
NOTIC: [8] Undefined index: rember /data/www/html/heartwaves/Application/Runtime/Cache/Admin/b3d4cd1552acd961880f8a339c459730.php 第 294 行.
NOTIC: [8] Undefined index: emotion /data/www/html/heartwaves/Application/Runtime/Cache/Admin/b3d4cd1552acd961880f8a339c459730.php 第 295 行.
NOTIC: [8] Undefined index: willpower /data/www/html/heartwaves/Application/Runtime/Cache/Admin/b3d4cd1552acd961880f8a339c459730.php 第 296 行.
NOTIC: [8] Undefined index: thinking /data/www/html/heartwaves/Application/Runtime/Cache/Admin/b3d4cd1552acd961880f8a339c459730.php 第 297 行.
NOTIC: [8] Undefined index: observe /data/www/html/heartwaves/Application/Runtime/Cache/Admin/b3d4cd1552acd961880f8a339c459730.php 第 293 行.
NOTIC: [8] Undefined index: rember /data/www/html/heartwaves/Application/Runtime/Cache/Admin/b3d4cd1552acd961880f8a339c459730.php 第 294 行.
NOTIC: [8] Undefined index: emotion /data/www/html/heartwaves/Application/Runtime/Cache/Admin/b3d4cd1552acd961880f8a339c459730.php 第 295 行.
NOTIC: [8] Undefined index: willpower /data/www/html/heartwaves/Application/Runtime/Cache/Admin/b3d4cd1552acd961880f8a339c459730.php 第 296 行.
NOTIC: [8] Undefined index: thinking /data/www/html/heartwaves/Application/Runtime/Cache/Admin/b3d4cd1552acd961880f8a339c459730.php 第 297 行.
NOTIC: [8] Undefined index: observe /data/www/html/heartwaves/Application/Runtime/Cache/Admin/b3d4cd1552acd961880f8a339c459730.php 第 293 行.
NOTIC: [8] Undefined index: rember /data/www/html/heartwaves/Application/Runtime/Cache/Admin/b3d4cd1552acd961880f8a339c459730.php 第 294 行.
NOTIC: [8] Undefined index: emotion /data/www/html/heartwaves/Application/Runtime/Cache/Admin/b3d4cd1552acd961880f8a339c459730.php 第 295 行.
NOTIC: [8] Undefined index: willpower /data/www/html/heartwaves/Application/Runtime/Cache/Admin/b3d4cd1552acd961880f8a339c459730.php 第 296 行.
NOTIC: [8] Undefined index: thinking /data/www/html/heartwaves/Application/Runtime/Cache/Admin/b3d4cd1552acd961880f8a339c459730.php 第 297 行.
NOTIC: [8] Undefined index: observe /data/www/html/heartwaves/Application/Runtime/Cache/Admin/b3d4cd1552acd961880f8a339c459730.php 第 293 行.
NOTIC: [8] Undefined index: rember /data/www/html/heartwaves/Application/Runtime/Cache/Admin/b3d4cd1552acd961880f8a339c459730.php 第 294 行.
NOTIC: [8] Undefined index: emotion /data/www/html/heartwaves/Application/Runtime/Cache/Admin/b3d4cd1552acd961880f8a339c459730.php 第 295 行.
NOTIC: [8] Undefined index: willpower /data/www/html/heartwaves/Application/Runtime/Cache/Admin/b3d4cd1552acd961880f8a339c459730.php 第 296 行.
NOTIC: [8] Undefined index: thinking /data/www/html/heartwaves/Application/Runtime/Cache/Admin/b3d4cd1552acd961880f8a339c459730.php 第 297 行.
NOTIC: [8] Undefined index: observe /data/www/html/heartwaves/Application/Runtime/Cache/Admin/b3d4cd1552acd961880f8a339c459730.php 第 293 行.
NOTIC: [8] Undefined index: rember /data/www/html/heartwaves/Application/Runtime/Cache/Admin/b3d4cd1552acd961880f8a339c459730.php 第 294 行.
NOTIC: [8] Undefined index: emotion /data/www/html/heartwaves/Application/Runtime/Cache/Admin/b3d4cd1552acd961880f8a339c459730.php 第 295 行.
NOTIC: [8] Undefined index: willpower /data/www/html/heartwaves/Application/Runtime/Cache/Admin/b3d4cd1552acd961880f8a339c459730.php 第 296 行.
NOTIC: [8] Undefined index: thinking /data/www/html/heartwaves/Application/Runtime/Cache/Admin/b3d4cd1552acd961880f8a339c459730.php 第 297 行.
NOTIC: [8] Undefined index: observe /data/www/html/heartwaves/Application/Runtime/Cache/Admin/b3d4cd1552acd961880f8a339c459730.php 第 293 行.
NOTIC: [8] Undefined index: rember /data/www/html/heartwaves/Application/Runtime/Cache/Admin/b3d4cd1552acd961880f8a339c459730.php 第 294 行.
NOTIC: [8] Undefined index: emotion /data/www/html/heartwaves/Application/Runtime/Cache/Admin/b3d4cd1552acd961880f8a339c459730.php 第 295 行.
NOTIC: [8] Undefined index: willpower /data/www/html/heartwaves/Application/Runtime/Cache/Admin/b3d4cd1552acd961880f8a339c459730.php 第 296 行.
NOTIC: [8] Undefined index: thinking /data/www/html/heartwaves/Application/Runtime/Cache/Admin/b3d4cd1552acd961880f8a339c459730.php 第 297 行.
NOTIC: [8] Undefined index: observe /data/www/html/heartwaves/Application/Runtime/Cache/Admin/b3d4cd1552acd961880f8a339c459730.php 第 293 行.
NOTIC: [8] Undefined index: rember /data/www/html/heartwaves/Application/Runtime/Cache/Admin/b3d4cd1552acd961880f8a339c459730.php 第 294 行.
NOTIC: [8] Undefined index: emotion /data/www/html/heartwaves/Application/Runtime/Cache/Admin/b3d4cd1552acd961880f8a339c459730.php 第 295 行.
NOTIC: [8] Undefined index: willpower /data/www/html/heartwaves/Application/Runtime/Cache/Admin/b3d4cd1552acd961880f8a339c459730.php 第 296 行.
NOTIC: [8] Undefined index: thinking /data/www/html/heartwaves/Application/Runtime/Cache/Admin/b3d4cd1552acd961880f8a339c459730.php 第 297 行.
NOTIC: [8] Undefined index: observe /data/www/html/heartwaves/Application/Runtime/Cache/Admin/b3d4cd1552acd961880f8a339c459730.php 第 293 行.
NOTIC: [8] Undefined index: rember /data/www/html/heartwaves/Application/Runtime/Cache/Admin/b3d4cd1552acd961880f8a339c459730.php 第 294 行.
NOTIC: [8] Undefined index: emotion /data/www/html/heartwaves/Application/Runtime/Cache/Admin/b3d4cd1552acd961880f8a339c459730.php 第 295 行.
NOTIC: [8] Undefined index: willpower /data/www/html/heartwaves/Application/Runtime/Cache/Admin/b3d4cd1552acd961880f8a339c459730.php 第 296 行.
NOTIC: [8] Undefined index: thinking /data/www/html/heartwaves/Application/Runtime/Cache/Admin/b3d4cd1552acd961880f8a339c459730.php 第 297 行.
INFO: Run Behavior\ParseTemplateBehavior [ RunTime:0.010737s ]
INFO: [ view_parse ] --END-- [ RunTime:0.010773s ]
INFO: [ view_filter ] --START--
INFO: Run Behavior\WriteHtmlCacheBehavior [ RunTime:0.000128s ]
INFO: [ view_filter ] --END-- [ RunTime:0.000153s ]
INFO: [ app_end ] --START--
INFO: Run Behavior\ShowPageTraceBehavior [ RunTime:0.000296s ]
INFO: [ app_end ] --END-- [ RunTime:0.000353s ]

[ 2018-04-03T17:33:15+08:00 ] 61.135.169.81 /heartwaves/index.php/Admin/Organizeconstruct/viewuser/id/47
INFO: [ app_init ] --START--
INFO: Run Behavior\BuildLiteBehavior [ RunTime:0.000012s ]
INFO: [ app_init ] --END-- [ RunTime:0.000232s ]
INFO: [ app_begin ] --START--
INFO: Run Behavior\ReadHtmlCacheBehavior [ RunTime:0.000295s ]
INFO: [ app_begin ] --END-- [ RunTime:0.000334s ]
SQL: SHOW COLUMNS FROM `h_organization` [ RunTime:0.0006s ]
SQL: SELECT `name` FROM `h_organization` WHERE ( id = '47' ) LIMIT 1   [ RunTime:0.0003s ]
SQL: SHOW COLUMNS FROM `h_user` [ RunTime:0.0006s ]
SQL: SELECT * FROM `h_user` WHERE ( groups = '小孩组' and jl_id='41' )  [ RunTime:0.0005s ]
SQL: SELECT * FROM `h_user` WHERE ( groups = '小孩组' and jl_id='41' ) LIMIT 0,10   [ RunTime:0.0004s ]
INFO: [ view_parse ] --START--
INFO: [ template_filter ] --START--
INFO: Run Behavior\ContentReplaceBehavior [ RunTime:0.000080s ]
INFO: [ template_filter ] --END-- [ RunTime:0.000134s ]
NOTIC: [8] Undefined index: observe /data/www/html/heartwaves/Application/Runtime/Cache/Admin/b3d4cd1552acd961880f8a339c459730.php 第 293 行.
NOTIC: [8] Undefined index: rember /data/www/html/heartwaves/Application/Runtime/Cache/Admin/b3d4cd1552acd961880f8a339c459730.php 第 294 行.
NOTIC: [8] Undefined index: emotion /data/www/html/heartwaves/Application/Runtime/Cache/Admin/b3d4cd1552acd961880f8a339c459730.php 第 295 行.
NOTIC: [8] Undefined index: willpower /data/www/html/heartwaves/Application/Runtime/Cache/Admin/b3d4cd1552acd961880f8a339c459730.php 第 296 行.
NOTIC: [8] Undefined index: thinking /data/www/html/heartwaves/Application/Runtime/Cache/Admin/b3d4cd1552acd961880f8a339c459730.php 第 297 行.
NOTIC: [8] Undefined index: observe /data/www/html/heartwaves/Application/Runtime/Cache/Admin/b3d4cd1552acd961880f8a339c459730.php 第 293 行.
NOTIC: [8] Undefined index: rember /data/www/html/heartwaves/Application/Runtime/Cache/Admin/b3d4cd1552acd961880f8a339c459730.php 第 294 行.
NOTIC: [8] Undefined index: emotion /data/www/html/heartwaves/Application/Runtime/Cache/Admin/b3d4cd1552acd961880f8a339c459730.php 第 295 行.
NOTIC: [8] Undefined index: willpower /data/www/html/heartwaves/Application/Runtime/Cache/Admin/b3d4cd1552acd961880f8a339c459730.php 第 296 行.
NOTIC: [8] Undefined index: thinking /data/www/html/heartwaves/Application/Runtime/Cache/Admin/b3d4cd1552acd961880f8a339c459730.php 第 297 行.
NOTIC: [8] Undefined index: observe /data/www/html/heartwaves/Application/Runtime/Cache/Admin/b3d4cd1552acd961880f8a339c459730.php 第 293 行.
NOTIC: [8] Undefined index: rember /data/www/html/heartwaves/Application/Runtime/Cache/Admin/b3d4cd1552acd961880f8a339c459730.php 第 294 行.
NOTIC: [8] Undefined index: emotion /data/www/html/heartwaves/Application/Runtime/Cache/Admin/b3d4cd1552acd961880f8a339c459730.php 第 295 行.
NOTIC: [8] Undefined index: willpower /data/www/html/heartwaves/Application/Runtime/Cache/Admin/b3d4cd1552acd961880f8a339c459730.php 第 296 行.
NOTIC: [8] Undefined index: thinking /data/www/html/heartwaves/Application/Runtime/Cache/Admin/b3d4cd1552acd961880f8a339c459730.php 第 297 行.
NOTIC: [8] Undefined index: observe /data/www/html/heartwaves/Application/Runtime/Cache/Admin/b3d4cd1552acd961880f8a339c459730.php 第 293 行.
NOTIC: [8] Undefined index: rember /data/www/html/heartwaves/Application/Runtime/Cache/Admin/b3d4cd1552acd961880f8a339c459730.php 第 294 行.
NOTIC: [8] Undefined index: emotion /data/www/html/heartwaves/Application/Runtime/Cache/Admin/b3d4cd1552acd961880f8a339c459730.php 第 295 行.
NOTIC: [8] Undefined index: willpower /data/www/html/heartwaves/Application/Runtime/Cache/Admin/b3d4cd1552acd961880f8a339c459730.php 第 296 行.
NOTIC: [8] Undefined index: thinking /data/www/html/heartwaves/Application/Runtime/Cache/Admin/b3d4cd1552acd961880f8a339c459730.php 第 297 行.
NOTIC: [8] Undefined index: observe /data/www/html/heartwaves/Application/Runtime/Cache/Admin/b3d4cd1552acd961880f8a339c459730.php 第 293 行.
NOTIC: [8] Undefined index: rember /data/www/html/heartwaves/Application/Runtime/Cache/Admin/b3d4cd1552acd961880f8a339c459730.php 第 294 行.
NOTIC: [8] Undefined index: emotion /data/www/html/heartwaves/Application/Runtime/Cache/Admin/b3d4cd1552acd961880f8a339c459730.php 第 295 行.
NOTIC: [8] Undefined index: willpower /data/www/html/heartwaves/Application/Runtime/Cache/Admin/b3d4cd1552acd961880f8a339c459730.php 第 296 行.
NOTIC: [8] Undefined index: thinking /data/www/html/heartwaves/Application/Runtime/Cache/Admin/b3d4cd1552acd961880f8a339c459730.php 第 297 行.
INFO: Run Behavior\ParseTemplateBehavior [ RunTime:0.010704s ]
INFO: [ view_parse ] --END-- [ RunTime:0.010737s ]
INFO: [ view_filter ] --START--
INFO: Run Behavior\WriteHtmlCacheBehavior [ RunTime:0.000121s ]
INFO: [ view_filter ] --END-- [ RunTime:0.000151s ]
INFO: [ app_end ] --START--
INFO: Run Behavior\ShowPageTraceBehavior [ RunTime:0.000340s ]
INFO: [ app_end ] --END-- [ RunTime:0.000372s ]

[ 2018-04-03T17:33:18+08:00 ] 61.135.169.81 /heartwaves/index.php?m=Admin&c=Organizeconstruct&a=orgmanager
INFO: [ app_init ] --START--
INFO: Run Behavior\BuildLiteBehavior [ RunTime:0.000015s ]
INFO: [ app_init ] --END-- [ RunTime:0.000212s ]
INFO: [ app_begin ] --START--
INFO: Run Behavior\ReadHtmlCacheBehavior [ RunTime:0.000297s ]
INFO: [ app_begin ] --END-- [ RunTime:0.000336s ]
SQL: SHOW COLUMNS FROM `h_organization` [ RunTime:0.0006s ]
SQL: SELECT * FROM `h_organization` WHERE ( jl_id='41' )  [ RunTime:0.0004s ]
SQL: SELECT * FROM `h_organization` WHERE ( jl_id='41' ) ORDER BY id desc LIMIT 0,10   [ RunTime:0.0003s ]
INFO: [ view_parse ] --START--
INFO: [ template_filter ] --START--
INFO: Run Behavior\ContentReplaceBehavior [ RunTime:0.000075s ]
INFO: [ template_filter ] --END-- [ RunTime:0.000122s ]
INFO: Run Behavior\ParseTemplateBehavior [ RunTime:0.008785s ]
INFO: [ view_parse ] --END-- [ RunTime:0.008823s ]
INFO: [ view_filter ] --START--
INFO: Run Behavior\WriteHtmlCacheBehavior [ RunTime:0.000104s ]
INFO: [ view_filter ] --END-- [ RunTime:0.000129s ]
INFO: [ app_end ] --START--
INFO: Run Behavior\ShowPageTraceBehavior [ RunTime:0.000387s ]
INFO: [ app_end ] --END-- [ RunTime:0.000419s ]

[ 2018-04-03T17:33:19+08:00 ] 61.135.169.81 /heartwaves/index.php?m=Admin&c=Organizeconstruct&a=usermanager
INFO: [ app_init ] --START--
INFO: Run Behavior\BuildLiteBehavior [ RunTime:0.000013s ]
INFO: [ app_init ] --END-- [ RunTime:0.000205s ]
INFO: [ app_begin ] --START--
INFO: Run Behavior\ReadHtmlCacheBehavior [ RunTime:0.000251s ]
INFO: [ app_begin ] --END-- [ RunTime:0.000283s ]
SQL: SHOW COLUMNS FROM `h_user` [ RunTime:0.0008s ]
NOTIC: [8] Use of undefined constant id - assumed 'id' /data/www/html/heartwaves/Application/Admin/Controller/OrganizeconstructController.class.php 第 9 行.
SQL: SELECT * FROM `h_user` WHERE ( jl_id='41' ) ORDER BY id desc  [ RunTime:0.0007s ]
SQL: SELECT * FROM `h_user` WHERE ( jl_id='41' ) ORDER BY id desc LIMIT 0,10   [ RunTime:0.0006s ]
SQL: SHOW COLUMNS FROM `h_organization` [ RunTime:0.0005s ]
SQL: SELECT `name`,`id` FROM `h_organization` WHERE ( jl_id='41' )  [ RunTime:0.0004s ]
INFO: [ view_parse ] --START--
INFO: [ template_filter ] --START--
INFO: Run Behavior\ContentReplaceBehavior [ RunTime:0.000089s ]
INFO: [ template_filter ] --END-- [ RunTime:0.000139s ]
NOTIC: [8] Undefined index: observe /data/www/html/heartwaves/Application/Runtime/Cache/Admin/6ea1f592fe4813594e02d8c7efd3f0ef.php 第 309 行.
NOTIC: [8] Undefined index: rember /data/www/html/heartwaves/Application/Runtime/Cache/Admin/6ea1f592fe4813594e02d8c7efd3f0ef.php 第 310 行.
NOTIC: [8] Undefined index: emotion /data/www/html/heartwaves/Application/Runtime/Cache/Admin/6ea1f592fe4813594e02d8c7efd3f0ef.php 第 311 行.
NOTIC: [8] Undefined index: willpower /data/www/html/heartwaves/Application/Runtime/Cache/Admin/6ea1f592fe4813594e02d8c7efd3f0ef.php 第 312 行.
NOTIC: [8] Undefined index: thinking /data/www/html/heartwaves/Application/Runtime/Cache/Admin/6ea1f592fe4813594e02d8c7efd3f0ef.php 第 313 行.
NOTIC: [8] Undefined index: observe /data/www/html/heartwaves/Application/Runtime/Cache/Admin/6ea1f592fe4813594e02d8c7efd3f0ef.php 第 309 行.
NOTIC: [8] Undefined index: rember /data/www/html/heartwaves/Application/Runtime/Cache/Admin/6ea1f592fe4813594e02d8c7efd3f0ef.php 第 310 行.
NOTIC: [8] Undefined index: emotion /data/www/html/heartwaves/Application/Runtime/Cache/Admin/6ea1f592fe4813594e02d8c7efd3f0ef.php 第 311 行.
NOTIC: [8] Undefined index: willpower /data/www/html/heartwaves/Application/Runtime/Cache/Admin/6ea1f592fe4813594e02d8c7efd3f0ef.php 第 312 行.
NOTIC: [8] Undefined index: thinking /data/www/html/heartwaves/Application/Runtime/Cache/Admin/6ea1f592fe4813594e02d8c7efd3f0ef.php 第 313 行.
NOTIC: [8] Undefined index: observe /data/www/html/heartwaves/Application/Runtime/Cache/Admin/6ea1f592fe4813594e02d8c7efd3f0ef.php 第 309 行.
NOTIC: [8] Undefined index: rember /data/www/html/heartwaves/Application/Runtime/Cache/Admin/6ea1f592fe4813594e02d8c7efd3f0ef.php 第 310 行.
NOTIC: [8] Undefined index: emotion /data/www/html/heartwaves/Application/Runtime/Cache/Admin/6ea1f592fe4813594e02d8c7efd3f0ef.php 第 311 行.
NOTIC: [8] Undefined index: willpower /data/www/html/heartwaves/Application/Runtime/Cache/Admin/6ea1f592fe4813594e02d8c7efd3f0ef.php 第 312 行.
NOTIC: [8] Undefined index: thinking /data/www/html/heartwaves/Application/Runtime/Cache/Admin/6ea1f592fe4813594e02d8c7efd3f0ef.php 第 313 行.
NOTIC: [8] Undefined index: observe /data/www/html/heartwaves/Application/Runtime/Cache/Admin/6ea1f592fe4813594e02d8c7efd3f0ef.php 第 309 行.
NOTIC: [8] Undefined index: rember /data/www/html/heartwaves/Application/Runtime/Cache/Admin/6ea1f592fe4813594e02d8c7efd3f0ef.php 第 310 行.
NOTIC: [8] Undefined index: emotion /data/www/html/heartwaves/Application/Runtime/Cache/Admin/6ea1f592fe4813594e02d8c7efd3f0ef.php 第 311 行.
NOTIC: [8] Undefined index: willpower /data/www/html/heartwaves/Application/Runtime/Cache/Admin/6ea1f592fe4813594e02d8c7efd3f0ef.php 第 312 行.
NOTIC: [8] Undefined index: thinking /data/www/html/heartwaves/Application/Runtime/Cache/Admin/6ea1f592fe4813594e02d8c7efd3f0ef.php 第 313 行.
NOTIC: [8] Undefined index: observe /data/www/html/heartwaves/Application/Runtime/Cache/Admin/6ea1f592fe4813594e02d8c7efd3f0ef.php 第 309 行.
NOTIC: [8] Undefined index: rember /data/www/html/heartwaves/Application/Runtime/Cache/Admin/6ea1f592fe4813594e02d8c7efd3f0ef.php 第 310 行.
NOTIC: [8] Undefined index: emotion /data/www/html/heartwaves/Application/Runtime/Cache/Admin/6ea1f592fe4813594e02d8c7efd3f0ef.php 第 311 行.
NOTIC: [8] Undefined index: willpower /data/www/html/heartwaves/Application/Runtime/Cache/Admin/6ea1f592fe4813594e02d8c7efd3f0ef.php 第 312 行.
NOTIC: [8] Undefined index: thinking /data/www/html/heartwaves/Application/Runtime/Cache/Admin/6ea1f592fe4813594e02d8c7efd3f0ef.php 第 313 行.
INFO: Run Behavior\ParseTemplateBehavior [ RunTime:0.011296s ]
INFO: [ view_parse ] --END-- [ RunTime:0.011330s ]
INFO: [ view_filter ] --START--
INFO: Run Behavior\WriteHtmlCacheBehavior [ RunTime:0.000148s ]
INFO: [ view_filter ] --END-- [ RunTime:0.000183s ]
INFO: [ app_end ] --START--
INFO: Run Behavior\ShowPageTraceBehavior [ RunTime:0.000305s ]
INFO: [ app_end ] --END-- [ RunTime:0.000336s ]

[ 2018-04-03T17:33:21+08:00 ] 61.135.169.81 /heartwaves/index.php?m=Admin&c=Organizeconstruct&a=orgmanager
INFO: [ app_init ] --START--
INFO: Run Behavior\BuildLiteBehavior [ RunTime:0.000013s ]
INFO: [ app_init ] --END-- [ RunTime:0.000229s ]
INFO: [ app_begin ] --START--
INFO: Run Behavior\ReadHtmlCacheBehavior [ RunTime:0.000251s ]
INFO: [ app_begin ] --END-- [ RunTime:0.000281s ]
SQL: SHOW COLUMNS FROM `h_organization` [ RunTime:0.0006s ]
SQL: SELECT * FROM `h_organization` WHERE ( jl_id='41' )  [ RunTime:0.0004s ]
SQL: SELECT * FROM `h_organization` WHERE ( jl_id='41' ) ORDER BY id desc LIMIT 0,10   [ RunTime:0.0004s ]
INFO: [ view_parse ] --START--
INFO: [ template_filter ] --START--
INFO: Run Behavior\ContentReplaceBehavior [ RunTime:0.000093s ]
INFO: [ template_filter ] --END-- [ RunTime:0.000159s ]
INFO: Run Behavior\ParseTemplateBehavior [ RunTime:0.008808s ]
INFO: [ view_parse ] --END-- [ RunTime:0.008846s ]
INFO: [ view_filter ] --START--
INFO: Run Behavior\WriteHtmlCacheBehavior [ RunTime:0.000103s ]
INFO: [ view_filter ] --END-- [ RunTime:0.000129s ]
INFO: [ app_end ] --START--
INFO: Run Behavior\ShowPageTraceBehavior [ RunTime:0.000333s ]
INFO: [ app_end ] --END-- [ RunTime:0.000371s ]

[ 2018-04-03T17:33:22+08:00 ] 61.135.169.81 /heartwaves/index.php/Admin/Organizeconstruct/viewuser/id/47
INFO: [ app_init ] --START--
INFO: Run Behavior\BuildLiteBehavior [ RunTime:0.000012s ]
INFO: [ app_init ] --END-- [ RunTime:0.000203s ]
INFO: [ app_begin ] --START--
INFO: Run Behavior\ReadHtmlCacheBehavior [ RunTime:0.000251s ]
INFO: [ app_begin ] --END-- [ RunTime:0.000283s ]
SQL: SHOW COLUMNS FROM `h_organization` [ RunTime:0.0006s ]
SQL: SELECT `name` FROM `h_organization` WHERE ( id = '47' ) LIMIT 1   [ RunTime:0.0004s ]
SQL: SHOW COLUMNS FROM `h_user` [ RunTime:0.0006s ]
SQL: SELECT * FROM `h_user` WHERE ( groups = '小孩组' and jl_id='41' )  [ RunTime:0.0005s ]
SQL: SELECT * FROM `h_user` WHERE ( groups = '小孩组' and jl_id='41' ) LIMIT 0,10   [ RunTime:0.0005s ]
INFO: [ view_parse ] --START--
INFO: [ template_filter ] --START--
INFO: Run Behavior\ContentReplaceBehavior [ RunTime:0.000086s ]
INFO: [ template_filter ] --END-- [ RunTime:0.000140s ]
NOTIC: [8] Undefined index: observe /data/www/html/heartwaves/Application/Runtime/Cache/Admin/b3d4cd1552acd961880f8a339c459730.php 第 293 行.
NOTIC: [8] Undefined index: rember /data/www/html/heartwaves/Application/Runtime/Cache/Admin/b3d4cd1552acd961880f8a339c459730.php 第 294 行.
NOTIC: [8] Undefined index: emotion /data/www/html/heartwaves/Application/Runtime/Cache/Admin/b3d4cd1552acd961880f8a339c459730.php 第 295 行.
NOTIC: [8] Undefined index: willpower /data/www/html/heartwaves/Application/Runtime/Cache/Admin/b3d4cd1552acd961880f8a339c459730.php 第 296 行.
NOTIC: [8] Undefined index: thinking /data/www/html/heartwaves/Application/Runtime/Cache/Admin/b3d4cd1552acd961880f8a339c459730.php 第 297 行.
NOTIC: [8] Undefined index: observe /data/www/html/heartwaves/Application/Runtime/Cache/Admin/b3d4cd1552acd961880f8a339c459730.php 第 293 行.
NOTIC: [8] Undefined index: rember /data/www/html/heartwaves/Application/Runtime/Cache/Admin/b3d4cd1552acd961880f8a339c459730.php 第 294 行.
NOTIC: [8] Undefined index: emotion /data/www/html/heartwaves/Application/Runtime/Cache/Admin/b3d4cd1552acd961880f8a339c459730.php 第 295 行.
NOTIC: [8] Undefined index: willpower /data/www/html/heartwaves/Application/Runtime/Cache/Admin/b3d4cd1552acd961880f8a339c459730.php 第 296 行.
NOTIC: [8] Undefined index: thinking /data/www/html/heartwaves/Application/Runtime/Cache/Admin/b3d4cd1552acd961880f8a339c459730.php 第 297 行.
NOTIC: [8] Undefined index: observe /data/www/html/heartwaves/Application/Runtime/Cache/Admin/b3d4cd1552acd961880f8a339c459730.php 第 293 行.
NOTIC: [8] Undefined index: rember /data/www/html/heartwaves/Application/Runtime/Cache/Admin/b3d4cd1552acd961880f8a339c459730.php 第 294 行.
NOTIC: [8] Undefined index: emotion /data/www/html/heartwaves/Application/Runtime/Cache/Admin/b3d4cd1552acd961880f8a339c459730.php 第 295 行.
NOTIC: [8] Undefined index: willpower /data/www/html/heartwaves/Application/Runtime/Cache/Admin/b3d4cd1552acd961880f8a339c459730.php 第 296 行.
NOTIC: [8] Undefined index: thinking /data/www/html/heartwaves/Application/Runtime/Cache/Admin/b3d4cd1552acd961880f8a339c459730.php 第 297 行.
NOTIC: [8] Undefined index: observe /data/www/html/heartwaves/Application/Runtime/Cache/Admin/b3d4cd1552acd961880f8a339c459730.php 第 293 行.
NOTIC: [8] Undefined index: rember /data/www/html/heartwaves/Application/Runtime/Cache/Admin/b3d4cd1552acd961880f8a339c459730.php 第 294 行.
NOTIC: [8] Undefined index: emotion /data/www/html/heartwaves/Application/Runtime/Cache/Admin/b3d4cd1552acd961880f8a339c459730.php 第 295 行.
NOTIC: [8] Undefined index: willpower /data/www/html/heartwaves/Application/Runtime/Cache/Admin/b3d4cd1552acd961880f8a339c459730.php 第 296 行.
NOTIC: [8] Undefined index: thinking /data/www/html/heartwaves/Application/Runtime/Cache/Admin/b3d4cd1552acd961880f8a339c459730.php 第 297 行.
NOTIC: [8] Undefined index: observe /data/www/html/heartwaves/Application/Runtime/Cache/Admin/b3d4cd1552acd961880f8a339c459730.php 第 293 行.
NOTIC: [8] Undefined index: rember /data/www/html/heartwaves/Application/Runtime/Cache/Admin/b3d4cd1552acd961880f8a339c459730.php 第 294 行.
NOTIC: [8] Undefined index: emotion /data/www/html/heartwaves/Application/Runtime/Cache/Admin/b3d4cd1552acd961880f8a339c459730.php 第 295 行.
NOTIC: [8] Undefined index: willpower /data/www/html/heartwaves/Application/Runtime/Cache/Admin/b3d4cd1552acd961880f8a339c459730.php 第 296 行.
NOTIC: [8] Undefined index: thinking /data/www/html/heartwaves/Application/Runtime/Cache/Admin/b3d4cd1552acd961880f8a339c459730.php 第 297 行.
INFO: Run Behavior\ParseTemplateBehavior [ RunTime:0.010256s ]
INFO: [ view_parse ] --END-- [ RunTime:0.010290s ]
INFO: [ view_filter ] --START--
INFO: Run Behavior\WriteHtmlCacheBehavior [ RunTime:0.000103s ]
INFO: [ view_filter ] --END-- [ RunTime:0.000126s ]
INFO: [ app_end ] --START--
INFO: Run Behavior\ShowPageTraceBehavior [ RunTime:0.000289s ]
INFO: [ app_end ] --END-- [ RunTime:0.000321s ]

